[0.097s] DEBUG:colcon:Command line arguments: ['/usr/bin/colcon', 'build', '--packages-select', 'so100_ioc_pipeline', '--symlink-install']
[0.097s] DEBUG:colcon:Parsed command line arguments: Namespace(log_base=None, log_level=None, verb_name='build', build_base='build', install_base='install', merge_install=False, symlink_install=True, test_result_base=None, continue_on_error=False, executor='parallel', parallel_workers=22, event_handlers=None, ignore_user_meta=False, metas=['./colcon.meta'], base_paths=['.'], packages_ignore=None, packages_ignore_regex=None, paths=None, packages_up_to=None, packages_up_to_regex=None, packages_above=None, packages_above_and_dependencies=None, packages_above_depth=None, packages_select_by_dep=None, packages_skip_by_dep=None, packages_skip_up_to=None, packages_select_build_failed=False, packages_skip_build_finished=False, packages_select_test_failures=False, packages_skip_test_passed=False, packages_select=['so100_ioc_pipeline'], packages_skip=None, packages_select_regex=None, packages_skip_regex=None, packages_start=None, packages_end=None, cmake_args=None, cmake_target=None, cmake_target_skip_unavailable=False, cmake_clean_cache=False, cmake_clean_first=False, cmake_force_configure=False, ament_cmake_args=None, catkin_cmake_args=None, catkin_skip_building_tests=False, mixin_files=None, mixin=None, verb_parser=<colcon_mixin.mixin.mixin_argument.MixinArgumentDecorator object at 0x7db3f1e05160>, verb_extension=<colcon_core.verb.build.BuildVerb object at 0x7db3f1db6cc0>, main=<bound method BuildVerb.main of <colcon_core.verb.build.BuildVerb object at 0x7db3f1db6cc0>>, mixin_verb=('build',))
[0.135s] Level 1:colcon.colcon_core.package_discovery:discover_packages(colcon_meta) check parameters
[0.136s] INFO:colcon.colcon_metadata.package_discovery.colcon_meta:Using configuration from '/root/.colcon/metadata/default/Gazebo.meta'
[0.136s] INFO:colcon.colcon_metadata.package_discovery.colcon_meta:Using configuration from '/root/.colcon/metadata/default/fastdds.meta'
[0.137s] INFO:colcon.colcon_metadata.package_discovery.colcon_meta:Using configuration from '/root/.colcon/metadata/default/fastrtps.meta'
[0.137s] Level 1:colcon.colcon_core.package_discovery:discover_packages(recursive) check parameters
[0.137s] Level 1:colcon.colcon_core.package_discovery:discover_packages(ignore) check parameters
[0.137s] Level 1:colcon.colcon_core.package_discovery:discover_packages(path) check parameters
[0.137s] Level 1:colcon.colcon_core.package_discovery:discover_packages(colcon_meta) discover
[0.137s] Level 1:colcon.colcon_core.package_discovery:discover_packages(recursive) discover
[0.137s] INFO:colcon.colcon_core.package_discovery:Crawling recursively for packages in '/root/so100_ws'
[0.137s] Level 1:colcon.colcon_core.package_identification:_identify(.) by extensions ['ignore', 'ignore_ament_install']
[0.137s] Level 1:colcon.colcon_core.package_identification:_identify(.) by extension 'ignore'
[0.137s] Level 1:colcon.colcon_core.package_identification:_identify(.) by extension 'ignore_ament_install'
[0.137s] Level 1:colcon.colcon_core.package_identification:_identify(.) by extensions ['colcon_pkg']
[0.137s] Level 1:colcon.colcon_core.package_identification:_identify(.) by extension 'colcon_pkg'
[0.137s] Level 1:colcon.colcon_core.package_identification:_identify(.) by extensions ['colcon_meta']
[0.137s] Level 1:colcon.colcon_core.package_identification:_identify(.) by extension 'colcon_meta'
[0.137s] Level 1:colcon.colcon_core.package_identification:_identify(.) by extensions ['ros']
[0.137s] Level 1:colcon.colcon_core.package_identification:_identify(.) by extension 'ros'
[0.163s] Level 1:colcon.colcon_core.package_identification:_identify(.) by extensions ['cmake', 'python']
[0.163s] Level 1:colcon.colcon_core.package_identification:_identify(.) by extension 'cmake'
[0.163s] Level 1:colcon.colcon_core.package_identification:_identify(.) by extension 'python'
[0.163s] Level 1:colcon.colcon_core.package_identification:_identify(.) by extensions ['python_setup_py']
[0.163s] Level 1:colcon.colcon_core.package_identification:_identify(.) by extension 'python_setup_py'
[0.163s] Level 1:colcon.colcon_core.package_identification:_identify(build) by extensions ['ignore', 'ignore_ament_install']
[0.163s] Level 1:colcon.colcon_core.package_identification:_identify(build) by extension 'ignore'
[0.163s] Level 1:colcon.colcon_core.package_identification:_identify(build) ignored
[0.163s] Level 1:colcon.colcon_core.package_identification:_identify(install) by extensions ['ignore', 'ignore_ament_install']
[0.163s] Level 1:colcon.colcon_core.package_identification:_identify(install) by extension 'ignore'
[0.163s] Level 1:colcon.colcon_core.package_identification:_identify(install) ignored
[0.164s] Level 1:colcon.colcon_core.package_identification:_identify(log) by extensions ['ignore', 'ignore_ament_install']
[0.164s] Level 1:colcon.colcon_core.package_identification:_identify(log) by extension 'ignore'
[0.164s] Level 1:colcon.colcon_core.package_identification:_identify(log) ignored
[0.164s] Level 1:colcon.colcon_core.package_identification:_identify(so100_ioc) by extensions ['ignore', 'ignore_ament_install']
[0.164s] Level 1:colcon.colcon_core.package_identification:_identify(so100_ioc) by extension 'ignore'
[0.164s] Level 1:colcon.colcon_core.package_identification:_identify(so100_ioc) by extension 'ignore_ament_install'
[0.164s] Level 1:colcon.colcon_core.package_identification:_identify(so100_ioc) by extensions ['colcon_pkg']
[0.164s] Level 1:colcon.colcon_core.package_identification:_identify(so100_ioc) by extension 'colcon_pkg'
[0.164s] Level 1:colcon.colcon_core.package_identification:_identify(so100_ioc) by extensions ['colcon_meta']
[0.164s] Level 1:colcon.colcon_core.package_identification:_identify(so100_ioc) by extension 'colcon_meta'
[0.164s] Level 1:colcon.colcon_core.package_identification:_identify(so100_ioc) by extensions ['ros']
[0.164s] Level 1:colcon.colcon_core.package_identification:_identify(so100_ioc) by extension 'ros'
[0.164s] Level 1:colcon.colcon_core.package_identification:_identify(so100_ioc) by extensions ['cmake', 'python']
[0.164s] Level 1:colcon.colcon_core.package_identification:_identify(so100_ioc) by extension 'cmake'
[0.164s] Level 1:colcon.colcon_core.package_identification:_identify(so100_ioc) by extension 'python'
[0.164s] Level 1:colcon.colcon_core.package_identification:_identify(so100_ioc) by extensions ['python_setup_py']
[0.164s] Level 1:colcon.colcon_core.package_identification:_identify(so100_ioc) by extension 'python_setup_py'
[0.164s] Level 1:colcon.colcon_core.package_identification:_identify(so101_ioc) by extensions ['ignore', 'ignore_ament_install']
[0.164s] Level 1:colcon.colcon_core.package_identification:_identify(so101_ioc) by extension 'ignore'
[0.164s] Level 1:colcon.colcon_core.package_identification:_identify(so101_ioc) by extension 'ignore_ament_install'
[0.164s] Level 1:colcon.colcon_core.package_identification:_identify(so101_ioc) by extensions ['colcon_pkg']
[0.164s] Level 1:colcon.colcon_core.package_identification:_identify(so101_ioc) by extension 'colcon_pkg'
[0.164s] Level 1:colcon.colcon_core.package_identification:_identify(so101_ioc) by extensions ['colcon_meta']
[0.164s] Level 1:colcon.colcon_core.package_identification:_identify(so101_ioc) by extension 'colcon_meta'
[0.164s] Level 1:colcon.colcon_core.package_identification:_identify(so101_ioc) by extensions ['ros']
[0.164s] Level 1:colcon.colcon_core.package_identification:_identify(so101_ioc) by extension 'ros'
[0.164s] Level 1:colcon.colcon_core.package_identification:_identify(so101_ioc) by extensions ['cmake', 'python']
[0.165s] Level 1:colcon.colcon_core.package_identification:_identify(so101_ioc) by extension 'cmake'
[0.165s] Level 1:colcon.colcon_core.package_identification:_identify(so101_ioc) by extension 'python'
[0.165s] Level 1:colcon.colcon_core.package_identification:_identify(so101_ioc) by extensions ['python_setup_py']
[0.165s] Level 1:colcon.colcon_core.package_identification:_identify(so101_ioc) by extension 'python_setup_py'
[0.165s] Level 1:colcon.colcon_core.package_identification:_identify(src) by extensions ['ignore', 'ignore_ament_install']
[0.165s] Level 1:colcon.colcon_core.package_identification:_identify(src) by extension 'ignore'
[0.165s] Level 1:colcon.colcon_core.package_identification:_identify(src) by extension 'ignore_ament_install'
[0.165s] Level 1:colcon.colcon_core.package_identification:_identify(src) by extensions ['colcon_pkg']
[0.165s] Level 1:colcon.colcon_core.package_identification:_identify(src) by extension 'colcon_pkg'
[0.165s] Level 1:colcon.colcon_core.package_identification:_identify(src) by extensions ['colcon_meta']
[0.165s] Level 1:colcon.colcon_core.package_identification:_identify(src) by extension 'colcon_meta'
[0.165s] Level 1:colcon.colcon_core.package_identification:_identify(src) by extensions ['ros']
[0.165s] Level 1:colcon.colcon_core.package_identification:_identify(src) by extension 'ros'
[0.165s] Level 1:colcon.colcon_core.package_identification:_identify(src) by extensions ['cmake', 'python']
[0.165s] Level 1:colcon.colcon_core.package_identification:_identify(src) by extension 'cmake'
[0.165s] Level 1:colcon.colcon_core.package_identification:_identify(src) by extension 'python'
[0.165s] Level 1:colcon.colcon_core.package_identification:_identify(src) by extensions ['python_setup_py']
[0.165s] Level 1:colcon.colcon_core.package_identification:_identify(src) by extension 'python_setup_py'
[0.165s] Level 1:colcon.colcon_core.package_identification:_identify(src/SO-100-arm) by extensions ['ignore', 'ignore_ament_install']
[0.165s] Level 1:colcon.colcon_core.package_identification:_identify(src/SO-100-arm) by extension 'ignore'
[0.165s] Level 1:colcon.colcon_core.package_identification:_identify(src/SO-100-arm) by extension 'ignore_ament_install'
[0.165s] Level 1:colcon.colcon_core.package_identification:_identify(src/SO-100-arm) by extensions ['colcon_pkg']
[0.165s] Level 1:colcon.colcon_core.package_identification:_identify(src/SO-100-arm) by extension 'colcon_pkg'
[0.165s] Level 1:colcon.colcon_core.package_identification:_identify(src/SO-100-arm) by extensions ['colcon_meta']
[0.165s] Level 1:colcon.colcon_core.package_identification:_identify(src/SO-100-arm) by extension 'colcon_meta'
[0.165s] Level 1:colcon.colcon_core.package_identification:_identify(src/SO-100-arm) by extensions ['ros']
[0.165s] Level 1:colcon.colcon_core.package_identification:_identify(src/SO-100-arm) by extension 'ros'
[0.168s] DEBUG:colcon.colcon_core.package_identification:Package 'src/SO-100-arm' with type 'ros.ament_cmake' and name 'so_100_arm'
[0.168s] Level 1:colcon.colcon_core.package_identification:_identify(src/so100_2dof_bringup) by extensions ['ignore', 'ignore_ament_install']
[0.168s] Level 1:colcon.colcon_core.package_identification:_identify(src/so100_2dof_bringup) by extension 'ignore'
[0.168s] Level 1:colcon.colcon_core.package_identification:_identify(src/so100_2dof_bringup) by extension 'ignore_ament_install'
[0.168s] Level 1:colcon.colcon_core.package_identification:_identify(src/so100_2dof_bringup) by extensions ['colcon_pkg']
[0.168s] Level 1:colcon.colcon_core.package_identification:_identify(src/so100_2dof_bringup) by extension 'colcon_pkg'
[0.168s] Level 1:colcon.colcon_core.package_identification:_identify(src/so100_2dof_bringup) by extensions ['colcon_meta']
[0.168s] Level 1:colcon.colcon_core.package_identification:_identify(src/so100_2dof_bringup) by extension 'colcon_meta'
[0.168s] Level 1:colcon.colcon_core.package_identification:_identify(src/so100_2dof_bringup) by extensions ['ros']
[0.168s] Level 1:colcon.colcon_core.package_identification:_identify(src/so100_2dof_bringup) by extension 'ros'
[0.168s] DEBUG:colcon.colcon_core.package_identification:Package 'src/so100_2dof_bringup' with type 'ros.ament_python' and name 'so100_2dof_bringup'
[0.168s] Level 1:colcon.colcon_core.package_identification:_identify(src/so100_ioc_pipeline) by extensions ['ignore', 'ignore_ament_install']
[0.169s] Level 1:colcon.colcon_core.package_identification:_identify(src/so100_ioc_pipeline) by extension 'ignore'
[0.169s] Level 1:colcon.colcon_core.package_identification:_identify(src/so100_ioc_pipeline) by extension 'ignore_ament_install'
[0.169s] Level 1:colcon.colcon_core.package_identification:_identify(src/so100_ioc_pipeline) by extensions ['colcon_pkg']
[0.169s] Level 1:colcon.colcon_core.package_identification:_identify(src/so100_ioc_pipeline) by extension 'colcon_pkg'
[0.169s] Level 1:colcon.colcon_core.package_identification:_identify(src/so100_ioc_pipeline) by extensions ['colcon_meta']
[0.169s] Level 1:colcon.colcon_core.package_identification:_identify(src/so100_ioc_pipeline) by extension 'colcon_meta'
[0.169s] Level 1:colcon.colcon_core.package_identification:_identify(src/so100_ioc_pipeline) by extensions ['ros']
[0.169s] Level 1:colcon.colcon_core.package_identification:_identify(src/so100_ioc_pipeline) by extension 'ros'
[0.169s] DEBUG:colcon.colcon_core.package_identification:Package 'src/so100_ioc_pipeline' with type 'ros.ament_python' and name 'so100_ioc_pipeline'
[0.169s] Level 1:colcon.colcon_core.package_identification:_identify(src/so100_lqr) by extensions ['ignore', 'ignore_ament_install']
[0.169s] Level 1:colcon.colcon_core.package_identification:_identify(src/so100_lqr) by extension 'ignore'
[0.170s] Level 1:colcon.colcon_core.package_identification:_identify(src/so100_lqr) by extension 'ignore_ament_install'
[0.170s] Level 1:colcon.colcon_core.package_identification:_identify(src/so100_lqr) by extensions ['colcon_pkg']
[0.170s] Level 1:colcon.colcon_core.package_identification:_identify(src/so100_lqr) by extension 'colcon_pkg'
[0.170s] Level 1:colcon.colcon_core.package_identification:_identify(src/so100_lqr) by extensions ['colcon_meta']
[0.170s] Level 1:colcon.colcon_core.package_identification:_identify(src/so100_lqr) by extension 'colcon_meta'
[0.170s] Level 1:colcon.colcon_core.package_identification:_identify(src/so100_lqr) by extensions ['ros']
[0.170s] Level 1:colcon.colcon_core.package_identification:_identify(src/so100_lqr) by extension 'ros'
[0.170s] DEBUG:colcon.colcon_core.package_identification:Package 'src/so100_lqr' with type 'ros.ament_python' and name 'so100_lqr'
[0.170s] Level 1:colcon.colcon_core.package_identification:_identify(src/so101_2dof_bringup) by extensions ['ignore', 'ignore_ament_install']
[0.170s] Level 1:colcon.colcon_core.package_identification:_identify(src/so101_2dof_bringup) by extension 'ignore'
[0.170s] Level 1:colcon.colcon_core.package_identification:_identify(src/so101_2dof_bringup) by extension 'ignore_ament_install'
[0.170s] Level 1:colcon.colcon_core.package_identification:_identify(src/so101_2dof_bringup) by extensions ['colcon_pkg']
[0.170s] Level 1:colcon.colcon_core.package_identification:_identify(src/so101_2dof_bringup) by extension 'colcon_pkg'
[0.170s] Level 1:colcon.colcon_core.package_identification:_identify(src/so101_2dof_bringup) by extensions ['colcon_meta']
[0.170s] Level 1:colcon.colcon_core.package_identification:_identify(src/so101_2dof_bringup) by extension 'colcon_meta'
[0.170s] Level 1:colcon.colcon_core.package_identification:_identify(src/so101_2dof_bringup) by extensions ['ros']
[0.170s] Level 1:colcon.colcon_core.package_identification:_identify(src/so101_2dof_bringup) by extension 'ros'
[0.171s] DEBUG:colcon.colcon_core.package_identification:Package 'src/so101_2dof_bringup' with type 'ros.ament_python' and name 'so101_2dof_bringup'
[0.171s] Level 1:colcon.colcon_core.package_identification:_identify(src/so101_ioc) by extensions ['ignore', 'ignore_ament_install']
[0.171s] Level 1:colcon.colcon_core.package_identification:_identify(src/so101_ioc) by extension 'ignore'
[0.171s] Level 1:colcon.colcon_core.package_identification:_identify(src/so101_ioc) by extension 'ignore_ament_install'
[0.171s] Level 1:colcon.colcon_core.package_identification:_identify(src/so101_ioc) by extensions ['colcon_pkg']
[0.171s] Level 1:colcon.colcon_core.package_identification:_identify(src/so101_ioc) by extension 'colcon_pkg'
[0.171s] Level 1:colcon.colcon_core.package_identification:_identify(src/so101_ioc) by extensions ['colcon_meta']
[0.171s] Level 1:colcon.colcon_core.package_identification:_identify(src/so101_ioc) by extension 'colcon_meta'
[0.171s] Level 1:colcon.colcon_core.package_identification:_identify(src/so101_ioc) by extensions ['ros']
[0.171s] Level 1:colcon.colcon_core.package_identification:_identify(src/so101_ioc) by extension 'ros'
[0.172s] DEBUG:colcon.colcon_core.package_identification:Package 'src/so101_ioc' with type 'ros.ament_python' and name 'so101_ioc'
[0.172s] Level 1:colcon.colcon_core.package_discovery:discover_packages(recursive) using defaults
[0.172s] Level 1:colcon.colcon_core.package_discovery:discover_packages(ignore) discover
[0.172s] Level 1:colcon.colcon_core.package_discovery:discover_packages(ignore) using defaults
[0.172s] Level 1:colcon.colcon_core.package_discovery:discover_packages(path) discover
[0.172s] Level 1:colcon.colcon_core.package_discovery:discover_packages(path) using defaults
[0.188s] INFO:colcon.colcon_core.package_selection:Skipping not selected package 'so100_2dof_bringup' in 'src/so100_2dof_bringup'
[0.188s] INFO:colcon.colcon_core.package_selection:Skipping not selected package 'so100_lqr' in 'src/so100_lqr'
[0.188s] INFO:colcon.colcon_core.package_selection:Skipping not selected package 'so101_2dof_bringup' in 'src/so101_2dof_bringup'
[0.188s] INFO:colcon.colcon_core.package_selection:Skipping not selected package 'so101_ioc' in 'src/so101_ioc'
[0.188s] INFO:colcon.colcon_core.package_selection:Skipping not selected package 'so_100_arm' in 'src/SO-100-arm'
[0.188s] Level 5:colcon.colcon_core.verb:set package 'so100_ioc_pipeline' build argument 'cmake_args' from command line to 'None'
[0.188s] Level 5:colcon.colcon_core.verb:set package 'so100_ioc_pipeline' build argument 'cmake_target' from command line to 'None'
[0.188s] Level 5:colcon.colcon_core.verb:set package 'so100_ioc_pipeline' build argument 'cmake_target_skip_unavailable' from command line to 'False'
[0.188s] Level 5:colcon.colcon_core.verb:set package 'so100_ioc_pipeline' build argument 'cmake_clean_cache' from command line to 'False'
[0.188s] Level 5:colcon.colcon_core.verb:set package 'so100_ioc_pipeline' build argument 'cmake_clean_first' from command line to 'False'
[0.188s] Level 5:colcon.colcon_core.verb:set package 'so100_ioc_pipeline' build argument 'cmake_force_configure' from command line to 'False'
[0.188s] Level 5:colcon.colcon_core.verb:set package 'so100_ioc_pipeline' build argument 'ament_cmake_args' from command line to 'None'
[0.188s] Level 5:colcon.colcon_core.verb:set package 'so100_ioc_pipeline' build argument 'catkin_cmake_args' from command line to 'None'
[0.188s] Level 5:colcon.colcon_core.verb:set package 'so100_ioc_pipeline' build argument 'catkin_skip_building_tests' from command line to 'False'
[0.188s] DEBUG:colcon.colcon_core.verb:Building package 'so100_ioc_pipeline' with the following arguments: {'ament_cmake_args': None, 'build_base': '/root/so100_ws/build/so100_ioc_pipeline', 'catkin_cmake_args': None, 'catkin_skip_building_tests': False, 'cmake_args': None, 'cmake_clean_cache': False, 'cmake_clean_first': False, 'cmake_force_configure': False, 'cmake_target': None, 'cmake_target_skip_unavailable': False, 'install_base': '/root/so100_ws/install/so100_ioc_pipeline', 'merge_install': False, 'path': '/root/so100_ws/src/so100_ioc_pipeline', 'symlink_install': True, 'test_result_base': None}
[0.188s] INFO:colcon.colcon_core.executor:Executing jobs using 'parallel' executor
[0.189s] DEBUG:colcon.colcon_parallel_executor.executor.parallel:run_until_complete
[0.190s] INFO:colcon.colcon_ros.task.ament_python.build:Building ROS package in '/root/so100_ws/src/so100_ioc_pipeline' with build type 'ament_python'
[0.190s] Level 1:colcon.colcon_core.shell:create_environment_hook('so100_ioc_pipeline', 'ament_prefix_path')
[0.191s] INFO:colcon.colcon_core.plugin_system:Skipping extension 'colcon_core.shell.bat': Not used on non-Windows systems
[0.191s] INFO:colcon.colcon_core.shell:Creating environment hook '/root/so100_ws/install/so100_ioc_pipeline/share/so100_ioc_pipeline/hook/ament_prefix_path.ps1'
[0.192s] INFO:colcon.colcon_core.shell:Creating environment descriptor '/root/so100_ws/install/so100_ioc_pipeline/share/so100_ioc_pipeline/hook/ament_prefix_path.dsv'
[0.192s] INFO:colcon.colcon_core.shell:Creating environment hook '/root/so100_ws/install/so100_ioc_pipeline/share/so100_ioc_pipeline/hook/ament_prefix_path.sh'
[0.193s] INFO:colcon.colcon_core.shell:Skip shell extension 'powershell' for command environment: Not usable outside of PowerShell
[0.193s] DEBUG:colcon.colcon_core.shell:Skip shell extension 'dsv' for command environment
[0.396s] INFO:colcon.colcon_core.task.python.build:Building Python package in '/root/so100_ws/src/so100_ioc_pipeline'
[0.396s] INFO:colcon.colcon_core.shell:Skip shell extension 'powershell' for command environment: Not usable outside of PowerShell
[0.396s] DEBUG:colcon.colcon_core.shell:Skip shell extension 'dsv' for command environment
[0.867s] DEBUG:colcon.colcon_core.event_handler.log_command:Invoking command in '/root/so100_ws/build/so100_ioc_pipeline': PYTHONPATH=/root/so100_ws/build/so100_ioc_pipeline/prefix_override:/usr/lib/python3/dist-packages/colcon_core/task/python/colcon_distutils_commands:/root/so100_ws/install/so100_ioc_pipeline/lib/python3.12/site-packages:${PYTHONPATH} /usr/bin/python3 -W ignore:setup.py install is deprecated -W ignore:easy_install command is deprecated setup.py develop --editable --build-directory /root/so100_ws/build/so100_ioc_pipeline/build --no-deps symlink_data
[1.347s] Level 1:colcon.colcon_core.shell:create_environment_hook('so100_ioc_pipeline', 'pythonpath_develop')
[1.347s] INFO:colcon.colcon_core.shell:Creating environment hook '/root/so100_ws/build/so100_ioc_pipeline/share/so100_ioc_pipeline/hook/pythonpath_develop.ps1'
[1.347s] DEBUG:colcon.colcon_core.event_handler.log_command:Invoked command in '/root/so100_ws/build/so100_ioc_pipeline' returned '0': PYTHONPATH=/root/so100_ws/build/so100_ioc_pipeline/prefix_override:/usr/lib/python3/dist-packages/colcon_core/task/python/colcon_distutils_commands:/root/so100_ws/install/so100_ioc_pipeline/lib/python3.12/site-packages:${PYTHONPATH} /usr/bin/python3 -W ignore:setup.py install is deprecated -W ignore:easy_install command is deprecated setup.py develop --editable --build-directory /root/so100_ws/build/so100_ioc_pipeline/build --no-deps symlink_data
[1.348s] INFO:colcon.colcon_core.shell:Creating environment descriptor '/root/so100_ws/build/so100_ioc_pipeline/share/so100_ioc_pipeline/hook/pythonpath_develop.dsv'
[1.348s] INFO:colcon.colcon_core.shell:Creating environment hook '/root/so100_ws/build/so100_ioc_pipeline/share/so100_ioc_pipeline/hook/pythonpath_develop.sh'
[1.350s] Level 1:colcon.colcon_core.environment:checking '/root/so100_ws/install/so100_ioc_pipeline' for CMake module files
[1.351s] Level 1:colcon.colcon_core.environment:checking '/root/so100_ws/install/so100_ioc_pipeline' for CMake config files
[1.351s] Level 1:colcon.colcon_core.environment:checking '/root/so100_ws/install/so100_ioc_pipeline/lib'
[1.351s] Level 1:colcon.colcon_core.environment:checking '/root/so100_ws/install/so100_ioc_pipeline/bin'
[1.351s] Level 1:colcon.colcon_core.environment:checking '/root/so100_ws/install/so100_ioc_pipeline/lib/pkgconfig/so100_ioc_pipeline.pc'
[1.351s] Level 1:colcon.colcon_core.environment:checking '/root/so100_ws/install/so100_ioc_pipeline/lib/python3.12/site-packages'
[1.352s] Level 1:colcon.colcon_core.shell:create_environment_hook('so100_ioc_pipeline', 'pythonpath')
[1.352s] INFO:colcon.colcon_core.shell:Creating environment hook '/root/so100_ws/install/so100_ioc_pipeline/share/so100_ioc_pipeline/hook/pythonpath.ps1'
[1.352s] INFO:colcon.colcon_core.shell:Creating environment descriptor '/root/so100_ws/install/so100_ioc_pipeline/share/so100_ioc_pipeline/hook/pythonpath.dsv'
[1.352s] INFO:colcon.colcon_core.shell:Creating environment hook '/root/so100_ws/install/so100_ioc_pipeline/share/so100_ioc_pipeline/hook/pythonpath.sh'
[1.353s] Level 1:colcon.colcon_core.environment:checking '/root/so100_ws/install/so100_ioc_pipeline/bin'
[1.353s] Level 1:colcon.colcon_core.environment:create_environment_scripts_only(so100_ioc_pipeline)
[1.353s] INFO:colcon.colcon_core.shell:Creating package script '/root/so100_ws/install/so100_ioc_pipeline/share/so100_ioc_pipeline/package.ps1'
[1.354s] INFO:colcon.colcon_core.shell:Creating package descriptor '/root/so100_ws/install/so100_ioc_pipeline/share/so100_ioc_pipeline/package.dsv'
[1.354s] INFO:colcon.colcon_core.shell:Creating package script '/root/so100_ws/install/so100_ioc_pipeline/share/so100_ioc_pipeline/package.sh'
[1.356s] INFO:colcon.colcon_core.shell:Creating package script '/root/so100_ws/install/so100_ioc_pipeline/share/so100_ioc_pipeline/package.bash'
[1.356s] INFO:colcon.colcon_core.shell:Creating package script '/root/so100_ws/install/so100_ioc_pipeline/share/so100_ioc_pipeline/package.zsh'
[1.356s] Level 1:colcon.colcon_core.environment:create_file_with_runtime_dependencies(/root/so100_ws/install/so100_ioc_pipeline/share/colcon-core/packages/so100_ioc_pipeline)
[1.357s] DEBUG:colcon.colcon_parallel_executor.executor.parallel:closing loop
[1.357s] DEBUG:colcon.colcon_parallel_executor.executor.parallel:loop closed
[1.357s] DEBUG:colcon.colcon_parallel_executor.executor.parallel:run_until_complete finished with '0'
[1.357s] DEBUG:colcon.colcon_core.event_reactor:joining thread
[1.361s] INFO:colcon.colcon_core.plugin_system:Skipping extension 'colcon_notification.desktop_notification.notify_send': Could not find 'notify-send'
[1.361s] INFO:colcon.colcon_core.plugin_system:Skipping extension 'colcon_notification.desktop_notification.terminal_notifier': Not used on non-Darwin systems
[1.361s] INFO:colcon.colcon_core.plugin_system:Skipping extension 'colcon_notification.desktop_notification.win32': Not used on non-Windows systems
[1.361s] INFO:colcon.colcon_notification.desktop_notification:Sending desktop notification using 'notify2'
[1.363s] DEBUG:colcon.colcon_notification.desktop_notification.notify2:Failed to initialize notify2: org.freedesktop.DBus.Error.Spawn.ExecFailed: /usr/bin/dbus-launch terminated abnormally without any error message
[1.363s] DEBUG:colcon.colcon_core.event_reactor:joined thread
[1.363s] INFO:colcon.colcon_core.shell:Creating prefix script '/root/so100_ws/install/local_setup.ps1'
[1.364s] INFO:colcon.colcon_core.shell:Creating prefix util module '/root/so100_ws/install/_local_setup_util_ps1.py'
[1.365s] INFO:colcon.colcon_core.shell:Creating prefix chain script '/root/so100_ws/install/setup.ps1'
[1.366s] INFO:colcon.colcon_core.shell:Creating prefix script '/root/so100_ws/install/local_setup.sh'
[1.366s] INFO:colcon.colcon_core.shell:Creating prefix util module '/root/so100_ws/install/_local_setup_util_sh.py'
[1.367s] INFO:colcon.colcon_core.shell:Creating prefix chain script '/root/so100_ws/install/setup.sh'
[1.367s] INFO:colcon.colcon_core.shell:Creating prefix script '/root/so100_ws/install/local_setup.bash'
[1.368s] INFO:colcon.colcon_core.shell:Creating prefix chain script '/root/so100_ws/install/setup.bash'
[1.369s] INFO:colcon.colcon_core.shell:Creating prefix script '/root/so100_ws/install/local_setup.zsh'
[1.370s] INFO:colcon.colcon_core.shell:Creating prefix chain script '/root/so100_ws/install/setup.zsh'
