[0.105s] DEBUG:colcon:Command line arguments: ['/usr/bin/colcon', 'build']
[0.105s] DEBUG:colcon:Parsed command line arguments: Namespace(log_base=None, log_level=None, verb_name='build', build_base='build', install_base='install', merge_install=False, symlink_install=False, test_result_base=None, continue_on_error=False, executor='parallel', parallel_workers=22, event_handlers=None, ignore_user_meta=False, metas=['./colcon.meta'], base_paths=['.'], packages_ignore=None, packages_ignore_regex=None, paths=None, packages_up_to=None, packages_up_to_regex=None, packages_above=None, packages_above_and_dependencies=None, packages_above_depth=None, packages_select_by_dep=None, packages_skip_by_dep=None, packages_skip_up_to=None, packages_select_build_failed=False, packages_skip_build_finished=False, packages_select_test_failures=False, packages_skip_test_passed=False, packages_select=None, packages_skip=None, packages_select_regex=None, packages_skip_regex=None, packages_start=None, packages_end=None, cmake_args=None, cmake_target=None, cmake_target_skip_unavailable=False, cmake_clean_cache=False, cmake_clean_first=False, cmake_force_configure=False, ament_cmake_args=None, catkin_cmake_args=None, catkin_skip_building_tests=False, mixin_files=None, mixin=None, verb_parser=<colcon_mixin.mixin.mixin_argument.MixinArgumentDecorator object at 0x7c35fb719760>, verb_extension=<colcon_core.verb.build.BuildVerb object at 0x7c35fb6c7170>, main=<bound method BuildVerb.main of <colcon_core.verb.build.BuildVerb object at 0x7c35fb6c7170>>, mixin_verb=('build',))
[0.139s] Level 1:colcon.colcon_core.package_discovery:discover_packages(colcon_meta) check parameters
[0.139s] INFO:colcon.colcon_metadata.package_discovery.colcon_meta:Using configuration from '/root/.colcon/metadata/default/Gazebo.meta'
[0.140s] INFO:colcon.colcon_metadata.package_discovery.colcon_meta:Using configuration from '/root/.colcon/metadata/default/fastdds.meta'
[0.140s] INFO:colcon.colcon_metadata.package_discovery.colcon_meta:Using configuration from '/root/.colcon/metadata/default/fastrtps.meta'
[0.140s] Level 1:colcon.colcon_core.package_discovery:discover_packages(recursive) check parameters
[0.140s] Level 1:colcon.colcon_core.package_discovery:discover_packages(ignore) check parameters
[0.140s] Level 1:colcon.colcon_core.package_discovery:discover_packages(path) check parameters
[0.140s] Level 1:colcon.colcon_core.package_discovery:discover_packages(colcon_meta) discover
[0.140s] Level 1:colcon.colcon_core.package_discovery:discover_packages(recursive) discover
[0.140s] INFO:colcon.colcon_core.package_discovery:Crawling recursively for packages in '/root/so100_ws'
[0.140s] Level 1:colcon.colcon_core.package_identification:_identify(.) by extensions ['ignore', 'ignore_ament_install']
[0.140s] Level 1:colcon.colcon_core.package_identification:_identify(.) by extension 'ignore'
[0.140s] Level 1:colcon.colcon_core.package_identification:_identify(.) by extension 'ignore_ament_install'
[0.140s] Level 1:colcon.colcon_core.package_identification:_identify(.) by extensions ['colcon_pkg']
[0.140s] Level 1:colcon.colcon_core.package_identification:_identify(.) by extension 'colcon_pkg'
[0.140s] Level 1:colcon.colcon_core.package_identification:_identify(.) by extensions ['colcon_meta']
[0.140s] Level 1:colcon.colcon_core.package_identification:_identify(.) by extension 'colcon_meta'
[0.140s] Level 1:colcon.colcon_core.package_identification:_identify(.) by extensions ['ros']
[0.140s] Level 1:colcon.colcon_core.package_identification:_identify(.) by extension 'ros'
[0.162s] Level 1:colcon.colcon_core.package_identification:_identify(.) by extensions ['cmake', 'python']
[0.162s] Level 1:colcon.colcon_core.package_identification:_identify(.) by extension 'cmake'
[0.162s] Level 1:colcon.colcon_core.package_identification:_identify(.) by extension 'python'
[0.162s] Level 1:colcon.colcon_core.package_identification:_identify(.) by extensions ['python_setup_py']
[0.162s] Level 1:colcon.colcon_core.package_identification:_identify(.) by extension 'python_setup_py'
[0.162s] Level 1:colcon.colcon_core.package_identification:_identify(build) by extensions ['ignore', 'ignore_ament_install']
[0.163s] Level 1:colcon.colcon_core.package_identification:_identify(build) by extension 'ignore'
[0.163s] Level 1:colcon.colcon_core.package_identification:_identify(build) ignored
[0.163s] Level 1:colcon.colcon_core.package_identification:_identify(install) by extensions ['ignore', 'ignore_ament_install']
[0.163s] Level 1:colcon.colcon_core.package_identification:_identify(install) by extension 'ignore'
[0.163s] Level 1:colcon.colcon_core.package_identification:_identify(install) ignored
[0.163s] Level 1:colcon.colcon_core.package_identification:_identify(ioc_results) by extensions ['ignore', 'ignore_ament_install']
[0.163s] Level 1:colcon.colcon_core.package_identification:_identify(ioc_results) by extension 'ignore'
[0.163s] Level 1:colcon.colcon_core.package_identification:_identify(ioc_results) by extension 'ignore_ament_install'
[0.163s] Level 1:colcon.colcon_core.package_identification:_identify(ioc_results) by extensions ['colcon_pkg']
[0.163s] Level 1:colcon.colcon_core.package_identification:_identify(ioc_results) by extension 'colcon_pkg'
[0.163s] Level 1:colcon.colcon_core.package_identification:_identify(ioc_results) by extensions ['colcon_meta']
[0.163s] Level 1:colcon.colcon_core.package_identification:_identify(ioc_results) by extension 'colcon_meta'
[0.163s] Level 1:colcon.colcon_core.package_identification:_identify(ioc_results) by extensions ['ros']
[0.163s] Level 1:colcon.colcon_core.package_identification:_identify(ioc_results) by extension 'ros'
[0.163s] Level 1:colcon.colcon_core.package_identification:_identify(ioc_results) by extensions ['cmake', 'python']
[0.163s] Level 1:colcon.colcon_core.package_identification:_identify(ioc_results) by extension 'cmake'
[0.163s] Level 1:colcon.colcon_core.package_identification:_identify(ioc_results) by extension 'python'
[0.163s] Level 1:colcon.colcon_core.package_identification:_identify(ioc_results) by extensions ['python_setup_py']
[0.163s] Level 1:colcon.colcon_core.package_identification:_identify(ioc_results) by extension 'python_setup_py'
[0.163s] Level 1:colcon.colcon_core.package_identification:_identify(log) by extensions ['ignore', 'ignore_ament_install']
[0.164s] Level 1:colcon.colcon_core.package_identification:_identify(log) by extension 'ignore'
[0.164s] Level 1:colcon.colcon_core.package_identification:_identify(log) ignored
[0.164s] Level 1:colcon.colcon_core.package_identification:_identify(so100_ioc) by extensions ['ignore', 'ignore_ament_install']
[0.164s] Level 1:colcon.colcon_core.package_identification:_identify(so100_ioc) by extension 'ignore'
[0.164s] Level 1:colcon.colcon_core.package_identification:_identify(so100_ioc) by extension 'ignore_ament_install'
[0.164s] Level 1:colcon.colcon_core.package_identification:_identify(so100_ioc) by extensions ['colcon_pkg']
[0.164s] Level 1:colcon.colcon_core.package_identification:_identify(so100_ioc) by extension 'colcon_pkg'
[0.164s] Level 1:colcon.colcon_core.package_identification:_identify(so100_ioc) by extensions ['colcon_meta']
[0.164s] Level 1:colcon.colcon_core.package_identification:_identify(so100_ioc) by extension 'colcon_meta'
[0.164s] Level 1:colcon.colcon_core.package_identification:_identify(so100_ioc) by extensions ['ros']
[0.164s] Level 1:colcon.colcon_core.package_identification:_identify(so100_ioc) by extension 'ros'
[0.164s] Level 1:colcon.colcon_core.package_identification:_identify(so100_ioc) by extensions ['cmake', 'python']
[0.164s] Level 1:colcon.colcon_core.package_identification:_identify(so100_ioc) by extension 'cmake'
[0.164s] Level 1:colcon.colcon_core.package_identification:_identify(so100_ioc) by extension 'python'
[0.164s] Level 1:colcon.colcon_core.package_identification:_identify(so100_ioc) by extensions ['python_setup_py']
[0.164s] Level 1:colcon.colcon_core.package_identification:_identify(so100_ioc) by extension 'python_setup_py'
[0.164s] Level 1:colcon.colcon_core.package_identification:_identify(so101_ioc) by extensions ['ignore', 'ignore_ament_install']
[0.164s] Level 1:colcon.colcon_core.package_identification:_identify(so101_ioc) by extension 'ignore'
[0.164s] Level 1:colcon.colcon_core.package_identification:_identify(so101_ioc) by extension 'ignore_ament_install'
[0.164s] Level 1:colcon.colcon_core.package_identification:_identify(so101_ioc) by extensions ['colcon_pkg']
[0.164s] Level 1:colcon.colcon_core.package_identification:_identify(so101_ioc) by extension 'colcon_pkg'
[0.164s] Level 1:colcon.colcon_core.package_identification:_identify(so101_ioc) by extensions ['colcon_meta']
[0.164s] Level 1:colcon.colcon_core.package_identification:_identify(so101_ioc) by extension 'colcon_meta'
[0.164s] Level 1:colcon.colcon_core.package_identification:_identify(so101_ioc) by extensions ['ros']
[0.164s] Level 1:colcon.colcon_core.package_identification:_identify(so101_ioc) by extension 'ros'
[0.164s] Level 1:colcon.colcon_core.package_identification:_identify(so101_ioc) by extensions ['cmake', 'python']
[0.164s] Level 1:colcon.colcon_core.package_identification:_identify(so101_ioc) by extension 'cmake'
[0.164s] Level 1:colcon.colcon_core.package_identification:_identify(so101_ioc) by extension 'python'
[0.164s] Level 1:colcon.colcon_core.package_identification:_identify(so101_ioc) by extensions ['python_setup_py']
[0.165s] Level 1:colcon.colcon_core.package_identification:_identify(so101_ioc) by extension 'python_setup_py'
[0.165s] Level 1:colcon.colcon_core.package_identification:_identify(src) by extensions ['ignore', 'ignore_ament_install']
[0.165s] Level 1:colcon.colcon_core.package_identification:_identify(src) by extension 'ignore'
[0.165s] Level 1:colcon.colcon_core.package_identification:_identify(src) by extension 'ignore_ament_install'
[0.165s] Level 1:colcon.colcon_core.package_identification:_identify(src) by extensions ['colcon_pkg']
[0.165s] Level 1:colcon.colcon_core.package_identification:_identify(src) by extension 'colcon_pkg'
[0.165s] Level 1:colcon.colcon_core.package_identification:_identify(src) by extensions ['colcon_meta']
[0.165s] Level 1:colcon.colcon_core.package_identification:_identify(src) by extension 'colcon_meta'
[0.165s] Level 1:colcon.colcon_core.package_identification:_identify(src) by extensions ['ros']
[0.165s] Level 1:colcon.colcon_core.package_identification:_identify(src) by extension 'ros'
[0.165s] Level 1:colcon.colcon_core.package_identification:_identify(src) by extensions ['cmake', 'python']
[0.165s] Level 1:colcon.colcon_core.package_identification:_identify(src) by extension 'cmake'
[0.165s] Level 1:colcon.colcon_core.package_identification:_identify(src) by extension 'python'
[0.165s] Level 1:colcon.colcon_core.package_identification:_identify(src) by extensions ['python_setup_py']
[0.165s] Level 1:colcon.colcon_core.package_identification:_identify(src) by extension 'python_setup_py'
[0.165s] Level 1:colcon.colcon_core.package_identification:_identify(src/SO-100-arm) by extensions ['ignore', 'ignore_ament_install']
[0.165s] Level 1:colcon.colcon_core.package_identification:_identify(src/SO-100-arm) by extension 'ignore'
[0.165s] Level 1:colcon.colcon_core.package_identification:_identify(src/SO-100-arm) by extension 'ignore_ament_install'
[0.165s] Level 1:colcon.colcon_core.package_identification:_identify(src/SO-100-arm) by extensions ['colcon_pkg']
[0.165s] Level 1:colcon.colcon_core.package_identification:_identify(src/SO-100-arm) by extension 'colcon_pkg'
[0.165s] Level 1:colcon.colcon_core.package_identification:_identify(src/SO-100-arm) by extensions ['colcon_meta']
[0.165s] Level 1:colcon.colcon_core.package_identification:_identify(src/SO-100-arm) by extension 'colcon_meta'
[0.165s] Level 1:colcon.colcon_core.package_identification:_identify(src/SO-100-arm) by extensions ['ros']
[0.165s] Level 1:colcon.colcon_core.package_identification:_identify(src/SO-100-arm) by extension 'ros'
[0.168s] DEBUG:colcon.colcon_core.package_identification:Package 'src/SO-100-arm' with type 'ros.ament_cmake' and name 'so_100_arm'
[0.168s] Level 1:colcon.colcon_core.package_identification:_identify(src/so100_2dof_bringup) by extensions ['ignore', 'ignore_ament_install']
[0.168s] Level 1:colcon.colcon_core.package_identification:_identify(src/so100_2dof_bringup) by extension 'ignore'
[0.168s] Level 1:colcon.colcon_core.package_identification:_identify(src/so100_2dof_bringup) by extension 'ignore_ament_install'
[0.168s] Level 1:colcon.colcon_core.package_identification:_identify(src/so100_2dof_bringup) by extensions ['colcon_pkg']
[0.168s] Level 1:colcon.colcon_core.package_identification:_identify(src/so100_2dof_bringup) by extension 'colcon_pkg'
[0.168s] Level 1:colcon.colcon_core.package_identification:_identify(src/so100_2dof_bringup) by extensions ['colcon_meta']
[0.168s] Level 1:colcon.colcon_core.package_identification:_identify(src/so100_2dof_bringup) by extension 'colcon_meta'
[0.168s] Level 1:colcon.colcon_core.package_identification:_identify(src/so100_2dof_bringup) by extensions ['ros']
[0.168s] Level 1:colcon.colcon_core.package_identification:_identify(src/so100_2dof_bringup) by extension 'ros'
[0.169s] DEBUG:colcon.colcon_core.package_identification:Package 'src/so100_2dof_bringup' with type 'ros.ament_python' and name 'so100_2dof_bringup'
[0.169s] Level 1:colcon.colcon_core.package_identification:_identify(src/so100_ioc_pipeline) by extensions ['ignore', 'ignore_ament_install']
[0.169s] Level 1:colcon.colcon_core.package_identification:_identify(src/so100_ioc_pipeline) by extension 'ignore'
[0.169s] Level 1:colcon.colcon_core.package_identification:_identify(src/so100_ioc_pipeline) by extension 'ignore_ament_install'
[0.169s] Level 1:colcon.colcon_core.package_identification:_identify(src/so100_ioc_pipeline) by extensions ['colcon_pkg']
[0.169s] Level 1:colcon.colcon_core.package_identification:_identify(src/so100_ioc_pipeline) by extension 'colcon_pkg'
[0.169s] Level 1:colcon.colcon_core.package_identification:_identify(src/so100_ioc_pipeline) by extensions ['colcon_meta']
[0.169s] Level 1:colcon.colcon_core.package_identification:_identify(src/so100_ioc_pipeline) by extension 'colcon_meta'
[0.169s] Level 1:colcon.colcon_core.package_identification:_identify(src/so100_ioc_pipeline) by extensions ['ros']
[0.169s] Level 1:colcon.colcon_core.package_identification:_identify(src/so100_ioc_pipeline) by extension 'ros'
[0.169s] DEBUG:colcon.colcon_core.package_identification:Package 'src/so100_ioc_pipeline' with type 'ros.ament_python' and name 'so100_ioc_pipeline'
[0.170s] Level 1:colcon.colcon_core.package_identification:_identify(src/so100_lqr) by extensions ['ignore', 'ignore_ament_install']
[0.170s] Level 1:colcon.colcon_core.package_identification:_identify(src/so100_lqr) by extension 'ignore'
[0.170s] Level 1:colcon.colcon_core.package_identification:_identify(src/so100_lqr) by extension 'ignore_ament_install'
[0.170s] Level 1:colcon.colcon_core.package_identification:_identify(src/so100_lqr) by extensions ['colcon_pkg']
[0.170s] Level 1:colcon.colcon_core.package_identification:_identify(src/so100_lqr) by extension 'colcon_pkg'
[0.170s] Level 1:colcon.colcon_core.package_identification:_identify(src/so100_lqr) by extensions ['colcon_meta']
[0.170s] Level 1:colcon.colcon_core.package_identification:_identify(src/so100_lqr) by extension 'colcon_meta'
[0.170s] Level 1:colcon.colcon_core.package_identification:_identify(src/so100_lqr) by extensions ['ros']
[0.170s] Level 1:colcon.colcon_core.package_identification:_identify(src/so100_lqr) by extension 'ros'
[0.170s] DEBUG:colcon.colcon_core.package_identification:Package 'src/so100_lqr' with type 'ros.ament_python' and name 'so100_lqr'
[0.170s] Level 1:colcon.colcon_core.package_identification:_identify(src/so101_2dof_bringup) by extensions ['ignore', 'ignore_ament_install']
[0.170s] Level 1:colcon.colcon_core.package_identification:_identify(src/so101_2dof_bringup) by extension 'ignore'
[0.171s] Level 1:colcon.colcon_core.package_identification:_identify(src/so101_2dof_bringup) by extension 'ignore_ament_install'
[0.171s] Level 1:colcon.colcon_core.package_identification:_identify(src/so101_2dof_bringup) by extensions ['colcon_pkg']
[0.171s] Level 1:colcon.colcon_core.package_identification:_identify(src/so101_2dof_bringup) by extension 'colcon_pkg'
[0.171s] Level 1:colcon.colcon_core.package_identification:_identify(src/so101_2dof_bringup) by extensions ['colcon_meta']
[0.171s] Level 1:colcon.colcon_core.package_identification:_identify(src/so101_2dof_bringup) by extension 'colcon_meta'
[0.171s] Level 1:colcon.colcon_core.package_identification:_identify(src/so101_2dof_bringup) by extensions ['ros']
[0.171s] Level 1:colcon.colcon_core.package_identification:_identify(src/so101_2dof_bringup) by extension 'ros'
[0.171s] DEBUG:colcon.colcon_core.package_identification:Package 'src/so101_2dof_bringup' with type 'ros.ament_python' and name 'so101_2dof_bringup'
[0.171s] Level 1:colcon.colcon_core.package_identification:_identify(src/so101_ioc) by extensions ['ignore', 'ignore_ament_install']
[0.171s] Level 1:colcon.colcon_core.package_identification:_identify(src/so101_ioc) by extension 'ignore'
[0.171s] Level 1:colcon.colcon_core.package_identification:_identify(src/so101_ioc) by extension 'ignore_ament_install'
[0.171s] Level 1:colcon.colcon_core.package_identification:_identify(src/so101_ioc) by extensions ['colcon_pkg']
[0.171s] Level 1:colcon.colcon_core.package_identification:_identify(src/so101_ioc) by extension 'colcon_pkg'
[0.171s] Level 1:colcon.colcon_core.package_identification:_identify(src/so101_ioc) by extensions ['colcon_meta']
[0.171s] Level 1:colcon.colcon_core.package_identification:_identify(src/so101_ioc) by extension 'colcon_meta'
[0.171s] Level 1:colcon.colcon_core.package_identification:_identify(src/so101_ioc) by extensions ['ros']
[0.171s] Level 1:colcon.colcon_core.package_identification:_identify(src/so101_ioc) by extension 'ros'
[0.172s] DEBUG:colcon.colcon_core.package_identification:Package 'src/so101_ioc' with type 'ros.ament_python' and name 'so101_ioc'
[0.172s] Level 1:colcon.colcon_core.package_discovery:discover_packages(recursive) using defaults
[0.172s] Level 1:colcon.colcon_core.package_discovery:discover_packages(ignore) discover
[0.172s] Level 1:colcon.colcon_core.package_discovery:discover_packages(ignore) using defaults
[0.172s] Level 1:colcon.colcon_core.package_discovery:discover_packages(path) discover
[0.172s] Level 1:colcon.colcon_core.package_discovery:discover_packages(path) using defaults
[0.188s] Level 5:colcon.colcon_core.verb:set package 'so100_2dof_bringup' build argument 'cmake_args' from command line to 'None'
[0.188s] Level 5:colcon.colcon_core.verb:set package 'so100_2dof_bringup' build argument 'cmake_target' from command line to 'None'
[0.188s] Level 5:colcon.colcon_core.verb:set package 'so100_2dof_bringup' build argument 'cmake_target_skip_unavailable' from command line to 'False'
[0.188s] Level 5:colcon.colcon_core.verb:set package 'so100_2dof_bringup' build argument 'cmake_clean_cache' from command line to 'False'
[0.188s] Level 5:colcon.colcon_core.verb:set package 'so100_2dof_bringup' build argument 'cmake_clean_first' from command line to 'False'
[0.188s] Level 5:colcon.colcon_core.verb:set package 'so100_2dof_bringup' build argument 'cmake_force_configure' from command line to 'False'
[0.188s] Level 5:colcon.colcon_core.verb:set package 'so100_2dof_bringup' build argument 'ament_cmake_args' from command line to 'None'
[0.188s] Level 5:colcon.colcon_core.verb:set package 'so100_2dof_bringup' build argument 'catkin_cmake_args' from command line to 'None'
[0.188s] Level 5:colcon.colcon_core.verb:set package 'so100_2dof_bringup' build argument 'catkin_skip_building_tests' from command line to 'False'
[0.188s] DEBUG:colcon.colcon_core.verb:Building package 'so100_2dof_bringup' with the following arguments: {'ament_cmake_args': None, 'build_base': '/root/so100_ws/build/so100_2dof_bringup', 'catkin_cmake_args': None, 'catkin_skip_building_tests': False, 'cmake_args': None, 'cmake_clean_cache': False, 'cmake_clean_first': False, 'cmake_force_configure': False, 'cmake_target': None, 'cmake_target_skip_unavailable': False, 'install_base': '/root/so100_ws/install/so100_2dof_bringup', 'merge_install': False, 'path': '/root/so100_ws/src/so100_2dof_bringup', 'symlink_install': False, 'test_result_base': None}
[0.188s] Level 5:colcon.colcon_core.verb:set package 'so100_ioc_pipeline' build argument 'cmake_args' from command line to 'None'
[0.188s] Level 5:colcon.colcon_core.verb:set package 'so100_ioc_pipeline' build argument 'cmake_target' from command line to 'None'
[0.188s] Level 5:colcon.colcon_core.verb:set package 'so100_ioc_pipeline' build argument 'cmake_target_skip_unavailable' from command line to 'False'
[0.188s] Level 5:colcon.colcon_core.verb:set package 'so100_ioc_pipeline' build argument 'cmake_clean_cache' from command line to 'False'
[0.188s] Level 5:colcon.colcon_core.verb:set package 'so100_ioc_pipeline' build argument 'cmake_clean_first' from command line to 'False'
[0.188s] Level 5:colcon.colcon_core.verb:set package 'so100_ioc_pipeline' build argument 'cmake_force_configure' from command line to 'False'
[0.188s] Level 5:colcon.colcon_core.verb:set package 'so100_ioc_pipeline' build argument 'ament_cmake_args' from command line to 'None'
[0.188s] Level 5:colcon.colcon_core.verb:set package 'so100_ioc_pipeline' build argument 'catkin_cmake_args' from command line to 'None'
[0.188s] Level 5:colcon.colcon_core.verb:set package 'so100_ioc_pipeline' build argument 'catkin_skip_building_tests' from command line to 'False'
[0.188s] DEBUG:colcon.colcon_core.verb:Building package 'so100_ioc_pipeline' with the following arguments: {'ament_cmake_args': None, 'build_base': '/root/so100_ws/build/so100_ioc_pipeline', 'catkin_cmake_args': None, 'catkin_skip_building_tests': False, 'cmake_args': None, 'cmake_clean_cache': False, 'cmake_clean_first': False, 'cmake_force_configure': False, 'cmake_target': None, 'cmake_target_skip_unavailable': False, 'install_base': '/root/so100_ws/install/so100_ioc_pipeline', 'merge_install': False, 'path': '/root/so100_ws/src/so100_ioc_pipeline', 'symlink_install': False, 'test_result_base': None}
[0.189s] Level 5:colcon.colcon_core.verb:set package 'so100_lqr' build argument 'cmake_args' from command line to 'None'
[0.189s] Level 5:colcon.colcon_core.verb:set package 'so100_lqr' build argument 'cmake_target' from command line to 'None'
[0.189s] Level 5:colcon.colcon_core.verb:set package 'so100_lqr' build argument 'cmake_target_skip_unavailable' from command line to 'False'
[0.189s] Level 5:colcon.colcon_core.verb:set package 'so100_lqr' build argument 'cmake_clean_cache' from command line to 'False'
[0.189s] Level 5:colcon.colcon_core.verb:set package 'so100_lqr' build argument 'cmake_clean_first' from command line to 'False'
[0.189s] Level 5:colcon.colcon_core.verb:set package 'so100_lqr' build argument 'cmake_force_configure' from command line to 'False'
[0.189s] Level 5:colcon.colcon_core.verb:set package 'so100_lqr' build argument 'ament_cmake_args' from command line to 'None'
[0.189s] Level 5:colcon.colcon_core.verb:set package 'so100_lqr' build argument 'catkin_cmake_args' from command line to 'None'
[0.189s] Level 5:colcon.colcon_core.verb:set package 'so100_lqr' build argument 'catkin_skip_building_tests' from command line to 'False'
[0.189s] DEBUG:colcon.colcon_core.verb:Building package 'so100_lqr' with the following arguments: {'ament_cmake_args': None, 'build_base': '/root/so100_ws/build/so100_lqr', 'catkin_cmake_args': None, 'catkin_skip_building_tests': False, 'cmake_args': None, 'cmake_clean_cache': False, 'cmake_clean_first': False, 'cmake_force_configure': False, 'cmake_target': None, 'cmake_target_skip_unavailable': False, 'install_base': '/root/so100_ws/install/so100_lqr', 'merge_install': False, 'path': '/root/so100_ws/src/so100_lqr', 'symlink_install': False, 'test_result_base': None}
[0.189s] Level 5:colcon.colcon_core.verb:set package 'so101_2dof_bringup' build argument 'cmake_args' from command line to 'None'
[0.189s] Level 5:colcon.colcon_core.verb:set package 'so101_2dof_bringup' build argument 'cmake_target' from command line to 'None'
[0.189s] Level 5:colcon.colcon_core.verb:set package 'so101_2dof_bringup' build argument 'cmake_target_skip_unavailable' from command line to 'False'
[0.189s] Level 5:colcon.colcon_core.verb:set package 'so101_2dof_bringup' build argument 'cmake_clean_cache' from command line to 'False'
[0.189s] Level 5:colcon.colcon_core.verb:set package 'so101_2dof_bringup' build argument 'cmake_clean_first' from command line to 'False'
[0.189s] Level 5:colcon.colcon_core.verb:set package 'so101_2dof_bringup' build argument 'cmake_force_configure' from command line to 'False'
[0.189s] Level 5:colcon.colcon_core.verb:set package 'so101_2dof_bringup' build argument 'ament_cmake_args' from command line to 'None'
[0.189s] Level 5:colcon.colcon_core.verb:set package 'so101_2dof_bringup' build argument 'catkin_cmake_args' from command line to 'None'
[0.189s] Level 5:colcon.colcon_core.verb:set package 'so101_2dof_bringup' build argument 'catkin_skip_building_tests' from command line to 'False'
[0.189s] DEBUG:colcon.colcon_core.verb:Building package 'so101_2dof_bringup' with the following arguments: {'ament_cmake_args': None, 'build_base': '/root/so100_ws/build/so101_2dof_bringup', 'catkin_cmake_args': None, 'catkin_skip_building_tests': False, 'cmake_args': None, 'cmake_clean_cache': False, 'cmake_clean_first': False, 'cmake_force_configure': False, 'cmake_target': None, 'cmake_target_skip_unavailable': False, 'install_base': '/root/so100_ws/install/so101_2dof_bringup', 'merge_install': False, 'path': '/root/so100_ws/src/so101_2dof_bringup', 'symlink_install': False, 'test_result_base': None}
[0.189s] Level 5:colcon.colcon_core.verb:set package 'so101_ioc' build argument 'cmake_args' from command line to 'None'
[0.189s] Level 5:colcon.colcon_core.verb:set package 'so101_ioc' build argument 'cmake_target' from command line to 'None'
[0.189s] Level 5:colcon.colcon_core.verb:set package 'so101_ioc' build argument 'cmake_target_skip_unavailable' from command line to 'False'
[0.189s] Level 5:colcon.colcon_core.verb:set package 'so101_ioc' build argument 'cmake_clean_cache' from command line to 'False'
[0.189s] Level 5:colcon.colcon_core.verb:set package 'so101_ioc' build argument 'cmake_clean_first' from command line to 'False'
[0.189s] Level 5:colcon.colcon_core.verb:set package 'so101_ioc' build argument 'cmake_force_configure' from command line to 'False'
[0.189s] Level 5:colcon.colcon_core.verb:set package 'so101_ioc' build argument 'ament_cmake_args' from command line to 'None'
[0.189s] Level 5:colcon.colcon_core.verb:set package 'so101_ioc' build argument 'catkin_cmake_args' from command line to 'None'
[0.189s] Level 5:colcon.colcon_core.verb:set package 'so101_ioc' build argument 'catkin_skip_building_tests' from command line to 'False'
[0.189s] DEBUG:colcon.colcon_core.verb:Building package 'so101_ioc' with the following arguments: {'ament_cmake_args': None, 'build_base': '/root/so100_ws/build/so101_ioc', 'catkin_cmake_args': None, 'catkin_skip_building_tests': False, 'cmake_args': None, 'cmake_clean_cache': False, 'cmake_clean_first': False, 'cmake_force_configure': False, 'cmake_target': None, 'cmake_target_skip_unavailable': False, 'install_base': '/root/so100_ws/install/so101_ioc', 'merge_install': False, 'path': '/root/so100_ws/src/so101_ioc', 'symlink_install': False, 'test_result_base': None}
[0.189s] Level 5:colcon.colcon_core.verb:set package 'so_100_arm' build argument 'cmake_args' from command line to 'None'
[0.189s] Level 5:colcon.colcon_core.verb:set package 'so_100_arm' build argument 'cmake_target' from command line to 'None'
[0.189s] Level 5:colcon.colcon_core.verb:set package 'so_100_arm' build argument 'cmake_target_skip_unavailable' from command line to 'False'
[0.189s] Level 5:colcon.colcon_core.verb:set package 'so_100_arm' build argument 'cmake_clean_cache' from command line to 'False'
[0.189s] Level 5:colcon.colcon_core.verb:set package 'so_100_arm' build argument 'cmake_clean_first' from command line to 'False'
[0.189s] Level 5:colcon.colcon_core.verb:set package 'so_100_arm' build argument 'cmake_force_configure' from command line to 'False'
[0.189s] Level 5:colcon.colcon_core.verb:set package 'so_100_arm' build argument 'ament_cmake_args' from command line to 'None'
[0.189s] Level 5:colcon.colcon_core.verb:set package 'so_100_arm' build argument 'catkin_cmake_args' from command line to 'None'
[0.190s] Level 5:colcon.colcon_core.verb:set package 'so_100_arm' build argument 'catkin_skip_building_tests' from command line to 'False'
[0.190s] DEBUG:colcon.colcon_core.verb:Building package 'so_100_arm' with the following arguments: {'ament_cmake_args': None, 'build_base': '/root/so100_ws/build/so_100_arm', 'catkin_cmake_args': None, 'catkin_skip_building_tests': False, 'cmake_args': None, 'cmake_clean_cache': False, 'cmake_clean_first': False, 'cmake_force_configure': False, 'cmake_target': None, 'cmake_target_skip_unavailable': False, 'install_base': '/root/so100_ws/install/so_100_arm', 'merge_install': False, 'path': '/root/so100_ws/src/SO-100-arm', 'symlink_install': False, 'test_result_base': None}
[0.190s] INFO:colcon.colcon_core.executor:Executing jobs using 'parallel' executor
[0.190s] DEBUG:colcon.colcon_parallel_executor.executor.parallel:run_until_complete
[0.191s] INFO:colcon.colcon_ros.task.ament_python.build:Building ROS package in '/root/so100_ws/src/so100_2dof_bringup' with build type 'ament_python'
[0.191s] Level 1:colcon.colcon_core.shell:create_environment_hook('so100_2dof_bringup', 'ament_prefix_path')
[0.192s] INFO:colcon.colcon_core.plugin_system:Skipping extension 'colcon_core.shell.bat': Not used on non-Windows systems
[0.193s] INFO:colcon.colcon_core.shell:Creating environment hook '/root/so100_ws/install/so100_2dof_bringup/share/so100_2dof_bringup/hook/ament_prefix_path.ps1'
[0.206s] INFO:colcon.colcon_core.shell:Creating environment descriptor '/root/so100_ws/install/so100_2dof_bringup/share/so100_2dof_bringup/hook/ament_prefix_path.dsv'
[0.207s] INFO:colcon.colcon_core.shell:Creating environment hook '/root/so100_ws/install/so100_2dof_bringup/share/so100_2dof_bringup/hook/ament_prefix_path.sh'
[0.209s] INFO:colcon.colcon_core.shell:Skip shell extension 'powershell' for command environment: Not usable outside of PowerShell
[0.209s] DEBUG:colcon.colcon_core.shell:Skip shell extension 'dsv' for command environment
[0.216s] INFO:colcon.colcon_ros.task.ament_python.build:Building ROS package in '/root/so100_ws/src/so100_ioc_pipeline' with build type 'ament_python'
[0.216s] Level 1:colcon.colcon_core.shell:create_environment_hook('so100_ioc_pipeline', 'ament_prefix_path')
[0.216s] INFO:colcon.colcon_core.shell:Creating environment hook '/root/so100_ws/install/so100_ioc_pipeline/share/so100_ioc_pipeline/hook/ament_prefix_path.ps1'
[0.222s] INFO:colcon.colcon_core.shell:Creating environment descriptor '/root/so100_ws/install/so100_ioc_pipeline/share/so100_ioc_pipeline/hook/ament_prefix_path.dsv'
[0.223s] INFO:colcon.colcon_core.shell:Creating environment hook '/root/so100_ws/install/so100_ioc_pipeline/share/so100_ioc_pipeline/hook/ament_prefix_path.sh'
[0.225s] INFO:colcon.colcon_core.shell:Skip shell extension 'powershell' for command environment: Not usable outside of PowerShell
[0.225s] DEBUG:colcon.colcon_core.shell:Skip shell extension 'dsv' for command environment
[0.230s] INFO:colcon.colcon_ros.task.ament_python.build:Building ROS package in '/root/so100_ws/src/so100_lqr' with build type 'ament_python'
[0.230s] Level 1:colcon.colcon_core.shell:create_environment_hook('so100_lqr', 'ament_prefix_path')
[0.230s] INFO:colcon.colcon_core.shell:Creating environment hook '/root/so100_ws/install/so100_lqr/share/so100_lqr/hook/ament_prefix_path.ps1'
[0.231s] INFO:colcon.colcon_core.shell:Creating environment descriptor '/root/so100_ws/install/so100_lqr/share/so100_lqr/hook/ament_prefix_path.dsv'
[0.231s] INFO:colcon.colcon_core.shell:Creating environment hook '/root/so100_ws/install/so100_lqr/share/so100_lqr/hook/ament_prefix_path.sh'
[0.232s] INFO:colcon.colcon_core.shell:Skip shell extension 'powershell' for command environment: Not usable outside of PowerShell
[0.232s] DEBUG:colcon.colcon_core.shell:Skip shell extension 'dsv' for command environment
[0.236s] INFO:colcon.colcon_ros.task.ament_python.build:Building ROS package in '/root/so100_ws/src/so101_2dof_bringup' with build type 'ament_python'
[0.236s] Level 1:colcon.colcon_core.shell:create_environment_hook('so101_2dof_bringup', 'ament_prefix_path')
[0.237s] INFO:colcon.colcon_core.shell:Creating environment hook '/root/so100_ws/install/so101_2dof_bringup/share/so101_2dof_bringup/hook/ament_prefix_path.ps1'
[0.241s] INFO:colcon.colcon_core.shell:Creating environment descriptor '/root/so100_ws/install/so101_2dof_bringup/share/so101_2dof_bringup/hook/ament_prefix_path.dsv'
[0.242s] INFO:colcon.colcon_core.shell:Creating environment hook '/root/so100_ws/install/so101_2dof_bringup/share/so101_2dof_bringup/hook/ament_prefix_path.sh'
[0.243s] INFO:colcon.colcon_core.shell:Skip shell extension 'powershell' for command environment: Not usable outside of PowerShell
[0.243s] DEBUG:colcon.colcon_core.shell:Skip shell extension 'dsv' for command environment
[0.248s] INFO:colcon.colcon_ros.task.ament_python.build:Building ROS package in '/root/so100_ws/src/so101_ioc' with build type 'ament_python'
[0.248s] Level 1:colcon.colcon_core.shell:create_environment_hook('so101_ioc', 'ament_prefix_path')
[0.248s] INFO:colcon.colcon_core.shell:Creating environment hook '/root/so100_ws/install/so101_ioc/share/so101_ioc/hook/ament_prefix_path.ps1'
[0.249s] INFO:colcon.colcon_core.shell:Creating environment descriptor '/root/so100_ws/install/so101_ioc/share/so101_ioc/hook/ament_prefix_path.dsv'
[0.249s] INFO:colcon.colcon_core.shell:Creating environment hook '/root/so100_ws/install/so101_ioc/share/so101_ioc/hook/ament_prefix_path.sh'
[0.250s] INFO:colcon.colcon_core.shell:Skip shell extension 'powershell' for command environment: Not usable outside of PowerShell
[0.250s] DEBUG:colcon.colcon_core.shell:Skip shell extension 'dsv' for command environment
[0.254s] INFO:colcon.colcon_ros.task.ament_cmake.build:Building ROS package in '/root/so100_ws/src/SO-100-arm' with build type 'ament_cmake'
[0.254s] INFO:colcon.colcon_cmake.task.cmake.build:Building CMake package in '/root/so100_ws/src/SO-100-arm'
[0.255s] INFO:colcon.colcon_core.shell:Skip shell extension 'powershell' for command environment: Not usable outside of PowerShell
[0.255s] DEBUG:colcon.colcon_core.shell:Skip shell extension 'dsv' for command environment
[0.444s] INFO:colcon.colcon_core.task.python.build:Building Python package in '/root/so100_ws/src/so100_2dof_bringup'
[0.444s] INFO:colcon.colcon_core.shell:Skip shell extension 'powershell' for command environment: Not usable outside of PowerShell
[0.444s] DEBUG:colcon.colcon_core.shell:Skip shell extension 'dsv' for command environment
[0.641s] INFO:colcon.colcon_core.task.python.build:Building Python package in '/root/so100_ws/src/so100_ioc_pipeline'
[0.642s] INFO:colcon.colcon_core.shell:Skip shell extension 'powershell' for command environment: Not usable outside of PowerShell
[0.642s] DEBUG:colcon.colcon_core.shell:Skip shell extension 'dsv' for command environment
[0.825s] INFO:colcon.colcon_core.task.python.build:Building Python package in '/root/so100_ws/src/so100_lqr'
[0.825s] INFO:colcon.colcon_core.shell:Skip shell extension 'powershell' for command environment: Not usable outside of PowerShell
[0.825s] DEBUG:colcon.colcon_core.shell:Skip shell extension 'dsv' for command environment
[1.026s] INFO:colcon.colcon_core.task.python.build:Building Python package in '/root/so100_ws/src/so101_2dof_bringup'
[1.026s] INFO:colcon.colcon_core.shell:Skip shell extension 'powershell' for command environment: Not usable outside of PowerShell
[1.026s] DEBUG:colcon.colcon_core.shell:Skip shell extension 'dsv' for command environment
[1.207s] INFO:colcon.colcon_core.task.python.build:Building Python package in '/root/so100_ws/src/so101_ioc'
[1.207s] INFO:colcon.colcon_core.shell:Skip shell extension 'powershell' for command environment: Not usable outside of PowerShell
[1.207s] DEBUG:colcon.colcon_core.shell:Skip shell extension 'dsv' for command environment
[1.217s] DEBUG:colcon.colcon_core.event_handler.log_command:Invoking command in '/root/so100_ws/build/so_100_arm': CMAKE_PREFIX_PATH=${CMAKE_PREFIX_PATH}:/root/so100_ws/install/so101_ioc:/root/so100_ws/install/so101_2dof_bringup:/root/so100_ws/install/so100_lqr:/root/so100_ws/install/so100_ioc_pipeline:/root/so100_ws/install/so100_2dof_bringup:/opt/ros/jazzy /usr/bin/cmake --build /root/so100_ws/build/so_100_arm -- -j22 -l22
[1.342s] DEBUG:colcon.colcon_core.event_handler.log_command:Invoked command in '/root/so100_ws/build/so_100_arm' returned '0': CMAKE_PREFIX_PATH=${CMAKE_PREFIX_PATH}:/root/so100_ws/install/so101_ioc:/root/so100_ws/install/so101_2dof_bringup:/root/so100_ws/install/so100_lqr:/root/so100_ws/install/so100_ioc_pipeline:/root/so100_ws/install/so100_2dof_bringup:/opt/ros/jazzy /usr/bin/cmake --build /root/so100_ws/build/so_100_arm -- -j22 -l22
[1.354s] DEBUG:colcon.colcon_core.event_handler.log_command:Invoking command in '/root/so100_ws/build/so_100_arm': CMAKE_PREFIX_PATH=${CMAKE_PREFIX_PATH}:/root/so100_ws/install/so101_ioc:/root/so100_ws/install/so101_2dof_bringup:/root/so100_ws/install/so100_lqr:/root/so100_ws/install/so100_ioc_pipeline:/root/so100_ws/install/so100_2dof_bringup:/opt/ros/jazzy /usr/bin/cmake --install /root/so100_ws/build/so_100_arm
[1.446s] Level 1:colcon.colcon_core.environment:create_environment_scripts_only(so_100_arm)
[1.447s] DEBUG:colcon.colcon_core.event_handler.log_command:Invoked command in '/root/so100_ws/build/so_100_arm' returned '0': CMAKE_PREFIX_PATH=${CMAKE_PREFIX_PATH}:/root/so100_ws/install/so101_ioc:/root/so100_ws/install/so101_2dof_bringup:/root/so100_ws/install/so100_lqr:/root/so100_ws/install/so100_ioc_pipeline:/root/so100_ws/install/so100_2dof_bringup:/opt/ros/jazzy /usr/bin/cmake --install /root/so100_ws/build/so_100_arm
[1.449s] Level 1:colcon.colcon_core.environment:checking '/root/so100_ws/install/so_100_arm' for CMake module files
[1.450s] Level 1:colcon.colcon_core.environment:checking '/root/so100_ws/install/so_100_arm' for CMake config files
[1.450s] Level 1:colcon.colcon_core.shell:create_environment_hook('so_100_arm', 'cmake_prefix_path')
[1.450s] INFO:colcon.colcon_core.shell:Creating environment hook '/root/so100_ws/install/so_100_arm/share/so_100_arm/hook/cmake_prefix_path.ps1'
[1.453s] INFO:colcon.colcon_core.shell:Creating environment descriptor '/root/so100_ws/install/so_100_arm/share/so_100_arm/hook/cmake_prefix_path.dsv'
[1.454s] INFO:colcon.colcon_core.shell:Creating environment hook '/root/so100_ws/install/so_100_arm/share/so_100_arm/hook/cmake_prefix_path.sh'
[1.455s] Level 1:colcon.colcon_core.environment:checking '/root/so100_ws/install/so_100_arm/bin'
[1.456s] Level 1:colcon.colcon_core.environment:checking '/root/so100_ws/install/so_100_arm/lib/pkgconfig/so_100_arm.pc'
[1.456s] Level 1:colcon.colcon_core.environment:checking '/root/so100_ws/install/so_100_arm/lib/python3.12/site-packages'
[1.456s] Level 1:colcon.colcon_core.environment:checking '/root/so100_ws/install/so_100_arm/bin'
[1.456s] INFO:colcon.colcon_core.shell:Creating package script '/root/so100_ws/install/so_100_arm/share/so_100_arm/package.ps1'
[1.458s] INFO:colcon.colcon_core.shell:Creating package descriptor '/root/so100_ws/install/so_100_arm/share/so_100_arm/package.dsv'
[1.458s] INFO:colcon.colcon_core.shell:Creating package script '/root/so100_ws/install/so_100_arm/share/so_100_arm/package.sh'
[1.459s] INFO:colcon.colcon_core.shell:Creating package script '/root/so100_ws/install/so_100_arm/share/so_100_arm/package.bash'
[1.461s] INFO:colcon.colcon_core.shell:Creating package script '/root/so100_ws/install/so_100_arm/share/so_100_arm/package.zsh'
[1.462s] Level 1:colcon.colcon_core.environment:create_file_with_runtime_dependencies(/root/so100_ws/install/so_100_arm/share/colcon-core/packages/so_100_arm)
[1.465s] Level 1:colcon.colcon_core.environment:create_environment_scripts_only(so_100_arm)
[1.465s] Level 1:colcon.colcon_core.environment:checking '/root/so100_ws/install/so_100_arm' for CMake module files
[1.466s] Level 1:colcon.colcon_core.environment:checking '/root/so100_ws/install/so_100_arm' for CMake config files
[1.467s] Level 1:colcon.colcon_core.shell:create_environment_hook('so_100_arm', 'cmake_prefix_path')
[1.467s] INFO:colcon.colcon_core.shell:Creating environment hook '/root/so100_ws/install/so_100_arm/share/so_100_arm/hook/cmake_prefix_path.ps1'
[1.467s] INFO:colcon.colcon_core.shell:Creating environment descriptor '/root/so100_ws/install/so_100_arm/share/so_100_arm/hook/cmake_prefix_path.dsv'
[1.468s] INFO:colcon.colcon_core.shell:Creating environment hook '/root/so100_ws/install/so_100_arm/share/so_100_arm/hook/cmake_prefix_path.sh'
[1.468s] Level 1:colcon.colcon_core.environment:checking '/root/so100_ws/install/so_100_arm/bin'
[1.468s] Level 1:colcon.colcon_core.environment:checking '/root/so100_ws/install/so_100_arm/lib/pkgconfig/so_100_arm.pc'
[1.469s] Level 1:colcon.colcon_core.environment:checking '/root/so100_ws/install/so_100_arm/lib/python3.12/site-packages'
[1.469s] Level 1:colcon.colcon_core.environment:checking '/root/so100_ws/install/so_100_arm/bin'
[1.469s] INFO:colcon.colcon_core.shell:Creating package script '/root/so100_ws/install/so_100_arm/share/so_100_arm/package.ps1'
[1.469s] INFO:colcon.colcon_core.shell:Creating package descriptor '/root/so100_ws/install/so_100_arm/share/so_100_arm/package.dsv'
[1.470s] INFO:colcon.colcon_core.shell:Creating package script '/root/so100_ws/install/so_100_arm/share/so_100_arm/package.sh'
[1.470s] INFO:colcon.colcon_core.shell:Creating package script '/root/so100_ws/install/so_100_arm/share/so_100_arm/package.bash'
[1.471s] INFO:colcon.colcon_core.shell:Creating package script '/root/so100_ws/install/so_100_arm/share/so_100_arm/package.zsh'
[1.471s] Level 1:colcon.colcon_core.environment:create_file_with_runtime_dependencies(/root/so100_ws/install/so_100_arm/share/colcon-core/packages/so_100_arm)
[1.758s] DEBUG:colcon.colcon_core.event_handler.log_command:Invoking command in '/root/so100_ws/src/so100_2dof_bringup': PYTHONPATH=/root/so100_ws/build/so100_2dof_bringup/prefix_override:/usr/lib/python3/dist-packages/colcon_core/task/python/colcon_distutils_commands:/root/so100_ws/install/so100_2dof_bringup/lib/python3.12/site-packages:${PYTHONPATH} /usr/bin/python3 -W ignore:setup.py install is deprecated -W ignore:easy_install command is deprecated setup.py egg_info --egg-base ../../build/so100_2dof_bringup build --build-base /root/so100_ws/build/so100_2dof_bringup/build install --record /root/so100_ws/build/so100_2dof_bringup/install.log --single-version-externally-managed install_data
[1.780s] DEBUG:colcon.colcon_core.event_handler.log_command:Invoking command in '/root/so100_ws/build/so100_lqr': PYTHONPATH=/root/so100_ws/build/so100_lqr/prefix_override:/usr/lib/python3/dist-packages/colcon_core/task/python/colcon_distutils_commands:/root/so100_ws/install/so100_lqr/lib/python3.12/site-packages:${PYTHONPATH} /usr/bin/python3 -W ignore:setup.py install is deprecated -W ignore:easy_install command is deprecated setup.py develop --uninstall --editable --build-directory /root/so100_ws/build/so100_lqr/build
[1.791s] DEBUG:colcon.colcon_core.event_handler.log_command:Invoking command in '/root/so100_ws/build/so101_ioc': PYTHONPATH=/root/so100_ws/build/so101_ioc/prefix_override:/usr/lib/python3/dist-packages/colcon_core/task/python/colcon_distutils_commands:/root/so100_ws/install/so101_ioc/lib/python3.12/site-packages:${PYTHONPATH} /usr/bin/python3 -W ignore:setup.py install is deprecated -W ignore:easy_install command is deprecated setup.py develop --uninstall --editable --build-directory /root/so100_ws/build/so101_ioc/build
[1.811s] DEBUG:colcon.colcon_core.event_handler.log_command:Invoking command in '/root/so100_ws/src/so101_2dof_bringup': PYTHONPATH=/root/so100_ws/build/so101_2dof_bringup/prefix_override:/usr/lib/python3/dist-packages/colcon_core/task/python/colcon_distutils_commands:/root/so100_ws/install/so101_2dof_bringup/lib/python3.12/site-packages:${PYTHONPATH} /usr/bin/python3 -W ignore:setup.py install is deprecated -W ignore:easy_install command is deprecated setup.py egg_info --egg-base ../../build/so101_2dof_bringup build --build-base /root/so100_ws/build/so101_2dof_bringup/build install --record /root/so100_ws/build/so101_2dof_bringup/install.log --single-version-externally-managed install_data
[1.839s] DEBUG:colcon.colcon_core.event_handler.log_command:Invoking command in '/root/so100_ws/build/so100_ioc_pipeline': PYTHONPATH=/root/so100_ws/build/so100_ioc_pipeline/prefix_override:/usr/lib/python3/dist-packages/colcon_core/task/python/colcon_distutils_commands:/root/so100_ws/install/so100_ioc_pipeline/lib/python3.12/site-packages:${PYTHONPATH} /usr/bin/python3 -W ignore:setup.py install is deprecated -W ignore:easy_install command is deprecated setup.py develop --uninstall --editable --build-directory /root/so100_ws/build/so100_ioc_pipeline/build
[2.275s] DEBUG:colcon.colcon_core.event_handler.log_command:Invoked command in '/root/so100_ws/build/so101_ioc' returned '0': PYTHONPATH=/root/so100_ws/build/so101_ioc/prefix_override:/usr/lib/python3/dist-packages/colcon_core/task/python/colcon_distutils_commands:/root/so100_ws/install/so101_ioc/lib/python3.12/site-packages:${PYTHONPATH} /usr/bin/python3 -W ignore:setup.py install is deprecated -W ignore:easy_install command is deprecated setup.py develop --uninstall --editable --build-directory /root/so100_ws/build/so101_ioc/build
[2.284s] DEBUG:colcon.colcon_core.event_handler.log_command:Invoking command in '/root/so100_ws/src/so101_ioc': PYTHONPATH=/root/so100_ws/build/so101_ioc/prefix_override:/usr/lib/python3/dist-packages/colcon_core/task/python/colcon_distutils_commands:/root/so100_ws/install/so101_ioc/lib/python3.12/site-packages:${PYTHONPATH} /usr/bin/python3 -W ignore:setup.py install is deprecated -W ignore:easy_install command is deprecated setup.py egg_info --egg-base ../../build/so101_ioc build --build-base /root/so100_ws/build/so101_ioc/build install --record /root/so100_ws/build/so101_ioc/install.log --single-version-externally-managed install_data --force
[2.286s] DEBUG:colcon.colcon_core.event_handler.log_command:Invoked command in '/root/so100_ws/build/so100_lqr' returned '0': PYTHONPATH=/root/so100_ws/build/so100_lqr/prefix_override:/usr/lib/python3/dist-packages/colcon_core/task/python/colcon_distutils_commands:/root/so100_ws/install/so100_lqr/lib/python3.12/site-packages:${PYTHONPATH} /usr/bin/python3 -W ignore:setup.py install is deprecated -W ignore:easy_install command is deprecated setup.py develop --uninstall --editable --build-directory /root/so100_ws/build/so100_lqr/build
[2.287s] DEBUG:colcon.colcon_core.event_handler.log_command:Invoking command in '/root/so100_ws/src/so100_lqr': PYTHONPATH=/root/so100_ws/build/so100_lqr/prefix_override:/usr/lib/python3/dist-packages/colcon_core/task/python/colcon_distutils_commands:/root/so100_ws/install/so100_lqr/lib/python3.12/site-packages:${PYTHONPATH} /usr/bin/python3 -W ignore:setup.py install is deprecated -W ignore:easy_install command is deprecated setup.py egg_info --egg-base ../../build/so100_lqr build --build-base /root/so100_ws/build/so100_lqr/build install --record /root/so100_ws/build/so100_lqr/install.log --single-version-externally-managed install_data --force
[2.313s] Level 1:colcon.colcon_core.environment:checking '/root/so100_ws/install/so101_2dof_bringup' for CMake module files
[2.313s] DEBUG:colcon.colcon_core.event_handler.log_command:Invoked command in '/root/so100_ws/src/so101_2dof_bringup' returned '0': PYTHONPATH=/root/so100_ws/build/so101_2dof_bringup/prefix_override:/usr/lib/python3/dist-packages/colcon_core/task/python/colcon_distutils_commands:/root/so100_ws/install/so101_2dof_bringup/lib/python3.12/site-packages:${PYTHONPATH} /usr/bin/python3 -W ignore:setup.py install is deprecated -W ignore:easy_install command is deprecated setup.py egg_info --egg-base ../../build/so101_2dof_bringup build --build-base /root/so100_ws/build/so101_2dof_bringup/build install --record /root/so100_ws/build/so101_2dof_bringup/install.log --single-version-externally-managed install_data
[2.314s] Level 1:colcon.colcon_core.environment:checking '/root/so100_ws/install/so101_2dof_bringup' for CMake config files
[2.315s] Level 1:colcon.colcon_core.environment:checking '/root/so100_ws/install/so101_2dof_bringup/lib'
[2.315s] Level 1:colcon.colcon_core.environment:checking '/root/so100_ws/install/so101_2dof_bringup/bin'
[2.315s] Level 1:colcon.colcon_core.environment:checking '/root/so100_ws/install/so101_2dof_bringup/lib/pkgconfig/so101_2dof_bringup.pc'
[2.316s] Level 1:colcon.colcon_core.environment:checking '/root/so100_ws/install/so101_2dof_bringup/lib/python3.12/site-packages'
[2.316s] Level 1:colcon.colcon_core.shell:create_environment_hook('so101_2dof_bringup', 'pythonpath')
[2.316s] INFO:colcon.colcon_core.shell:Creating environment hook '/root/so100_ws/install/so101_2dof_bringup/share/so101_2dof_bringup/hook/pythonpath.ps1'
[2.317s] INFO:colcon.colcon_core.shell:Creating environment descriptor '/root/so100_ws/install/so101_2dof_bringup/share/so101_2dof_bringup/hook/pythonpath.dsv'
[2.320s] INFO:colcon.colcon_core.shell:Creating environment hook '/root/so100_ws/install/so101_2dof_bringup/share/so101_2dof_bringup/hook/pythonpath.sh'
[2.321s] Level 1:colcon.colcon_core.environment:checking '/root/so100_ws/install/so101_2dof_bringup/bin'
[2.322s] Level 1:colcon.colcon_core.environment:create_environment_scripts_only(so101_2dof_bringup)
[2.322s] INFO:colcon.colcon_core.shell:Creating package script '/root/so100_ws/install/so101_2dof_bringup/share/so101_2dof_bringup/package.ps1'
[2.323s] INFO:colcon.colcon_core.shell:Creating package descriptor '/root/so100_ws/install/so101_2dof_bringup/share/so101_2dof_bringup/package.dsv'
[2.325s] INFO:colcon.colcon_core.shell:Creating package script '/root/so100_ws/install/so101_2dof_bringup/share/so101_2dof_bringup/package.sh'
[2.327s] INFO:colcon.colcon_core.shell:Creating package script '/root/so100_ws/install/so101_2dof_bringup/share/so101_2dof_bringup/package.bash'
[2.328s] INFO:colcon.colcon_core.shell:Creating package script '/root/so100_ws/install/so101_2dof_bringup/share/so101_2dof_bringup/package.zsh'
[2.329s] Level 1:colcon.colcon_core.environment:create_file_with_runtime_dependencies(/root/so100_ws/install/so101_2dof_bringup/share/colcon-core/packages/so101_2dof_bringup)
[2.355s] Level 1:colcon.colcon_core.environment:checking '/root/so100_ws/install/so100_2dof_bringup' for CMake module files
[2.355s] DEBUG:colcon.colcon_core.event_handler.log_command:Invoked command in '/root/so100_ws/src/so100_2dof_bringup' returned '0': PYTHONPATH=/root/so100_ws/build/so100_2dof_bringup/prefix_override:/usr/lib/python3/dist-packages/colcon_core/task/python/colcon_distutils_commands:/root/so100_ws/install/so100_2dof_bringup/lib/python3.12/site-packages:${PYTHONPATH} /usr/bin/python3 -W ignore:setup.py install is deprecated -W ignore:easy_install command is deprecated setup.py egg_info --egg-base ../../build/so100_2dof_bringup build --build-base /root/so100_ws/build/so100_2dof_bringup/build install --record /root/so100_ws/build/so100_2dof_bringup/install.log --single-version-externally-managed install_data
[2.356s] Level 1:colcon.colcon_core.environment:checking '/root/so100_ws/install/so100_2dof_bringup' for CMake config files
[2.356s] Level 1:colcon.colcon_core.environment:checking '/root/so100_ws/install/so100_2dof_bringup/lib'
[2.356s] Level 1:colcon.colcon_core.environment:checking '/root/so100_ws/install/so100_2dof_bringup/bin'
[2.356s] Level 1:colcon.colcon_core.environment:checking '/root/so100_ws/install/so100_2dof_bringup/lib/pkgconfig/so100_2dof_bringup.pc'
[2.357s] Level 1:colcon.colcon_core.environment:checking '/root/so100_ws/install/so100_2dof_bringup/lib/python3.12/site-packages'
[2.357s] Level 1:colcon.colcon_core.shell:create_environment_hook('so100_2dof_bringup', 'pythonpath')
[2.357s] INFO:colcon.colcon_core.shell:Creating environment hook '/root/so100_ws/install/so100_2dof_bringup/share/so100_2dof_bringup/hook/pythonpath.ps1'
[2.359s] INFO:colcon.colcon_core.shell:Creating environment descriptor '/root/so100_ws/install/so100_2dof_bringup/share/so100_2dof_bringup/hook/pythonpath.dsv'
[2.360s] INFO:colcon.colcon_core.shell:Creating environment hook '/root/so100_ws/install/so100_2dof_bringup/share/so100_2dof_bringup/hook/pythonpath.sh'
[2.361s] Level 1:colcon.colcon_core.environment:checking '/root/so100_ws/install/so100_2dof_bringup/bin'
[2.361s] Level 1:colcon.colcon_core.environment:create_environment_scripts_only(so100_2dof_bringup)
[2.362s] INFO:colcon.colcon_core.shell:Creating package script '/root/so100_ws/install/so100_2dof_bringup/share/so100_2dof_bringup/package.ps1'
[2.363s] INFO:colcon.colcon_core.shell:Creating package descriptor '/root/so100_ws/install/so100_2dof_bringup/share/so100_2dof_bringup/package.dsv'
[2.365s] INFO:colcon.colcon_core.shell:Creating package script '/root/so100_ws/install/so100_2dof_bringup/share/so100_2dof_bringup/package.sh'
[2.366s] INFO:colcon.colcon_core.shell:Creating package script '/root/so100_ws/install/so100_2dof_bringup/share/so100_2dof_bringup/package.bash'
[2.368s] INFO:colcon.colcon_core.shell:Creating package script '/root/so100_ws/install/so100_2dof_bringup/share/so100_2dof_bringup/package.zsh'
[2.370s] Level 1:colcon.colcon_core.environment:create_file_with_runtime_dependencies(/root/so100_ws/install/so100_2dof_bringup/share/colcon-core/packages/so100_2dof_bringup)
[2.374s] DEBUG:colcon.colcon_core.event_handler.log_command:Invoked command in '/root/so100_ws/build/so100_ioc_pipeline' returned '0': PYTHONPATH=/root/so100_ws/build/so100_ioc_pipeline/prefix_override:/usr/lib/python3/dist-packages/colcon_core/task/python/colcon_distutils_commands:/root/so100_ws/install/so100_ioc_pipeline/lib/python3.12/site-packages:${PYTHONPATH} /usr/bin/python3 -W ignore:setup.py install is deprecated -W ignore:easy_install command is deprecated setup.py develop --uninstall --editable --build-directory /root/so100_ws/build/so100_ioc_pipeline/build
[2.375s] DEBUG:colcon.colcon_core.event_handler.log_command:Invoking command in '/root/so100_ws/src/so100_ioc_pipeline': PYTHONPATH=/root/so100_ws/build/so100_ioc_pipeline/prefix_override:/usr/lib/python3/dist-packages/colcon_core/task/python/colcon_distutils_commands:/root/so100_ws/install/so100_ioc_pipeline/lib/python3.12/site-packages:${PYTHONPATH} /usr/bin/python3 -W ignore:setup.py install is deprecated -W ignore:easy_install command is deprecated setup.py egg_info --egg-base ../../build/so100_ioc_pipeline build --build-base /root/so100_ws/build/so100_ioc_pipeline/build install --record /root/so100_ws/build/so100_ioc_pipeline/install.log --single-version-externally-managed install_data --force
[2.749s] Level 1:colcon.colcon_core.environment:checking '/root/so100_ws/install/so101_ioc' for CMake module files
[2.749s] DEBUG:colcon.colcon_core.event_handler.log_command:Invoked command in '/root/so100_ws/src/so101_ioc' returned '0': PYTHONPATH=/root/so100_ws/build/so101_ioc/prefix_override:/usr/lib/python3/dist-packages/colcon_core/task/python/colcon_distutils_commands:/root/so100_ws/install/so101_ioc/lib/python3.12/site-packages:${PYTHONPATH} /usr/bin/python3 -W ignore:setup.py install is deprecated -W ignore:easy_install command is deprecated setup.py egg_info --egg-base ../../build/so101_ioc build --build-base /root/so100_ws/build/so101_ioc/build install --record /root/so100_ws/build/so101_ioc/install.log --single-version-externally-managed install_data --force
[2.750s] Level 1:colcon.colcon_core.environment:checking '/root/so100_ws/install/so101_ioc' for CMake config files
[2.752s] Level 1:colcon.colcon_core.environment:checking '/root/so100_ws/install/so101_ioc/lib'
[2.752s] Level 1:colcon.colcon_core.environment:checking '/root/so100_ws/install/so101_ioc/bin'
[2.752s] Level 1:colcon.colcon_core.environment:checking '/root/so100_ws/install/so101_ioc/lib/pkgconfig/so101_ioc.pc'
[2.752s] Level 1:colcon.colcon_core.environment:checking '/root/so100_ws/install/so101_ioc/lib/python3.12/site-packages'
[2.752s] Level 1:colcon.colcon_core.shell:create_environment_hook('so101_ioc', 'pythonpath')
[2.752s] INFO:colcon.colcon_core.shell:Creating environment hook '/root/so100_ws/install/so101_ioc/share/so101_ioc/hook/pythonpath.ps1'
[2.753s] INFO:colcon.colcon_core.shell:Creating environment descriptor '/root/so100_ws/install/so101_ioc/share/so101_ioc/hook/pythonpath.dsv'
[2.753s] INFO:colcon.colcon_core.shell:Creating environment hook '/root/so100_ws/install/so101_ioc/share/so101_ioc/hook/pythonpath.sh'
[2.754s] Level 1:colcon.colcon_core.environment:checking '/root/so100_ws/install/so101_ioc/bin'
[2.754s] Level 1:colcon.colcon_core.environment:create_environment_scripts_only(so101_ioc)
[2.754s] INFO:colcon.colcon_core.shell:Creating package script '/root/so100_ws/install/so101_ioc/share/so101_ioc/package.ps1'
[2.755s] INFO:colcon.colcon_core.shell:Creating package descriptor '/root/so100_ws/install/so101_ioc/share/so101_ioc/package.dsv'
[2.755s] INFO:colcon.colcon_core.shell:Creating package script '/root/so100_ws/install/so101_ioc/share/so101_ioc/package.sh'
[2.755s] INFO:colcon.colcon_core.shell:Creating package script '/root/so100_ws/install/so101_ioc/share/so101_ioc/package.bash'
[2.756s] INFO:colcon.colcon_core.shell:Creating package script '/root/so100_ws/install/so101_ioc/share/so101_ioc/package.zsh'
[2.756s] Level 1:colcon.colcon_core.environment:create_file_with_runtime_dependencies(/root/so100_ws/install/so101_ioc/share/colcon-core/packages/so101_ioc)
[2.777s] Level 1:colcon.colcon_core.environment:checking '/root/so100_ws/install/so100_lqr' for CMake module files
[2.777s] DEBUG:colcon.colcon_core.event_handler.log_command:Invoked command in '/root/so100_ws/src/so100_lqr' returned '0': PYTHONPATH=/root/so100_ws/build/so100_lqr/prefix_override:/usr/lib/python3/dist-packages/colcon_core/task/python/colcon_distutils_commands:/root/so100_ws/install/so100_lqr/lib/python3.12/site-packages:${PYTHONPATH} /usr/bin/python3 -W ignore:setup.py install is deprecated -W ignore:easy_install command is deprecated setup.py egg_info --egg-base ../../build/so100_lqr build --build-base /root/so100_ws/build/so100_lqr/build install --record /root/so100_ws/build/so100_lqr/install.log --single-version-externally-managed install_data --force
[2.778s] Level 1:colcon.colcon_core.environment:checking '/root/so100_ws/install/so100_lqr' for CMake config files
[2.778s] Level 1:colcon.colcon_core.environment:checking '/root/so100_ws/install/so100_lqr/lib'
[2.778s] Level 1:colcon.colcon_core.environment:checking '/root/so100_ws/install/so100_lqr/bin'
[2.778s] Level 1:colcon.colcon_core.environment:checking '/root/so100_ws/install/so100_lqr/lib/pkgconfig/so100_lqr.pc'
[2.778s] Level 1:colcon.colcon_core.environment:checking '/root/so100_ws/install/so100_lqr/lib/python3.12/site-packages'
[2.779s] Level 1:colcon.colcon_core.shell:create_environment_hook('so100_lqr', 'pythonpath')
[2.779s] INFO:colcon.colcon_core.shell:Creating environment hook '/root/so100_ws/install/so100_lqr/share/so100_lqr/hook/pythonpath.ps1'
[2.779s] INFO:colcon.colcon_core.shell:Creating environment descriptor '/root/so100_ws/install/so100_lqr/share/so100_lqr/hook/pythonpath.dsv'
[2.779s] INFO:colcon.colcon_core.shell:Creating environment hook '/root/so100_ws/install/so100_lqr/share/so100_lqr/hook/pythonpath.sh'
[2.780s] Level 1:colcon.colcon_core.environment:checking '/root/so100_ws/install/so100_lqr/bin'
[2.780s] Level 1:colcon.colcon_core.environment:create_environment_scripts_only(so100_lqr)
[2.780s] INFO:colcon.colcon_core.shell:Creating package script '/root/so100_ws/install/so100_lqr/share/so100_lqr/package.ps1'
[2.781s] INFO:colcon.colcon_core.shell:Creating package descriptor '/root/so100_ws/install/so100_lqr/share/so100_lqr/package.dsv'
[2.781s] INFO:colcon.colcon_core.shell:Creating package script '/root/so100_ws/install/so100_lqr/share/so100_lqr/package.sh'
[2.781s] INFO:colcon.colcon_core.shell:Creating package script '/root/so100_ws/install/so100_lqr/share/so100_lqr/package.bash'
[2.782s] INFO:colcon.colcon_core.shell:Creating package script '/root/so100_ws/install/so100_lqr/share/so100_lqr/package.zsh'
[2.782s] Level 1:colcon.colcon_core.environment:create_file_with_runtime_dependencies(/root/so100_ws/install/so100_lqr/share/colcon-core/packages/so100_lqr)
[2.854s] Level 1:colcon.colcon_core.environment:checking '/root/so100_ws/install/so100_ioc_pipeline' for CMake module files
[2.854s] DEBUG:colcon.colcon_core.event_handler.log_command:Invoked command in '/root/so100_ws/src/so100_ioc_pipeline' returned '0': PYTHONPATH=/root/so100_ws/build/so100_ioc_pipeline/prefix_override:/usr/lib/python3/dist-packages/colcon_core/task/python/colcon_distutils_commands:/root/so100_ws/install/so100_ioc_pipeline/lib/python3.12/site-packages:${PYTHONPATH} /usr/bin/python3 -W ignore:setup.py install is deprecated -W ignore:easy_install command is deprecated setup.py egg_info --egg-base ../../build/so100_ioc_pipeline build --build-base /root/so100_ws/build/so100_ioc_pipeline/build install --record /root/so100_ws/build/so100_ioc_pipeline/install.log --single-version-externally-managed install_data --force
[2.854s] Level 1:colcon.colcon_core.environment:checking '/root/so100_ws/install/so100_ioc_pipeline' for CMake config files
[2.855s] Level 1:colcon.colcon_core.environment:checking '/root/so100_ws/install/so100_ioc_pipeline/lib'
[2.855s] Level 1:colcon.colcon_core.environment:checking '/root/so100_ws/install/so100_ioc_pipeline/bin'
[2.855s] Level 1:colcon.colcon_core.environment:checking '/root/so100_ws/install/so100_ioc_pipeline/lib/pkgconfig/so100_ioc_pipeline.pc'
[2.855s] Level 1:colcon.colcon_core.environment:checking '/root/so100_ws/install/so100_ioc_pipeline/lib/python3.12/site-packages'
[2.855s] Level 1:colcon.colcon_core.shell:create_environment_hook('so100_ioc_pipeline', 'pythonpath')
[2.856s] INFO:colcon.colcon_core.shell:Creating environment hook '/root/so100_ws/install/so100_ioc_pipeline/share/so100_ioc_pipeline/hook/pythonpath.ps1'
[2.857s] INFO:colcon.colcon_core.shell:Creating environment descriptor '/root/so100_ws/install/so100_ioc_pipeline/share/so100_ioc_pipeline/hook/pythonpath.dsv'
[2.858s] INFO:colcon.colcon_core.shell:Creating environment hook '/root/so100_ws/install/so100_ioc_pipeline/share/so100_ioc_pipeline/hook/pythonpath.sh'
[2.860s] Level 1:colcon.colcon_core.environment:checking '/root/so100_ws/install/so100_ioc_pipeline/bin'
[2.860s] Level 1:colcon.colcon_core.environment:create_environment_scripts_only(so100_ioc_pipeline)
[2.860s] INFO:colcon.colcon_core.shell:Creating package script '/root/so100_ws/install/so100_ioc_pipeline/share/so100_ioc_pipeline/package.ps1'
[2.861s] INFO:colcon.colcon_core.shell:Creating package descriptor '/root/so100_ws/install/so100_ioc_pipeline/share/so100_ioc_pipeline/package.dsv'
[2.863s] INFO:colcon.colcon_core.shell:Creating package script '/root/so100_ws/install/so100_ioc_pipeline/share/so100_ioc_pipeline/package.sh'
[2.865s] INFO:colcon.colcon_core.shell:Creating package script '/root/so100_ws/install/so100_ioc_pipeline/share/so100_ioc_pipeline/package.bash'
[2.866s] INFO:colcon.colcon_core.shell:Creating package script '/root/so100_ws/install/so100_ioc_pipeline/share/so100_ioc_pipeline/package.zsh'
[2.868s] Level 1:colcon.colcon_core.environment:create_file_with_runtime_dependencies(/root/so100_ws/install/so100_ioc_pipeline/share/colcon-core/packages/so100_ioc_pipeline)
[2.871s] DEBUG:colcon.colcon_parallel_executor.executor.parallel:closing loop
[2.871s] DEBUG:colcon.colcon_parallel_executor.executor.parallel:loop closed
[2.871s] DEBUG:colcon.colcon_parallel_executor.executor.parallel:run_until_complete finished with '0'
[2.872s] DEBUG:colcon.colcon_core.event_reactor:joining thread
[2.878s] INFO:colcon.colcon_core.plugin_system:Skipping extension 'colcon_notification.desktop_notification.notify_send': Could not find 'notify-send'
[2.878s] INFO:colcon.colcon_core.plugin_system:Skipping extension 'colcon_notification.desktop_notification.terminal_notifier': Not used on non-Darwin systems
[2.878s] INFO:colcon.colcon_core.plugin_system:Skipping extension 'colcon_notification.desktop_notification.win32': Not used on non-Windows systems
[2.878s] INFO:colcon.colcon_notification.desktop_notification:Sending desktop notification using 'notify2'
[2.880s] DEBUG:colcon.colcon_notification.desktop_notification.notify2:Failed to initialize notify2: org.freedesktop.DBus.Error.Spawn.ExecFailed: /usr/bin/dbus-launch terminated abnormally without any error message
[2.880s] DEBUG:colcon.colcon_core.event_reactor:joined thread
[2.881s] INFO:colcon.colcon_core.shell:Creating prefix script '/root/so100_ws/install/local_setup.ps1'
[2.882s] INFO:colcon.colcon_core.shell:Creating prefix util module '/root/so100_ws/install/_local_setup_util_ps1.py'
[2.883s] INFO:colcon.colcon_core.shell:Creating prefix chain script '/root/so100_ws/install/setup.ps1'
[2.884s] INFO:colcon.colcon_core.shell:Creating prefix script '/root/so100_ws/install/local_setup.sh'
[2.884s] INFO:colcon.colcon_core.shell:Creating prefix util module '/root/so100_ws/install/_local_setup_util_sh.py'
[2.884s] INFO:colcon.colcon_core.shell:Creating prefix chain script '/root/so100_ws/install/setup.sh'
[2.885s] INFO:colcon.colcon_core.shell:Creating prefix script '/root/so100_ws/install/local_setup.bash'
[2.886s] INFO:colcon.colcon_core.shell:Creating prefix chain script '/root/so100_ws/install/setup.bash'
[2.887s] INFO:colcon.colcon_core.shell:Creating prefix script '/root/so100_ws/install/local_setup.zsh'
[2.887s] INFO:colcon.colcon_core.shell:Creating prefix chain script '/root/so100_ws/install/setup.zsh'
