[0.160s] DEBUG:colcon:Command line arguments: ['/usr/bin/colcon', 'build', '--packages-select', 'so100_lqr', '--symlink-install']
[0.160s] DEBUG:colcon:Parsed command line arguments: Namespace(log_base=None, log_level=None, verb_name='build', build_base='build', install_base='install', merge_install=False, symlink_install=True, test_result_base=None, continue_on_error=False, executor='parallel', parallel_workers=22, event_handlers=None, ignore_user_meta=False, metas=['./colcon.meta'], base_paths=['.'], packages_ignore=None, packages_ignore_regex=None, paths=None, packages_up_to=None, packages_up_to_regex=None, packages_above=None, packages_above_and_dependencies=None, packages_above_depth=None, packages_select_by_dep=None, packages_skip_by_dep=None, packages_skip_up_to=None, packages_select_build_failed=False, packages_skip_build_finished=False, packages_select_test_failures=False, packages_skip_test_passed=False, packages_select=['so100_lqr'], packages_skip=None, packages_select_regex=None, packages_skip_regex=None, packages_start=None, packages_end=None, cmake_args=None, cmake_target=None, cmake_target_skip_unavailable=False, cmake_clean_cache=False, cmake_clean_first=False, cmake_force_configure=False, ament_cmake_args=None, catkin_cmake_args=None, catkin_skip_building_tests=False, mixin_files=None, mixin=None, verb_parser=<colcon_mixin.mixin.mixin_argument.MixinArgumentDecorator object at 0x719d7a169910>, verb_extension=<colcon_core.verb.build.BuildVerb object at 0x719d7a11ca70>, main=<bound method BuildVerb.main of <colcon_core.verb.build.BuildVerb object at 0x719d7a11ca70>>, mixin_verb=('build',))
[0.218s] Level 1:colcon.colcon_core.package_discovery:discover_packages(colcon_meta) check parameters
[0.219s] INFO:colcon.colcon_metadata.package_discovery.colcon_meta:Using configuration from '/root/.colcon/metadata/default/Gazebo.meta'
[0.220s] INFO:colcon.colcon_metadata.package_discovery.colcon_meta:Using configuration from '/root/.colcon/metadata/default/fastdds.meta'
[0.220s] INFO:colcon.colcon_metadata.package_discovery.colcon_meta:Using configuration from '/root/.colcon/metadata/default/fastrtps.meta'
[0.220s] Level 1:colcon.colcon_core.package_discovery:discover_packages(recursive) check parameters
[0.220s] Level 1:colcon.colcon_core.package_discovery:discover_packages(ignore) check parameters
[0.220s] Level 1:colcon.colcon_core.package_discovery:discover_packages(path) check parameters
[0.220s] Level 1:colcon.colcon_core.package_discovery:discover_packages(colcon_meta) discover
[0.220s] Level 1:colcon.colcon_core.package_discovery:discover_packages(recursive) discover
[0.220s] INFO:colcon.colcon_core.package_discovery:Crawling recursively for packages in '/root/so100_ws'
[0.221s] Level 1:colcon.colcon_core.package_identification:_identify(.) by extensions ['ignore', 'ignore_ament_install']
[0.221s] Level 1:colcon.colcon_core.package_identification:_identify(.) by extension 'ignore'
[0.221s] Level 1:colcon.colcon_core.package_identification:_identify(.) by extension 'ignore_ament_install'
[0.221s] Level 1:colcon.colcon_core.package_identification:_identify(.) by extensions ['colcon_pkg']
[0.221s] Level 1:colcon.colcon_core.package_identification:_identify(.) by extension 'colcon_pkg'
[0.221s] Level 1:colcon.colcon_core.package_identification:_identify(.) by extensions ['colcon_meta']
[0.221s] Level 1:colcon.colcon_core.package_identification:_identify(.) by extension 'colcon_meta'
[0.221s] Level 1:colcon.colcon_core.package_identification:_identify(.) by extensions ['ros']
[0.221s] Level 1:colcon.colcon_core.package_identification:_identify(.) by extension 'ros'
[0.247s] Level 1:colcon.colcon_core.package_identification:_identify(.) by extensions ['cmake', 'python']
[0.247s] Level 1:colcon.colcon_core.package_identification:_identify(.) by extension 'cmake'
[0.247s] Level 1:colcon.colcon_core.package_identification:_identify(.) by extension 'python'
[0.247s] Level 1:colcon.colcon_core.package_identification:_identify(.) by extensions ['python_setup_py']
[0.247s] Level 1:colcon.colcon_core.package_identification:_identify(.) by extension 'python_setup_py'
[0.247s] Level 1:colcon.colcon_core.package_identification:_identify(build) by extensions ['ignore', 'ignore_ament_install']
[0.247s] Level 1:colcon.colcon_core.package_identification:_identify(build) by extension 'ignore'
[0.247s] Level 1:colcon.colcon_core.package_identification:_identify(build) ignored
[0.247s] Level 1:colcon.colcon_core.package_identification:_identify(install) by extensions ['ignore', 'ignore_ament_install']
[0.247s] Level 1:colcon.colcon_core.package_identification:_identify(install) by extension 'ignore'
[0.247s] Level 1:colcon.colcon_core.package_identification:_identify(install) ignored
[0.247s] Level 1:colcon.colcon_core.package_identification:_identify(log) by extensions ['ignore', 'ignore_ament_install']
[0.247s] Level 1:colcon.colcon_core.package_identification:_identify(log) by extension 'ignore'
[0.247s] Level 1:colcon.colcon_core.package_identification:_identify(log) ignored
[0.247s] Level 1:colcon.colcon_core.package_identification:_identify(so100_ioc) by extensions ['ignore', 'ignore_ament_install']
[0.247s] Level 1:colcon.colcon_core.package_identification:_identify(so100_ioc) by extension 'ignore'
[0.247s] Level 1:colcon.colcon_core.package_identification:_identify(so100_ioc) by extension 'ignore_ament_install'
[0.248s] Level 1:colcon.colcon_core.package_identification:_identify(so100_ioc) by extensions ['colcon_pkg']
[0.248s] Level 1:colcon.colcon_core.package_identification:_identify(so100_ioc) by extension 'colcon_pkg'
[0.248s] Level 1:colcon.colcon_core.package_identification:_identify(so100_ioc) by extensions ['colcon_meta']
[0.248s] Level 1:colcon.colcon_core.package_identification:_identify(so100_ioc) by extension 'colcon_meta'
[0.248s] Level 1:colcon.colcon_core.package_identification:_identify(so100_ioc) by extensions ['ros']
[0.248s] Level 1:colcon.colcon_core.package_identification:_identify(so100_ioc) by extension 'ros'
[0.248s] Level 1:colcon.colcon_core.package_identification:_identify(so100_ioc) by extensions ['cmake', 'python']
[0.248s] Level 1:colcon.colcon_core.package_identification:_identify(so100_ioc) by extension 'cmake'
[0.248s] Level 1:colcon.colcon_core.package_identification:_identify(so100_ioc) by extension 'python'
[0.248s] Level 1:colcon.colcon_core.package_identification:_identify(so100_ioc) by extensions ['python_setup_py']
[0.248s] Level 1:colcon.colcon_core.package_identification:_identify(so100_ioc) by extension 'python_setup_py'
[0.248s] Level 1:colcon.colcon_core.package_identification:_identify(so101_ioc) by extensions ['ignore', 'ignore_ament_install']
[0.248s] Level 1:colcon.colcon_core.package_identification:_identify(so101_ioc) by extension 'ignore'
[0.248s] Level 1:colcon.colcon_core.package_identification:_identify(so101_ioc) by extension 'ignore_ament_install'
[0.248s] Level 1:colcon.colcon_core.package_identification:_identify(so101_ioc) by extensions ['colcon_pkg']
[0.248s] Level 1:colcon.colcon_core.package_identification:_identify(so101_ioc) by extension 'colcon_pkg'
[0.248s] Level 1:colcon.colcon_core.package_identification:_identify(so101_ioc) by extensions ['colcon_meta']
[0.248s] Level 1:colcon.colcon_core.package_identification:_identify(so101_ioc) by extension 'colcon_meta'
[0.248s] Level 1:colcon.colcon_core.package_identification:_identify(so101_ioc) by extensions ['ros']
[0.248s] Level 1:colcon.colcon_core.package_identification:_identify(so101_ioc) by extension 'ros'
[0.248s] Level 1:colcon.colcon_core.package_identification:_identify(so101_ioc) by extensions ['cmake', 'python']
[0.248s] Level 1:colcon.colcon_core.package_identification:_identify(so101_ioc) by extension 'cmake'
[0.248s] Level 1:colcon.colcon_core.package_identification:_identify(so101_ioc) by extension 'python'
[0.248s] Level 1:colcon.colcon_core.package_identification:_identify(so101_ioc) by extensions ['python_setup_py']
[0.248s] Level 1:colcon.colcon_core.package_identification:_identify(so101_ioc) by extension 'python_setup_py'
[0.248s] Level 1:colcon.colcon_core.package_identification:_identify(src) by extensions ['ignore', 'ignore_ament_install']
[0.248s] Level 1:colcon.colcon_core.package_identification:_identify(src) by extension 'ignore'
[0.248s] Level 1:colcon.colcon_core.package_identification:_identify(src) by extension 'ignore_ament_install'
[0.248s] Level 1:colcon.colcon_core.package_identification:_identify(src) by extensions ['colcon_pkg']
[0.248s] Level 1:colcon.colcon_core.package_identification:_identify(src) by extension 'colcon_pkg'
[0.248s] Level 1:colcon.colcon_core.package_identification:_identify(src) by extensions ['colcon_meta']
[0.248s] Level 1:colcon.colcon_core.package_identification:_identify(src) by extension 'colcon_meta'
[0.248s] Level 1:colcon.colcon_core.package_identification:_identify(src) by extensions ['ros']
[0.249s] Level 1:colcon.colcon_core.package_identification:_identify(src) by extension 'ros'
[0.249s] Level 1:colcon.colcon_core.package_identification:_identify(src) by extensions ['cmake', 'python']
[0.249s] Level 1:colcon.colcon_core.package_identification:_identify(src) by extension 'cmake'
[0.249s] Level 1:colcon.colcon_core.package_identification:_identify(src) by extension 'python'
[0.249s] Level 1:colcon.colcon_core.package_identification:_identify(src) by extensions ['python_setup_py']
[0.249s] Level 1:colcon.colcon_core.package_identification:_identify(src) by extension 'python_setup_py'
[0.249s] Level 1:colcon.colcon_core.package_identification:_identify(src/SO-100-arm) by extensions ['ignore', 'ignore_ament_install']
[0.249s] Level 1:colcon.colcon_core.package_identification:_identify(src/SO-100-arm) by extension 'ignore'
[0.249s] Level 1:colcon.colcon_core.package_identification:_identify(src/SO-100-arm) by extension 'ignore_ament_install'
[0.249s] Level 1:colcon.colcon_core.package_identification:_identify(src/SO-100-arm) by extensions ['colcon_pkg']
[0.249s] Level 1:colcon.colcon_core.package_identification:_identify(src/SO-100-arm) by extension 'colcon_pkg'
[0.249s] Level 1:colcon.colcon_core.package_identification:_identify(src/SO-100-arm) by extensions ['colcon_meta']
[0.249s] Level 1:colcon.colcon_core.package_identification:_identify(src/SO-100-arm) by extension 'colcon_meta'
[0.249s] Level 1:colcon.colcon_core.package_identification:_identify(src/SO-100-arm) by extensions ['ros']
[0.249s] Level 1:colcon.colcon_core.package_identification:_identify(src/SO-100-arm) by extension 'ros'
[0.252s] DEBUG:colcon.colcon_core.package_identification:Package 'src/SO-100-arm' with type 'ros.ament_cmake' and name 'so_100_arm'
[0.252s] Level 1:colcon.colcon_core.package_identification:_identify(src/so100_2dof_bringup) by extensions ['ignore', 'ignore_ament_install']
[0.252s] Level 1:colcon.colcon_core.package_identification:_identify(src/so100_2dof_bringup) by extension 'ignore'
[0.252s] Level 1:colcon.colcon_core.package_identification:_identify(src/so100_2dof_bringup) by extension 'ignore_ament_install'
[0.252s] Level 1:colcon.colcon_core.package_identification:_identify(src/so100_2dof_bringup) by extensions ['colcon_pkg']
[0.252s] Level 1:colcon.colcon_core.package_identification:_identify(src/so100_2dof_bringup) by extension 'colcon_pkg'
[0.252s] Level 1:colcon.colcon_core.package_identification:_identify(src/so100_2dof_bringup) by extensions ['colcon_meta']
[0.252s] Level 1:colcon.colcon_core.package_identification:_identify(src/so100_2dof_bringup) by extension 'colcon_meta'
[0.252s] Level 1:colcon.colcon_core.package_identification:_identify(src/so100_2dof_bringup) by extensions ['ros']
[0.252s] Level 1:colcon.colcon_core.package_identification:_identify(src/so100_2dof_bringup) by extension 'ros'
[0.253s] DEBUG:colcon.colcon_core.package_identification:Package 'src/so100_2dof_bringup' with type 'ros.ament_python' and name 'so100_2dof_bringup'
[0.253s] Level 1:colcon.colcon_core.package_identification:_identify(src/so100_ioc_pipeline) by extensions ['ignore', 'ignore_ament_install']
[0.253s] Level 1:colcon.colcon_core.package_identification:_identify(src/so100_ioc_pipeline) by extension 'ignore'
[0.253s] Level 1:colcon.colcon_core.package_identification:_identify(src/so100_ioc_pipeline) by extension 'ignore_ament_install'
[0.253s] Level 1:colcon.colcon_core.package_identification:_identify(src/so100_ioc_pipeline) by extensions ['colcon_pkg']
[0.253s] Level 1:colcon.colcon_core.package_identification:_identify(src/so100_ioc_pipeline) by extension 'colcon_pkg'
[0.253s] Level 1:colcon.colcon_core.package_identification:_identify(src/so100_ioc_pipeline) by extensions ['colcon_meta']
[0.253s] Level 1:colcon.colcon_core.package_identification:_identify(src/so100_ioc_pipeline) by extension 'colcon_meta'
[0.253s] Level 1:colcon.colcon_core.package_identification:_identify(src/so100_ioc_pipeline) by extensions ['ros']
[0.253s] Level 1:colcon.colcon_core.package_identification:_identify(src/so100_ioc_pipeline) by extension 'ros'
[0.254s] DEBUG:colcon.colcon_core.package_identification:Package 'src/so100_ioc_pipeline' with type 'ros.ament_python' and name 'so100_ioc_pipeline'
[0.254s] Level 1:colcon.colcon_core.package_identification:_identify(src/so100_lqr) by extensions ['ignore', 'ignore_ament_install']
[0.254s] Level 1:colcon.colcon_core.package_identification:_identify(src/so100_lqr) by extension 'ignore'
[0.254s] Level 1:colcon.colcon_core.package_identification:_identify(src/so100_lqr) by extension 'ignore_ament_install'
[0.254s] Level 1:colcon.colcon_core.package_identification:_identify(src/so100_lqr) by extensions ['colcon_pkg']
[0.254s] Level 1:colcon.colcon_core.package_identification:_identify(src/so100_lqr) by extension 'colcon_pkg'
[0.254s] Level 1:colcon.colcon_core.package_identification:_identify(src/so100_lqr) by extensions ['colcon_meta']
[0.254s] Level 1:colcon.colcon_core.package_identification:_identify(src/so100_lqr) by extension 'colcon_meta'
[0.254s] Level 1:colcon.colcon_core.package_identification:_identify(src/so100_lqr) by extensions ['ros']
[0.254s] Level 1:colcon.colcon_core.package_identification:_identify(src/so100_lqr) by extension 'ros'
[0.255s] DEBUG:colcon.colcon_core.package_identification:Package 'src/so100_lqr' with type 'ros.ament_python' and name 'so100_lqr'
[0.255s] Level 1:colcon.colcon_core.package_identification:_identify(src/so101_2dof_bringup) by extensions ['ignore', 'ignore_ament_install']
[0.255s] Level 1:colcon.colcon_core.package_identification:_identify(src/so101_2dof_bringup) by extension 'ignore'
[0.255s] Level 1:colcon.colcon_core.package_identification:_identify(src/so101_2dof_bringup) by extension 'ignore_ament_install'
[0.255s] Level 1:colcon.colcon_core.package_identification:_identify(src/so101_2dof_bringup) by extensions ['colcon_pkg']
[0.255s] Level 1:colcon.colcon_core.package_identification:_identify(src/so101_2dof_bringup) by extension 'colcon_pkg'
[0.255s] Level 1:colcon.colcon_core.package_identification:_identify(src/so101_2dof_bringup) by extensions ['colcon_meta']
[0.255s] Level 1:colcon.colcon_core.package_identification:_identify(src/so101_2dof_bringup) by extension 'colcon_meta'
[0.255s] Level 1:colcon.colcon_core.package_identification:_identify(src/so101_2dof_bringup) by extensions ['ros']
[0.255s] Level 1:colcon.colcon_core.package_identification:_identify(src/so101_2dof_bringup) by extension 'ros'
[0.256s] DEBUG:colcon.colcon_core.package_identification:Package 'src/so101_2dof_bringup' with type 'ros.ament_python' and name 'so101_2dof_bringup'
[0.256s] Level 1:colcon.colcon_core.package_identification:_identify(src/so101_ioc) by extensions ['ignore', 'ignore_ament_install']
[0.256s] Level 1:colcon.colcon_core.package_identification:_identify(src/so101_ioc) by extension 'ignore'
[0.256s] Level 1:colcon.colcon_core.package_identification:_identify(src/so101_ioc) by extension 'ignore_ament_install'
[0.256s] Level 1:colcon.colcon_core.package_identification:_identify(src/so101_ioc) by extensions ['colcon_pkg']
[0.256s] Level 1:colcon.colcon_core.package_identification:_identify(src/so101_ioc) by extension 'colcon_pkg'
[0.256s] Level 1:colcon.colcon_core.package_identification:_identify(src/so101_ioc) by extensions ['colcon_meta']
[0.256s] Level 1:colcon.colcon_core.package_identification:_identify(src/so101_ioc) by extension 'colcon_meta'
[0.256s] Level 1:colcon.colcon_core.package_identification:_identify(src/so101_ioc) by extensions ['ros']
[0.256s] Level 1:colcon.colcon_core.package_identification:_identify(src/so101_ioc) by extension 'ros'
[0.257s] DEBUG:colcon.colcon_core.package_identification:Package 'src/so101_ioc' with type 'ros.ament_python' and name 'so101_ioc'
[0.257s] Level 1:colcon.colcon_core.package_discovery:discover_packages(recursive) using defaults
[0.257s] Level 1:colcon.colcon_core.package_discovery:discover_packages(ignore) discover
[0.257s] Level 1:colcon.colcon_core.package_discovery:discover_packages(ignore) using defaults
[0.257s] Level 1:colcon.colcon_core.package_discovery:discover_packages(path) discover
[0.257s] Level 1:colcon.colcon_core.package_discovery:discover_packages(path) using defaults
[0.277s] INFO:colcon.colcon_core.package_selection:Skipping not selected package 'so100_2dof_bringup' in 'src/so100_2dof_bringup'
[0.277s] INFO:colcon.colcon_core.package_selection:Skipping not selected package 'so100_ioc_pipeline' in 'src/so100_ioc_pipeline'
[0.277s] INFO:colcon.colcon_core.package_selection:Skipping not selected package 'so101_2dof_bringup' in 'src/so101_2dof_bringup'
[0.277s] INFO:colcon.colcon_core.package_selection:Skipping not selected package 'so101_ioc' in 'src/so101_ioc'
[0.277s] INFO:colcon.colcon_core.package_selection:Skipping not selected package 'so_100_arm' in 'src/SO-100-arm'
[0.277s] Level 5:colcon.colcon_core.verb:set package 'so100_lqr' build argument 'cmake_args' from command line to 'None'
[0.277s] Level 5:colcon.colcon_core.verb:set package 'so100_lqr' build argument 'cmake_target' from command line to 'None'
[0.277s] Level 5:colcon.colcon_core.verb:set package 'so100_lqr' build argument 'cmake_target_skip_unavailable' from command line to 'False'
[0.277s] Level 5:colcon.colcon_core.verb:set package 'so100_lqr' build argument 'cmake_clean_cache' from command line to 'False'
[0.277s] Level 5:colcon.colcon_core.verb:set package 'so100_lqr' build argument 'cmake_clean_first' from command line to 'False'
[0.278s] Level 5:colcon.colcon_core.verb:set package 'so100_lqr' build argument 'cmake_force_configure' from command line to 'False'
[0.278s] Level 5:colcon.colcon_core.verb:set package 'so100_lqr' build argument 'ament_cmake_args' from command line to 'None'
[0.278s] Level 5:colcon.colcon_core.verb:set package 'so100_lqr' build argument 'catkin_cmake_args' from command line to 'None'
[0.278s] Level 5:colcon.colcon_core.verb:set package 'so100_lqr' build argument 'catkin_skip_building_tests' from command line to 'False'
[0.278s] DEBUG:colcon.colcon_core.verb:Building package 'so100_lqr' with the following arguments: {'ament_cmake_args': None, 'build_base': '/root/so100_ws/build/so100_lqr', 'catkin_cmake_args': None, 'catkin_skip_building_tests': False, 'cmake_args': None, 'cmake_clean_cache': False, 'cmake_clean_first': False, 'cmake_force_configure': False, 'cmake_target': None, 'cmake_target_skip_unavailable': False, 'install_base': '/root/so100_ws/install/so100_lqr', 'merge_install': False, 'path': '/root/so100_ws/src/so100_lqr', 'symlink_install': True, 'test_result_base': None}
[0.278s] INFO:colcon.colcon_core.executor:Executing jobs using 'parallel' executor
[0.279s] DEBUG:colcon.colcon_parallel_executor.executor.parallel:run_until_complete
[0.279s] INFO:colcon.colcon_ros.task.ament_python.build:Building ROS package in '/root/so100_ws/src/so100_lqr' with build type 'ament_python'
[0.279s] Level 1:colcon.colcon_core.shell:create_environment_hook('so100_lqr', 'ament_prefix_path')
[0.282s] INFO:colcon.colcon_core.plugin_system:Skipping extension 'colcon_core.shell.bat': Not used on non-Windows systems
[0.283s] INFO:colcon.colcon_core.shell:Creating environment hook '/root/so100_ws/install/so100_lqr/share/so100_lqr/hook/ament_prefix_path.ps1'
[0.288s] INFO:colcon.colcon_core.shell:Creating environment descriptor '/root/so100_ws/install/so100_lqr/share/so100_lqr/hook/ament_prefix_path.dsv'
[0.289s] INFO:colcon.colcon_core.shell:Creating environment hook '/root/so100_ws/install/so100_lqr/share/so100_lqr/hook/ament_prefix_path.sh'
[0.290s] INFO:colcon.colcon_core.shell:Skip shell extension 'powershell' for command environment: Not usable outside of PowerShell
[0.290s] DEBUG:colcon.colcon_core.shell:Skip shell extension 'dsv' for command environment
[0.471s] INFO:colcon.colcon_core.task.python.build:Building Python package in '/root/so100_ws/src/so100_lqr'
[0.471s] INFO:colcon.colcon_core.shell:Skip shell extension 'powershell' for command environment: Not usable outside of PowerShell
[0.471s] DEBUG:colcon.colcon_core.shell:Skip shell extension 'dsv' for command environment
[0.966s] DEBUG:colcon.colcon_core.task.python.build:While undoing a previous installation files outside the Python library path are being ignored: /root/so100_ws/install/so100_lqr/share/ament_index/resource_index/packages/so100_lqr
[0.966s] DEBUG:colcon.colcon_core.task.python.build:While undoing a previous installation files outside the Python library path are being ignored: /root/so100_ws/install/so100_lqr/share/so100_lqr/package.xml
[0.967s] DEBUG:colcon.colcon_core.task.python.build:While undoing a previous installation files outside the Python library path are being ignored: /root/so100_ws/install/so100_lqr/lib/so100_lqr/lqr_outer_loop
[0.968s] DEBUG:colcon.colcon_core.event_handler.log_command:Invoking command in '/root/so100_ws/build/so100_lqr': PYTHONPATH=/root/so100_ws/build/so100_lqr/prefix_override:/usr/lib/python3/dist-packages/colcon_core/task/python/colcon_distutils_commands:/root/so100_ws/install/so100_lqr/lib/python3.12/site-packages:${PYTHONPATH} /usr/bin/python3 -W ignore:setup.py install is deprecated -W ignore:easy_install command is deprecated setup.py develop --editable --build-directory /root/so100_ws/build/so100_lqr/build --no-deps symlink_data --force
[1.416s] Level 1:colcon.colcon_core.shell:create_environment_hook('so100_lqr', 'pythonpath_develop')
[1.417s] INFO:colcon.colcon_core.shell:Creating environment hook '/root/so100_ws/build/so100_lqr/share/so100_lqr/hook/pythonpath_develop.ps1'
[1.417s] DEBUG:colcon.colcon_core.event_handler.log_command:Invoked command in '/root/so100_ws/build/so100_lqr' returned '0': PYTHONPATH=/root/so100_ws/build/so100_lqr/prefix_override:/usr/lib/python3/dist-packages/colcon_core/task/python/colcon_distutils_commands:/root/so100_ws/install/so100_lqr/lib/python3.12/site-packages:${PYTHONPATH} /usr/bin/python3 -W ignore:setup.py install is deprecated -W ignore:easy_install command is deprecated setup.py develop --editable --build-directory /root/so100_ws/build/so100_lqr/build --no-deps symlink_data --force
[1.418s] INFO:colcon.colcon_core.shell:Creating environment descriptor '/root/so100_ws/build/so100_lqr/share/so100_lqr/hook/pythonpath_develop.dsv'
[1.418s] INFO:colcon.colcon_core.shell:Creating environment hook '/root/so100_ws/build/so100_lqr/share/so100_lqr/hook/pythonpath_develop.sh'
[1.424s] Level 1:colcon.colcon_core.environment:checking '/root/so100_ws/install/so100_lqr' for CMake module files
[1.425s] Level 1:colcon.colcon_core.environment:checking '/root/so100_ws/install/so100_lqr' for CMake config files
[1.426s] Level 1:colcon.colcon_core.environment:checking '/root/so100_ws/install/so100_lqr/lib'
[1.426s] Level 1:colcon.colcon_core.environment:checking '/root/so100_ws/install/so100_lqr/bin'
[1.426s] Level 1:colcon.colcon_core.environment:checking '/root/so100_ws/install/so100_lqr/lib/pkgconfig/so100_lqr.pc'
[1.426s] Level 1:colcon.colcon_core.environment:checking '/root/so100_ws/install/so100_lqr/lib/python3.12/site-packages'
[1.426s] Level 1:colcon.colcon_core.shell:create_environment_hook('so100_lqr', 'pythonpath')
[1.426s] INFO:colcon.colcon_core.shell:Creating environment hook '/root/so100_ws/install/so100_lqr/share/so100_lqr/hook/pythonpath.ps1'
[1.427s] INFO:colcon.colcon_core.shell:Creating environment descriptor '/root/so100_ws/install/so100_lqr/share/so100_lqr/hook/pythonpath.dsv'
[1.429s] INFO:colcon.colcon_core.shell:Creating environment hook '/root/so100_ws/install/so100_lqr/share/so100_lqr/hook/pythonpath.sh'
[1.431s] Level 1:colcon.colcon_core.environment:checking '/root/so100_ws/install/so100_lqr/bin'
[1.431s] Level 1:colcon.colcon_core.environment:create_environment_scripts_only(so100_lqr)
[1.431s] INFO:colcon.colcon_core.shell:Creating package script '/root/so100_ws/install/so100_lqr/share/so100_lqr/package.ps1'
[1.433s] INFO:colcon.colcon_core.shell:Creating package descriptor '/root/so100_ws/install/so100_lqr/share/so100_lqr/package.dsv'
[1.434s] INFO:colcon.colcon_core.shell:Creating package script '/root/so100_ws/install/so100_lqr/share/so100_lqr/package.sh'
[1.437s] INFO:colcon.colcon_core.shell:Creating package script '/root/so100_ws/install/so100_lqr/share/so100_lqr/package.bash'
[1.439s] INFO:colcon.colcon_core.shell:Creating package script '/root/so100_ws/install/so100_lqr/share/so100_lqr/package.zsh'
[1.441s] Level 1:colcon.colcon_core.environment:create_file_with_runtime_dependencies(/root/so100_ws/install/so100_lqr/share/colcon-core/packages/so100_lqr)
[1.444s] DEBUG:colcon.colcon_parallel_executor.executor.parallel:closing loop
[1.444s] DEBUG:colcon.colcon_parallel_executor.executor.parallel:loop closed
[1.444s] DEBUG:colcon.colcon_parallel_executor.executor.parallel:run_until_complete finished with '0'
[1.444s] DEBUG:colcon.colcon_core.event_reactor:joining thread
[1.454s] INFO:colcon.colcon_core.plugin_system:Skipping extension 'colcon_notification.desktop_notification.notify_send': Could not find 'notify-send'
[1.455s] INFO:colcon.colcon_core.plugin_system:Skipping extension 'colcon_notification.desktop_notification.terminal_notifier': Not used on non-Darwin systems
[1.455s] INFO:colcon.colcon_core.plugin_system:Skipping extension 'colcon_notification.desktop_notification.win32': Not used on non-Windows systems
[1.455s] INFO:colcon.colcon_notification.desktop_notification:Sending desktop notification using 'notify2'
[1.457s] DEBUG:colcon.colcon_notification.desktop_notification.notify2:Failed to initialize notify2: org.freedesktop.DBus.Error.Spawn.ExecFailed: /usr/bin/dbus-launch terminated abnormally without any error message
[1.457s] DEBUG:colcon.colcon_core.event_reactor:joined thread
[1.458s] INFO:colcon.colcon_core.shell:Creating prefix script '/root/so100_ws/install/local_setup.ps1'
[1.459s] INFO:colcon.colcon_core.shell:Creating prefix util module '/root/so100_ws/install/_local_setup_util_ps1.py'
[1.462s] INFO:colcon.colcon_core.shell:Creating prefix chain script '/root/so100_ws/install/setup.ps1'
[1.464s] INFO:colcon.colcon_core.shell:Creating prefix script '/root/so100_ws/install/local_setup.sh'
[1.465s] INFO:colcon.colcon_core.shell:Creating prefix util module '/root/so100_ws/install/_local_setup_util_sh.py'
[1.466s] INFO:colcon.colcon_core.shell:Creating prefix chain script '/root/so100_ws/install/setup.sh'
[1.468s] INFO:colcon.colcon_core.shell:Creating prefix script '/root/so100_ws/install/local_setup.bash'
[1.469s] INFO:colcon.colcon_core.shell:Creating prefix chain script '/root/so100_ws/install/setup.bash'
[1.471s] INFO:colcon.colcon_core.shell:Creating prefix script '/root/so100_ws/install/local_setup.zsh'
[1.472s] INFO:colcon.colcon_core.shell:Creating prefix chain script '/root/so100_ws/install/setup.zsh'
