[0.106s] DEBUG:colcon:Command line arguments: ['/usr/bin/colcon', 'build', '--packages-select', 'so101_ioc', '--symlink-install']
[0.106s] DEBUG:colcon:Parsed command line arguments: Namespace(log_base=None, log_level=None, verb_name='build', build_base='build', install_base='install', merge_install=False, symlink_install=True, test_result_base=None, continue_on_error=False, executor='parallel', parallel_workers=22, event_handlers=None, ignore_user_meta=False, metas=['./colcon.meta'], base_paths=['.'], packages_ignore=None, packages_ignore_regex=None, paths=None, packages_up_to=None, packages_up_to_regex=None, packages_above=None, packages_above_and_dependencies=None, packages_above_depth=None, packages_select_by_dep=None, packages_skip_by_dep=None, packages_skip_up_to=None, packages_select_build_failed=False, packages_skip_build_finished=False, packages_select_test_failures=False, packages_skip_test_passed=False, packages_select=['so101_ioc'], packages_skip=None, packages_select_regex=None, packages_skip_regex=None, packages_start=None, packages_end=None, cmake_args=None, cmake_target=None, cmake_target_skip_unavailable=False, cmake_clean_cache=False, cmake_clean_first=False, cmake_force_configure=False, ament_cmake_args=None, catkin_cmake_args=None, catkin_skip_building_tests=False, mixin_files=None, mixin=None, verb_parser=<colcon_mixin.mixin.mixin_argument.MixinArgumentDecorator object at 0x71c665c01250>, verb_extension=<colcon_core.verb.build.BuildVerb object at 0x71c665bb0e60>, main=<bound method BuildVerb.main of <colcon_core.verb.build.BuildVerb object at 0x71c665bb0e60>>, mixin_verb=('build',))
[0.140s] Level 1:colcon.colcon_core.package_discovery:discover_packages(colcon_meta) check parameters
[0.141s] INFO:colcon.colcon_metadata.package_discovery.colcon_meta:Using configuration from '/root/.colcon/metadata/default/Gazebo.meta'
[0.142s] INFO:colcon.colcon_metadata.package_discovery.colcon_meta:Using configuration from '/root/.colcon/metadata/default/fastdds.meta'
[0.142s] INFO:colcon.colcon_metadata.package_discovery.colcon_meta:Using configuration from '/root/.colcon/metadata/default/fastrtps.meta'
[0.142s] Level 1:colcon.colcon_core.package_discovery:discover_packages(recursive) check parameters
[0.142s] Level 1:colcon.colcon_core.package_discovery:discover_packages(ignore) check parameters
[0.142s] Level 1:colcon.colcon_core.package_discovery:discover_packages(path) check parameters
[0.142s] Level 1:colcon.colcon_core.package_discovery:discover_packages(colcon_meta) discover
[0.142s] Level 1:colcon.colcon_core.package_discovery:discover_packages(recursive) discover
[0.142s] INFO:colcon.colcon_core.package_discovery:Crawling recursively for packages in '/root/so100_ws'
[0.142s] Level 1:colcon.colcon_core.package_identification:_identify(.) by extensions ['ignore', 'ignore_ament_install']
[0.143s] Level 1:colcon.colcon_core.package_identification:_identify(.) by extension 'ignore'
[0.143s] Level 1:colcon.colcon_core.package_identification:_identify(.) by extension 'ignore_ament_install'
[0.143s] Level 1:colcon.colcon_core.package_identification:_identify(.) by extensions ['colcon_pkg']
[0.143s] Level 1:colcon.colcon_core.package_identification:_identify(.) by extension 'colcon_pkg'
[0.143s] Level 1:colcon.colcon_core.package_identification:_identify(.) by extensions ['colcon_meta']
[0.143s] Level 1:colcon.colcon_core.package_identification:_identify(.) by extension 'colcon_meta'
[0.143s] Level 1:colcon.colcon_core.package_identification:_identify(.) by extensions ['ros']
[0.143s] Level 1:colcon.colcon_core.package_identification:_identify(.) by extension 'ros'
[0.166s] Level 1:colcon.colcon_core.package_identification:_identify(.) by extensions ['cmake', 'python']
[0.166s] Level 1:colcon.colcon_core.package_identification:_identify(.) by extension 'cmake'
[0.166s] Level 1:colcon.colcon_core.package_identification:_identify(.) by extension 'python'
[0.166s] Level 1:colcon.colcon_core.package_identification:_identify(.) by extensions ['python_setup_py']
[0.166s] Level 1:colcon.colcon_core.package_identification:_identify(.) by extension 'python_setup_py'
[0.166s] Level 1:colcon.colcon_core.package_identification:_identify(build) by extensions ['ignore', 'ignore_ament_install']
[0.166s] Level 1:colcon.colcon_core.package_identification:_identify(build) by extension 'ignore'
[0.166s] Level 1:colcon.colcon_core.package_identification:_identify(build) ignored
[0.166s] Level 1:colcon.colcon_core.package_identification:_identify(install) by extensions ['ignore', 'ignore_ament_install']
[0.166s] Level 1:colcon.colcon_core.package_identification:_identify(install) by extension 'ignore'
[0.166s] Level 1:colcon.colcon_core.package_identification:_identify(install) ignored
[0.166s] Level 1:colcon.colcon_core.package_identification:_identify(log) by extensions ['ignore', 'ignore_ament_install']
[0.166s] Level 1:colcon.colcon_core.package_identification:_identify(log) by extension 'ignore'
[0.166s] Level 1:colcon.colcon_core.package_identification:_identify(log) ignored
[0.167s] Level 1:colcon.colcon_core.package_identification:_identify(so100_ioc) by extensions ['ignore', 'ignore_ament_install']
[0.167s] Level 1:colcon.colcon_core.package_identification:_identify(so100_ioc) by extension 'ignore'
[0.167s] Level 1:colcon.colcon_core.package_identification:_identify(so100_ioc) by extension 'ignore_ament_install'
[0.167s] Level 1:colcon.colcon_core.package_identification:_identify(so100_ioc) by extensions ['colcon_pkg']
[0.167s] Level 1:colcon.colcon_core.package_identification:_identify(so100_ioc) by extension 'colcon_pkg'
[0.167s] Level 1:colcon.colcon_core.package_identification:_identify(so100_ioc) by extensions ['colcon_meta']
[0.167s] Level 1:colcon.colcon_core.package_identification:_identify(so100_ioc) by extension 'colcon_meta'
[0.167s] Level 1:colcon.colcon_core.package_identification:_identify(so100_ioc) by extensions ['ros']
[0.167s] Level 1:colcon.colcon_core.package_identification:_identify(so100_ioc) by extension 'ros'
[0.167s] Level 1:colcon.colcon_core.package_identification:_identify(so100_ioc) by extensions ['cmake', 'python']
[0.167s] Level 1:colcon.colcon_core.package_identification:_identify(so100_ioc) by extension 'cmake'
[0.167s] Level 1:colcon.colcon_core.package_identification:_identify(so100_ioc) by extension 'python'
[0.167s] Level 1:colcon.colcon_core.package_identification:_identify(so100_ioc) by extensions ['python_setup_py']
[0.167s] Level 1:colcon.colcon_core.package_identification:_identify(so100_ioc) by extension 'python_setup_py'
[0.167s] Level 1:colcon.colcon_core.package_identification:_identify(so101_ioc) by extensions ['ignore', 'ignore_ament_install']
[0.167s] Level 1:colcon.colcon_core.package_identification:_identify(so101_ioc) by extension 'ignore'
[0.167s] Level 1:colcon.colcon_core.package_identification:_identify(so101_ioc) by extension 'ignore_ament_install'
[0.167s] Level 1:colcon.colcon_core.package_identification:_identify(so101_ioc) by extensions ['colcon_pkg']
[0.167s] Level 1:colcon.colcon_core.package_identification:_identify(so101_ioc) by extension 'colcon_pkg'
[0.167s] Level 1:colcon.colcon_core.package_identification:_identify(so101_ioc) by extensions ['colcon_meta']
[0.167s] Level 1:colcon.colcon_core.package_identification:_identify(so101_ioc) by extension 'colcon_meta'
[0.167s] Level 1:colcon.colcon_core.package_identification:_identify(so101_ioc) by extensions ['ros']
[0.167s] Level 1:colcon.colcon_core.package_identification:_identify(so101_ioc) by extension 'ros'
[0.167s] Level 1:colcon.colcon_core.package_identification:_identify(so101_ioc) by extensions ['cmake', 'python']
[0.167s] Level 1:colcon.colcon_core.package_identification:_identify(so101_ioc) by extension 'cmake'
[0.167s] Level 1:colcon.colcon_core.package_identification:_identify(so101_ioc) by extension 'python'
[0.167s] Level 1:colcon.colcon_core.package_identification:_identify(so101_ioc) by extensions ['python_setup_py']
[0.167s] Level 1:colcon.colcon_core.package_identification:_identify(so101_ioc) by extension 'python_setup_py'
[0.167s] Level 1:colcon.colcon_core.package_identification:_identify(src) by extensions ['ignore', 'ignore_ament_install']
[0.167s] Level 1:colcon.colcon_core.package_identification:_identify(src) by extension 'ignore'
[0.167s] Level 1:colcon.colcon_core.package_identification:_identify(src) by extension 'ignore_ament_install'
[0.167s] Level 1:colcon.colcon_core.package_identification:_identify(src) by extensions ['colcon_pkg']
[0.167s] Level 1:colcon.colcon_core.package_identification:_identify(src) by extension 'colcon_pkg'
[0.167s] Level 1:colcon.colcon_core.package_identification:_identify(src) by extensions ['colcon_meta']
[0.168s] Level 1:colcon.colcon_core.package_identification:_identify(src) by extension 'colcon_meta'
[0.168s] Level 1:colcon.colcon_core.package_identification:_identify(src) by extensions ['ros']
[0.168s] Level 1:colcon.colcon_core.package_identification:_identify(src) by extension 'ros'
[0.168s] Level 1:colcon.colcon_core.package_identification:_identify(src) by extensions ['cmake', 'python']
[0.168s] Level 1:colcon.colcon_core.package_identification:_identify(src) by extension 'cmake'
[0.168s] Level 1:colcon.colcon_core.package_identification:_identify(src) by extension 'python'
[0.168s] Level 1:colcon.colcon_core.package_identification:_identify(src) by extensions ['python_setup_py']
[0.168s] Level 1:colcon.colcon_core.package_identification:_identify(src) by extension 'python_setup_py'
[0.168s] Level 1:colcon.colcon_core.package_identification:_identify(src/SO-100-arm) by extensions ['ignore', 'ignore_ament_install']
[0.168s] Level 1:colcon.colcon_core.package_identification:_identify(src/SO-100-arm) by extension 'ignore'
[0.168s] Level 1:colcon.colcon_core.package_identification:_identify(src/SO-100-arm) by extension 'ignore_ament_install'
[0.168s] Level 1:colcon.colcon_core.package_identification:_identify(src/SO-100-arm) by extensions ['colcon_pkg']
[0.168s] Level 1:colcon.colcon_core.package_identification:_identify(src/SO-100-arm) by extension 'colcon_pkg'
[0.168s] Level 1:colcon.colcon_core.package_identification:_identify(src/SO-100-arm) by extensions ['colcon_meta']
[0.168s] Level 1:colcon.colcon_core.package_identification:_identify(src/SO-100-arm) by extension 'colcon_meta'
[0.168s] Level 1:colcon.colcon_core.package_identification:_identify(src/SO-100-arm) by extensions ['ros']
[0.168s] Level 1:colcon.colcon_core.package_identification:_identify(src/SO-100-arm) by extension 'ros'
[0.171s] DEBUG:colcon.colcon_core.package_identification:Package 'src/SO-100-arm' with type 'ros.ament_cmake' and name 'so_100_arm'
[0.171s] Level 1:colcon.colcon_core.package_identification:_identify(src/so100_2dof_bringup) by extensions ['ignore', 'ignore_ament_install']
[0.171s] Level 1:colcon.colcon_core.package_identification:_identify(src/so100_2dof_bringup) by extension 'ignore'
[0.171s] Level 1:colcon.colcon_core.package_identification:_identify(src/so100_2dof_bringup) by extension 'ignore_ament_install'
[0.171s] Level 1:colcon.colcon_core.package_identification:_identify(src/so100_2dof_bringup) by extensions ['colcon_pkg']
[0.171s] Level 1:colcon.colcon_core.package_identification:_identify(src/so100_2dof_bringup) by extension 'colcon_pkg'
[0.172s] Level 1:colcon.colcon_core.package_identification:_identify(src/so100_2dof_bringup) by extensions ['colcon_meta']
[0.172s] Level 1:colcon.colcon_core.package_identification:_identify(src/so100_2dof_bringup) by extension 'colcon_meta'
[0.172s] Level 1:colcon.colcon_core.package_identification:_identify(src/so100_2dof_bringup) by extensions ['ros']
[0.172s] Level 1:colcon.colcon_core.package_identification:_identify(src/so100_2dof_bringup) by extension 'ros'
[0.172s] DEBUG:colcon.colcon_core.package_identification:Package 'src/so100_2dof_bringup' with type 'ros.ament_python' and name 'so100_2dof_bringup'
[0.172s] Level 1:colcon.colcon_core.package_identification:_identify(src/so100_ioc_pipeline) by extensions ['ignore', 'ignore_ament_install']
[0.173s] Level 1:colcon.colcon_core.package_identification:_identify(src/so100_ioc_pipeline) by extension 'ignore'
[0.173s] Level 1:colcon.colcon_core.package_identification:_identify(src/so100_ioc_pipeline) by extension 'ignore_ament_install'
[0.173s] Level 1:colcon.colcon_core.package_identification:_identify(src/so100_ioc_pipeline) by extensions ['colcon_pkg']
[0.173s] Level 1:colcon.colcon_core.package_identification:_identify(src/so100_ioc_pipeline) by extension 'colcon_pkg'
[0.173s] Level 1:colcon.colcon_core.package_identification:_identify(src/so100_ioc_pipeline) by extensions ['colcon_meta']
[0.173s] Level 1:colcon.colcon_core.package_identification:_identify(src/so100_ioc_pipeline) by extension 'colcon_meta'
[0.173s] Level 1:colcon.colcon_core.package_identification:_identify(src/so100_ioc_pipeline) by extensions ['ros']
[0.173s] Level 1:colcon.colcon_core.package_identification:_identify(src/so100_ioc_pipeline) by extension 'ros'
[0.174s] DEBUG:colcon.colcon_core.package_identification:Package 'src/so100_ioc_pipeline' with type 'ros.ament_python' and name 'so100_ioc_pipeline'
[0.174s] Level 1:colcon.colcon_core.package_identification:_identify(src/so100_lqr) by extensions ['ignore', 'ignore_ament_install']
[0.174s] Level 1:colcon.colcon_core.package_identification:_identify(src/so100_lqr) by extension 'ignore'
[0.174s] Level 1:colcon.colcon_core.package_identification:_identify(src/so100_lqr) by extension 'ignore_ament_install'
[0.174s] Level 1:colcon.colcon_core.package_identification:_identify(src/so100_lqr) by extensions ['colcon_pkg']
[0.174s] Level 1:colcon.colcon_core.package_identification:_identify(src/so100_lqr) by extension 'colcon_pkg'
[0.174s] Level 1:colcon.colcon_core.package_identification:_identify(src/so100_lqr) by extensions ['colcon_meta']
[0.174s] Level 1:colcon.colcon_core.package_identification:_identify(src/so100_lqr) by extension 'colcon_meta'
[0.174s] Level 1:colcon.colcon_core.package_identification:_identify(src/so100_lqr) by extensions ['ros']
[0.174s] Level 1:colcon.colcon_core.package_identification:_identify(src/so100_lqr) by extension 'ros'
[0.175s] DEBUG:colcon.colcon_core.package_identification:Package 'src/so100_lqr' with type 'ros.ament_python' and name 'so100_lqr'
[0.175s] Level 1:colcon.colcon_core.package_identification:_identify(src/so101_2dof_bringup) by extensions ['ignore', 'ignore_ament_install']
[0.175s] Level 1:colcon.colcon_core.package_identification:_identify(src/so101_2dof_bringup) by extension 'ignore'
[0.175s] Level 1:colcon.colcon_core.package_identification:_identify(src/so101_2dof_bringup) by extension 'ignore_ament_install'
[0.175s] Level 1:colcon.colcon_core.package_identification:_identify(src/so101_2dof_bringup) by extensions ['colcon_pkg']
[0.175s] Level 1:colcon.colcon_core.package_identification:_identify(src/so101_2dof_bringup) by extension 'colcon_pkg'
[0.175s] Level 1:colcon.colcon_core.package_identification:_identify(src/so101_2dof_bringup) by extensions ['colcon_meta']
[0.175s] Level 1:colcon.colcon_core.package_identification:_identify(src/so101_2dof_bringup) by extension 'colcon_meta'
[0.176s] Level 1:colcon.colcon_core.package_identification:_identify(src/so101_2dof_bringup) by extensions ['ros']
[0.176s] Level 1:colcon.colcon_core.package_identification:_identify(src/so101_2dof_bringup) by extension 'ros'
[0.176s] DEBUG:colcon.colcon_core.package_identification:Package 'src/so101_2dof_bringup' with type 'ros.ament_python' and name 'so101_2dof_bringup'
[0.176s] Level 1:colcon.colcon_core.package_identification:_identify(src/so101_ioc) by extensions ['ignore', 'ignore_ament_install']
[0.176s] Level 1:colcon.colcon_core.package_identification:_identify(src/so101_ioc) by extension 'ignore'
[0.176s] Level 1:colcon.colcon_core.package_identification:_identify(src/so101_ioc) by extension 'ignore_ament_install'
[0.176s] Level 1:colcon.colcon_core.package_identification:_identify(src/so101_ioc) by extensions ['colcon_pkg']
[0.176s] Level 1:colcon.colcon_core.package_identification:_identify(src/so101_ioc) by extension 'colcon_pkg'
[0.176s] Level 1:colcon.colcon_core.package_identification:_identify(src/so101_ioc) by extensions ['colcon_meta']
[0.176s] Level 1:colcon.colcon_core.package_identification:_identify(src/so101_ioc) by extension 'colcon_meta'
[0.177s] Level 1:colcon.colcon_core.package_identification:_identify(src/so101_ioc) by extensions ['ros']
[0.177s] Level 1:colcon.colcon_core.package_identification:_identify(src/so101_ioc) by extension 'ros'
[0.177s] DEBUG:colcon.colcon_core.package_identification:Package 'src/so101_ioc' with type 'ros.ament_python' and name 'so101_ioc'
[0.177s] Level 1:colcon.colcon_core.package_discovery:discover_packages(recursive) using defaults
[0.177s] Level 1:colcon.colcon_core.package_discovery:discover_packages(ignore) discover
[0.177s] Level 1:colcon.colcon_core.package_discovery:discover_packages(ignore) using defaults
[0.177s] Level 1:colcon.colcon_core.package_discovery:discover_packages(path) discover
[0.177s] Level 1:colcon.colcon_core.package_discovery:discover_packages(path) using defaults
[0.194s] INFO:colcon.colcon_core.package_selection:Skipping not selected package 'so100_2dof_bringup' in 'src/so100_2dof_bringup'
[0.194s] INFO:colcon.colcon_core.package_selection:Skipping not selected package 'so100_ioc_pipeline' in 'src/so100_ioc_pipeline'
[0.194s] INFO:colcon.colcon_core.package_selection:Skipping not selected package 'so100_lqr' in 'src/so100_lqr'
[0.195s] INFO:colcon.colcon_core.package_selection:Skipping not selected package 'so101_2dof_bringup' in 'src/so101_2dof_bringup'
[0.195s] INFO:colcon.colcon_core.package_selection:Skipping not selected package 'so_100_arm' in 'src/SO-100-arm'
[0.195s] Level 5:colcon.colcon_core.verb:set package 'so101_ioc' build argument 'cmake_args' from command line to 'None'
[0.195s] Level 5:colcon.colcon_core.verb:set package 'so101_ioc' build argument 'cmake_target' from command line to 'None'
[0.195s] Level 5:colcon.colcon_core.verb:set package 'so101_ioc' build argument 'cmake_target_skip_unavailable' from command line to 'False'
[0.195s] Level 5:colcon.colcon_core.verb:set package 'so101_ioc' build argument 'cmake_clean_cache' from command line to 'False'
[0.195s] Level 5:colcon.colcon_core.verb:set package 'so101_ioc' build argument 'cmake_clean_first' from command line to 'False'
[0.195s] Level 5:colcon.colcon_core.verb:set package 'so101_ioc' build argument 'cmake_force_configure' from command line to 'False'
[0.195s] Level 5:colcon.colcon_core.verb:set package 'so101_ioc' build argument 'ament_cmake_args' from command line to 'None'
[0.195s] Level 5:colcon.colcon_core.verb:set package 'so101_ioc' build argument 'catkin_cmake_args' from command line to 'None'
[0.195s] Level 5:colcon.colcon_core.verb:set package 'so101_ioc' build argument 'catkin_skip_building_tests' from command line to 'False'
[0.195s] DEBUG:colcon.colcon_core.verb:Building package 'so101_ioc' with the following arguments: {'ament_cmake_args': None, 'build_base': '/root/so100_ws/build/so101_ioc', 'catkin_cmake_args': None, 'catkin_skip_building_tests': False, 'cmake_args': None, 'cmake_clean_cache': False, 'cmake_clean_first': False, 'cmake_force_configure': False, 'cmake_target': None, 'cmake_target_skip_unavailable': False, 'install_base': '/root/so100_ws/install/so101_ioc', 'merge_install': False, 'path': '/root/so100_ws/src/so101_ioc', 'symlink_install': True, 'test_result_base': None}
[0.195s] INFO:colcon.colcon_core.executor:Executing jobs using 'parallel' executor
[0.196s] DEBUG:colcon.colcon_parallel_executor.executor.parallel:run_until_complete
[0.196s] INFO:colcon.colcon_ros.task.ament_python.build:Building ROS package in '/root/so100_ws/src/so101_ioc' with build type 'ament_python'
[0.197s] Level 1:colcon.colcon_core.shell:create_environment_hook('so101_ioc', 'ament_prefix_path')
[0.198s] INFO:colcon.colcon_core.plugin_system:Skipping extension 'colcon_core.shell.bat': Not used on non-Windows systems
[0.198s] INFO:colcon.colcon_core.shell:Creating environment hook '/root/so100_ws/install/so101_ioc/share/so101_ioc/hook/ament_prefix_path.ps1'
[0.213s] INFO:colcon.colcon_core.shell:Creating environment descriptor '/root/so100_ws/install/so101_ioc/share/so101_ioc/hook/ament_prefix_path.dsv'
[0.214s] INFO:colcon.colcon_core.shell:Creating environment hook '/root/so100_ws/install/so101_ioc/share/so101_ioc/hook/ament_prefix_path.sh'
[0.215s] INFO:colcon.colcon_core.shell:Skip shell extension 'powershell' for command environment: Not usable outside of PowerShell
[0.215s] DEBUG:colcon.colcon_core.shell:Skip shell extension 'dsv' for command environment
[0.405s] INFO:colcon.colcon_core.task.python.build:Building Python package in '/root/so100_ws/src/so101_ioc'
[0.406s] INFO:colcon.colcon_core.shell:Skip shell extension 'powershell' for command environment: Not usable outside of PowerShell
[0.406s] DEBUG:colcon.colcon_core.shell:Skip shell extension 'dsv' for command environment
[0.880s] DEBUG:colcon.colcon_core.task.python.build:While undoing a previous installation files outside the Python library path are being ignored: /root/so100_ws/install/so101_ioc/share/ament_index/resource_index/packages/so101_ioc
[0.880s] DEBUG:colcon.colcon_core.task.python.build:While undoing a previous installation files outside the Python library path are being ignored: /root/so100_ws/install/so101_ioc/share/so101_ioc/package.xml
[0.881s] DEBUG:colcon.colcon_core.task.python.build:While undoing a previous installation files outside the Python library path are being ignored: /root/so100_ws/install/so101_ioc/lib/so101_ioc/ioc_exactgrad
[0.881s] DEBUG:colcon.colcon_core.task.python.build:While undoing a previous installation files outside the Python library path are being ignored: /root/so100_ws/install/so101_ioc/lib/so101_ioc/robot_description_relay
[0.881s] DEBUG:colcon.colcon_core.task.python.build:While undoing a previous installation files outside the Python library path are being ignored: /root/so100_ws/install/so101_ioc/lib/so101_ioc/state_logger_csv
[0.883s] DEBUG:colcon.colcon_core.event_handler.log_command:Invoking command in '/root/so100_ws/build/so101_ioc': PYTHONPATH=/root/so100_ws/build/so101_ioc/prefix_override:/usr/lib/python3/dist-packages/colcon_core/task/python/colcon_distutils_commands:/root/so100_ws/install/so101_ioc/lib/python3.12/site-packages:${PYTHONPATH} /usr/bin/python3 -W ignore:setup.py install is deprecated -W ignore:easy_install command is deprecated setup.py develop --editable --build-directory /root/so100_ws/build/so101_ioc/build --no-deps symlink_data --force
[1.474s] Level 1:colcon.colcon_core.shell:create_environment_hook('so101_ioc', 'pythonpath_develop')
[1.474s] INFO:colcon.colcon_core.shell:Creating environment hook '/root/so100_ws/build/so101_ioc/share/so101_ioc/hook/pythonpath_develop.ps1'
[1.474s] DEBUG:colcon.colcon_core.event_handler.log_command:Invoked command in '/root/so100_ws/build/so101_ioc' returned '0': PYTHONPATH=/root/so100_ws/build/so101_ioc/prefix_override:/usr/lib/python3/dist-packages/colcon_core/task/python/colcon_distutils_commands:/root/so100_ws/install/so101_ioc/lib/python3.12/site-packages:${PYTHONPATH} /usr/bin/python3 -W ignore:setup.py install is deprecated -W ignore:easy_install command is deprecated setup.py develop --editable --build-directory /root/so100_ws/build/so101_ioc/build --no-deps symlink_data --force
[1.475s] INFO:colcon.colcon_core.shell:Creating environment descriptor '/root/so100_ws/build/so101_ioc/share/so101_ioc/hook/pythonpath_develop.dsv'
[1.475s] INFO:colcon.colcon_core.shell:Creating environment hook '/root/so100_ws/build/so101_ioc/share/so101_ioc/hook/pythonpath_develop.sh'
[1.478s] Level 1:colcon.colcon_core.environment:checking '/root/so100_ws/install/so101_ioc' for CMake module files
[1.478s] Level 1:colcon.colcon_core.environment:checking '/root/so100_ws/install/so101_ioc' for CMake config files
[1.479s] Level 1:colcon.colcon_core.environment:checking '/root/so100_ws/install/so101_ioc/lib'
[1.480s] Level 1:colcon.colcon_core.environment:checking '/root/so100_ws/install/so101_ioc/bin'
[1.480s] Level 1:colcon.colcon_core.environment:checking '/root/so100_ws/install/so101_ioc/lib/pkgconfig/so101_ioc.pc'
[1.480s] Level 1:colcon.colcon_core.environment:checking '/root/so100_ws/install/so101_ioc/lib/python3.12/site-packages'
[1.480s] Level 1:colcon.colcon_core.shell:create_environment_hook('so101_ioc', 'pythonpath')
[1.480s] INFO:colcon.colcon_core.shell:Creating environment hook '/root/so100_ws/install/so101_ioc/share/so101_ioc/hook/pythonpath.ps1'
[1.482s] INFO:colcon.colcon_core.shell:Creating environment descriptor '/root/so100_ws/install/so101_ioc/share/so101_ioc/hook/pythonpath.dsv'
[1.483s] INFO:colcon.colcon_core.shell:Creating environment hook '/root/so100_ws/install/so101_ioc/share/so101_ioc/hook/pythonpath.sh'
[1.485s] Level 1:colcon.colcon_core.environment:checking '/root/so100_ws/install/so101_ioc/bin'
[1.485s] Level 1:colcon.colcon_core.environment:create_environment_scripts_only(so101_ioc)
[1.485s] INFO:colcon.colcon_core.shell:Creating package script '/root/so100_ws/install/so101_ioc/share/so101_ioc/package.ps1'
[1.486s] INFO:colcon.colcon_core.shell:Creating package descriptor '/root/so100_ws/install/so101_ioc/share/so101_ioc/package.dsv'
[1.488s] INFO:colcon.colcon_core.shell:Creating package script '/root/so100_ws/install/so101_ioc/share/so101_ioc/package.sh'
[1.490s] INFO:colcon.colcon_core.shell:Creating package script '/root/so100_ws/install/so101_ioc/share/so101_ioc/package.bash'
[1.491s] INFO:colcon.colcon_core.shell:Creating package script '/root/so100_ws/install/so101_ioc/share/so101_ioc/package.zsh'
[1.493s] Level 1:colcon.colcon_core.environment:create_file_with_runtime_dependencies(/root/so100_ws/install/so101_ioc/share/colcon-core/packages/so101_ioc)
[1.496s] DEBUG:colcon.colcon_parallel_executor.executor.parallel:closing loop
[1.496s] DEBUG:colcon.colcon_parallel_executor.executor.parallel:loop closed
[1.496s] DEBUG:colcon.colcon_parallel_executor.executor.parallel:run_until_complete finished with '0'
[1.496s] DEBUG:colcon.colcon_core.event_reactor:joining thread
[1.503s] INFO:colcon.colcon_core.plugin_system:Skipping extension 'colcon_notification.desktop_notification.notify_send': Could not find 'notify-send'
[1.504s] INFO:colcon.colcon_core.plugin_system:Skipping extension 'colcon_notification.desktop_notification.terminal_notifier': Not used on non-Darwin systems
[1.504s] INFO:colcon.colcon_core.plugin_system:Skipping extension 'colcon_notification.desktop_notification.win32': Not used on non-Windows systems
[1.504s] INFO:colcon.colcon_notification.desktop_notification:Sending desktop notification using 'notify2'
[1.505s] DEBUG:colcon.colcon_notification.desktop_notification.notify2:Failed to initialize notify2: org.freedesktop.DBus.Error.Spawn.ExecFailed: /usr/bin/dbus-launch terminated abnormally without any error message
[1.506s] DEBUG:colcon.colcon_core.event_reactor:joined thread
[1.506s] INFO:colcon.colcon_core.shell:Creating prefix script '/root/so100_ws/install/local_setup.ps1'
[1.507s] INFO:colcon.colcon_core.shell:Creating prefix util module '/root/so100_ws/install/_local_setup_util_ps1.py'
[1.509s] INFO:colcon.colcon_core.shell:Creating prefix chain script '/root/so100_ws/install/setup.ps1'
[1.511s] INFO:colcon.colcon_core.shell:Creating prefix script '/root/so100_ws/install/local_setup.sh'
[1.511s] INFO:colcon.colcon_core.shell:Creating prefix util module '/root/so100_ws/install/_local_setup_util_sh.py'
[1.512s] INFO:colcon.colcon_core.shell:Creating prefix chain script '/root/so100_ws/install/setup.sh'
[1.513s] INFO:colcon.colcon_core.shell:Creating prefix script '/root/so100_ws/install/local_setup.bash'
[1.513s] INFO:colcon.colcon_core.shell:Creating prefix chain script '/root/so100_ws/install/setup.bash'
[1.514s] INFO:colcon.colcon_core.shell:Creating prefix script '/root/so100_ws/install/local_setup.zsh'
[1.514s] INFO:colcon.colcon_core.shell:Creating prefix chain script '/root/so100_ws/install/setup.zsh'
