running egg_info
writing ../../build/so100_lqr/so100_lqr.egg-info/PKG-INFO
writing dependency_links to ../../build/so100_lqr/so100_lqr.egg-info/dependency_links.txt
writing entry points to ../../build/so100_lqr/so100_lqr.egg-info/entry_points.txt
writing requirements to ../../build/so100_lqr/so100_lqr.egg-info/requires.txt
writing top-level names to ../../build/so100_lqr/so100_lqr.egg-info/top_level.txt
reading manifest file '../../build/so100_lqr/so100_lqr.egg-info/SOURCES.txt'
writing manifest file '../../build/so100_lqr/so100_lqr.egg-info/SOURCES.txt'
running build
running build_py
running install
running install_lib
running install_data
running install_egg_info
removing '/root/so100_ws/install/so100_lqr/lib/python3.12/site-packages/so100_lqr-0.0.0-py3.12.egg-info' (and everything under it)
Copying ../../build/so100_lqr/so100_lqr.egg-info to /root/so100_ws/install/so100_lqr/lib/python3.12/site-packages/so100_lqr-0.0.0-py3.12.egg-info
running install_scripts
Installing lqr_outer_loop script to /root/so100_ws/install/so100_lqr/lib/so100_lqr
Installing lqr_with_Q script to /root/so100_ws/install/so100_lqr/lib/so100_lqr
writing list of installed files to '/root/so100_ws/build/so100_lqr/install.log'
