[1.411s] Invoking command in '/root/so100_ws/src/so100_lqr': PYTHONPATH=/root/so100_ws/build/so100_lqr/prefix_override:/usr/lib/python3/dist-packages/colcon_core/task/python/colcon_distutils_commands:/root/so100_ws/install/so100_lqr/lib/python3.12/site-packages:${PYTHONPATH} /usr/bin/python3 -W ignore:setup.py install is deprecated -W ignore:easy_install command is deprecated setup.py egg_info --egg-base ../../build/so100_lqr build --build-base /root/so100_ws/build/so100_lqr/build install --record /root/so100_ws/build/so100_lqr/install.log --single-version-externally-managed install_data
[1.673s] running egg_info
[1.689s] writing ../../build/so100_lqr/so100_lqr.egg-info/PKG-INFO
[1.689s] writing dependency_links to ../../build/so100_lqr/so100_lqr.egg-info/dependency_links.txt
[1.690s] writing entry points to ../../build/so100_lqr/so100_lqr.egg-info/entry_points.txt
[1.690s] writing requirements to ../../build/so100_lqr/so100_lqr.egg-info/requires.txt
[1.690s] writing top-level names to ../../build/so100_lqr/so100_lqr.egg-info/top_level.txt
[1.723s] reading manifest file '../../build/so100_lqr/so100_lqr.egg-info/SOURCES.txt'
[1.724s] writing manifest file '../../build/so100_lqr/so100_lqr.egg-info/SOURCES.txt'
[1.724s] running build
[1.725s] running build_py
[1.725s] running install
[1.732s] running install_lib
[1.756s] running install_data
[1.756s] running install_egg_info
[1.781s] removing '/root/so100_ws/install/so100_lqr/lib/python3.12/site-packages/so100_lqr-0.0.0-py3.12.egg-info' (and everything under it)
[1.781s] Copying ../../build/so100_lqr/so100_lqr.egg-info to /root/so100_ws/install/so100_lqr/lib/python3.12/site-packages/so100_lqr-0.0.0-py3.12.egg-info
[1.784s] running install_scripts
[1.928s] Installing lqr_outer_loop script to /root/so100_ws/install/so100_lqr/lib/so100_lqr
[1.928s] Installing lqr_with_Q script to /root/so100_ws/install/so100_lqr/lib/so100_lqr
[1.929s] writing list of installed files to '/root/so100_ws/build/so100_lqr/install.log'
[1.959s] Invoked command in '/root/so100_ws/src/so100_lqr' returned '0': PYTHONPATH=/root/so100_ws/build/so100_lqr/prefix_override:/usr/lib/python3/dist-packages/colcon_core/task/python/colcon_distutils_commands:/root/so100_ws/install/so100_lqr/lib/python3.12/site-packages:${PYTHONPATH} /usr/bin/python3 -W ignore:setup.py install is deprecated -W ignore:easy_install command is deprecated setup.py egg_info --egg-base ../../build/so100_lqr build --build-base /root/so100_ws/build/so100_lqr/build install --record /root/so100_ws/build/so100_lqr/install.log --single-version-externally-managed install_data
