/root/so100_ws/install/so100_ioc_pipeline/lib/python3.12/site-packages/so100_ioc_pipeline/__init__.py
/root/so100_ws/install/so100_ioc_pipeline/lib/python3.12/site-packages/so100_ioc_pipeline/leader_log.py
/root/so100_ws/install/so100_ioc_pipeline/lib/python3.12/site-packages/so100_ioc_pipeline/follower_run.py
/root/so100_ws/install/so100_ioc_pipeline/lib/python3.12/site-packages/so100_ioc_pipeline/ioc_fitK.py
/root/so100_ws/install/so100_ioc_pipeline/lib/python3.12/site-packages/so100_ioc_pipeline/__pycache__/__init__.cpython-312.pyc
/root/so100_ws/install/so100_ioc_pipeline/lib/python3.12/site-packages/so100_ioc_pipeline/__pycache__/leader_log.cpython-312.pyc
/root/so100_ws/install/so100_ioc_pipeline/lib/python3.12/site-packages/so100_ioc_pipeline/__pycache__/follower_run.cpython-312.pyc
/root/so100_ws/install/so100_ioc_pipeline/lib/python3.12/site-packages/so100_ioc_pipeline/__pycache__/ioc_fitK.cpython-312.pyc
/root/so100_ws/install/so100_ioc_pipeline/share/ament_index/resource_index/packages/so100_ioc_pipeline
/root/so100_ws/install/so100_ioc_pipeline/share/so100_ioc_pipeline/package.xml
/root/so100_ws/install/so100_ioc_pipeline/lib/python3.12/site-packages/so100_ioc_pipeline-0.0.0-py3.12.egg-info/entry_points.txt
/root/so100_ws/install/so100_ioc_pipeline/lib/python3.12/site-packages/so100_ioc_pipeline-0.0.0-py3.12.egg-info/top_level.txt
/root/so100_ws/install/so100_ioc_pipeline/lib/python3.12/site-packages/so100_ioc_pipeline-0.0.0-py3.12.egg-info/zip-safe
/root/so100_ws/install/so100_ioc_pipeline/lib/python3.12/site-packages/so100_ioc_pipeline-0.0.0-py3.12.egg-info/PKG-INFO
/root/so100_ws/install/so100_ioc_pipeline/lib/python3.12/site-packages/so100_ioc_pipeline-0.0.0-py3.12.egg-info/dependency_links.txt
/root/so100_ws/install/so100_ioc_pipeline/lib/python3.12/site-packages/so100_ioc_pipeline-0.0.0-py3.12.egg-info/SOURCES.txt
/root/so100_ws/install/so100_ioc_pipeline/lib/python3.12/site-packages/so100_ioc_pipeline-0.0.0-py3.12.egg-info/requires.txt
/root/so100_ws/install/so100_ioc_pipeline/lib/so100_ioc_pipeline/follower_run
/root/so100_ws/install/so100_ioc_pipeline/lib/so100_ioc_pipeline/ioc_fitK
/root/so100_ws/install/so100_ioc_pipeline/lib/so100_ioc_pipeline/leader_log
