running egg_info
writing ../../build/so100_ioc_pipeline/so100_ioc_pipeline.egg-info/PKG-INFO
writing dependency_links to ../../build/so100_ioc_pipeline/so100_ioc_pipeline.egg-info/dependency_links.txt
writing entry points to ../../build/so100_ioc_pipeline/so100_ioc_pipeline.egg-info/entry_points.txt
writing requirements to ../../build/so100_ioc_pipeline/so100_ioc_pipeline.egg-info/requires.txt
writing top-level names to ../../build/so100_ioc_pipeline/so100_ioc_pipeline.egg-info/top_level.txt
reading manifest file '../../build/so100_ioc_pipeline/so100_ioc_pipeline.egg-info/SOURCES.txt'
writing manifest file '../../build/so100_ioc_pipeline/so100_ioc_pipeline.egg-info/SOURCES.txt'
running build
running build_py
running install
running install_lib
running install_data
running install_egg_info
removing '/root/so100_ws/install/so100_ioc_pipeline/lib/python3.12/site-packages/so100_ioc_pipeline-0.0.0-py3.12.egg-info' (and everything under it)
Copying ../../build/so100_ioc_pipeline/so100_ioc_pipeline.egg-info to /root/so100_ws/install/so100_ioc_pipeline/lib/python3.12/site-packages/so100_ioc_pipeline-0.0.0-py3.12.egg-info
running install_scripts
Installing follower_run script to /root/so100_ws/install/so100_ioc_pipeline/lib/so100_ioc_pipeline
Installing ioc_fitK script to /root/so100_ws/install/so100_ioc_pipeline/lib/so100_ioc_pipeline
Installing leader_log script to /root/so100_ws/install/so100_ioc_pipeline/lib/so100_ioc_pipeline
writing list of installed files to '/root/so100_ws/build/so100_ioc_pipeline/install.log'
