[1.421s] Invoking command in '/root/so100_ws/src/so100_ioc_pipeline': PYTHONPATH=/root/so100_ws/build/so100_ioc_pipeline/prefix_override:/usr/lib/python3/dist-packages/colcon_core/task/python/colcon_distutils_commands:/root/so100_ws/install/so100_ioc_pipeline/lib/python3.12/site-packages:${PYTHONPATH} /usr/bin/python3 -W ignore:setup.py install is deprecated -W ignore:easy_install command is deprecated setup.py egg_info --egg-base ../../build/so100_ioc_pipeline build --build-base /root/so100_ws/build/so100_ioc_pipeline/build install --record /root/so100_ws/build/so100_ioc_pipeline/install.log --single-version-externally-managed install_data
[1.696s] running egg_info
[1.712s] writing ../../build/so100_ioc_pipeline/so100_ioc_pipeline.egg-info/PKG-INFO
[1.712s] writing dependency_links to ../../build/so100_ioc_pipeline/so100_ioc_pipeline.egg-info/dependency_links.txt
[1.712s] writing entry points to ../../build/so100_ioc_pipeline/so100_ioc_pipeline.egg-info/entry_points.txt
[1.712s] writing requirements to ../../build/so100_ioc_pipeline/so100_ioc_pipeline.egg-info/requires.txt
[1.713s] writing top-level names to ../../build/so100_ioc_pipeline/so100_ioc_pipeline.egg-info/top_level.txt
[1.747s] reading manifest file '../../build/so100_ioc_pipeline/so100_ioc_pipeline.egg-info/SOURCES.txt'
[1.748s] writing manifest file '../../build/so100_ioc_pipeline/so100_ioc_pipeline.egg-info/SOURCES.txt'
[1.748s] running build
[1.748s] running build_py
[1.749s] running install
[1.756s] running install_lib
[1.773s] running install_data
[1.774s] running install_egg_info
[1.796s] removing '/root/so100_ws/install/so100_ioc_pipeline/lib/python3.12/site-packages/so100_ioc_pipeline-0.0.0-py3.12.egg-info' (and everything under it)
[1.797s] Copying ../../build/so100_ioc_pipeline/so100_ioc_pipeline.egg-info to /root/so100_ws/install/so100_ioc_pipeline/lib/python3.12/site-packages/so100_ioc_pipeline-0.0.0-py3.12.egg-info
[1.799s] running install_scripts
[1.971s] Installing follower_run script to /root/so100_ws/install/so100_ioc_pipeline/lib/so100_ioc_pipeline
[1.971s] Installing ioc_fitK script to /root/so100_ws/install/so100_ioc_pipeline/lib/so100_ioc_pipeline
[1.971s] Installing leader_log script to /root/so100_ws/install/so100_ioc_pipeline/lib/so100_ioc_pipeline
[1.971s] writing list of installed files to '/root/so100_ws/build/so100_ioc_pipeline/install.log'
[2.001s] Invoked command in '/root/so100_ws/src/so100_ioc_pipeline' returned '0': PYTHONPATH=/root/so100_ws/build/so100_ioc_pipeline/prefix_override:/usr/lib/python3/dist-packages/colcon_core/task/python/colcon_distutils_commands:/root/so100_ws/install/so100_ioc_pipeline/lib/python3.12/site-packages:${PYTHONPATH} /usr/bin/python3 -W ignore:setup.py install is deprecated -W ignore:easy_install command is deprecated setup.py egg_info --egg-base ../../build/so100_ioc_pipeline build --build-base /root/so100_ws/build/so100_ioc_pipeline/build install --record /root/so100_ws/build/so100_ioc_pipeline/install.log --single-version-externally-managed install_data
