[0.890s] Invoking command in '/root/so100_ws/build/so_100_arm': CMAKE_PREFIX_PATH=${CMAKE_PREFIX_PATH}:/root/so100_ws/install/so101_ioc:/root/so100_ws/install/so101_2dof_bringup:/root/so100_ws/install/so100_lqr:/root/so100_ws/install/so100_ioc_pipeline:/root/so100_ws/install/so100_2dof_bringup:/opt/ros/jazzy /usr/bin/cmake --build /root/so100_ws/build/so_100_arm -- -j22 -l22
[0.941s] Invoked command in '/root/so100_ws/build/so_100_arm' returned '0': CMAKE_PREFIX_PATH=${CMAKE_PREFIX_PATH}:/root/so100_ws/install/so101_ioc:/root/so100_ws/install/so101_2dof_bringup:/root/so100_ws/install/so100_lqr:/root/so100_ws/install/so100_ioc_pipeline:/root/so100_ws/install/so100_2dof_bringup:/opt/ros/jazzy /usr/bin/cmake --build /root/so100_ws/build/so_100_arm -- -j22 -l22
[0.954s] Invoking command in '/root/so100_ws/build/so_100_arm': CMAKE_PREFIX_PATH=${CMAKE_PREFIX_PATH}:/root/so100_ws/install/so101_ioc:/root/so100_ws/install/so101_2dof_bringup:/root/so100_ws/install/so100_lqr:/root/so100_ws/install/so100_ioc_pipeline:/root/so100_ws/install/so100_2dof_bringup:/opt/ros/jazzy /usr/bin/cmake --install /root/so100_ws/build/so_100_arm
[0.966s] -- Install configuration: ""
[0.966s] -- Up-to-date: /root/so100_ws/install/so_100_arm/share/so_100_arm/models
[0.967s] -- Up-to-date: /root/so100_ws/install/so_100_arm/share/so_100_arm/models/so_100_arm_5dof
[0.968s] -- Up-to-date: /root/so100_ws/install/so_100_arm/share/so_100_arm/models/so_100_arm_5dof/meshes
[0.968s] -- Up-to-date: /root/so100_ws/install/so_100_arm/share/so_100_arm/models/so_100_arm_5dof/meshes/Upper_Arm.STL
[0.968s] -- Up-to-date: /root/so100_ws/install/so_100_arm/share/so_100_arm/models/so_100_arm_5dof/meshes/Fixed_Gripper.STL
[0.968s] -- Up-to-date: /root/so100_ws/install/so_100_arm/share/so_100_arm/models/so_100_arm_5dof/meshes/Wrist_Pitch_Roll.STL
[0.968s] -- Up-to-date: /root/so100_ws/install/so_100_arm/share/so_100_arm/models/so_100_arm_5dof/meshes/Moving_Jaw.STL
[0.968s] -- Up-to-date: /root/so100_ws/install/so_100_arm/share/so_100_arm/models/so_100_arm_5dof/meshes/Base.STL
[0.968s] -- Up-to-date: /root/so100_ws/install/so_100_arm/share/so_100_arm/models/so_100_arm_5dof/meshes/Lower_Arm.STL
[0.968s] -- Up-to-date: /root/so100_ws/install/so_100_arm/share/so_100_arm/models/so_100_arm_5dof/meshes/Shoulder_Rotation_Pitch.STL
[0.968s] -- Up-to-date: /root/so100_ws/install/so_100_arm/share/so_100_arm/models/so_100_arm_5dof/model.config
[0.968s] -- Up-to-date: /root/so100_ws/install/so_100_arm/share/so_100_arm/urdf
[0.969s] -- Up-to-date: /root/so100_ws/install/so_100_arm/share/so_100_arm/urdf/so_100_arm_5dof.urdf
[0.969s] -- Up-to-date: /root/so100_ws/install/so_100_arm/share/so_100_arm/urdf/so_100_arm.urdf
[0.969s] -- Up-to-date: /root/so100_ws/install/so_100_arm/share/so_100_arm/urdf/so_100_arm_5dof_hardware.urdf
[0.969s] -- Up-to-date: /root/so100_ws/install/so_100_arm/share/so_100_arm/urdf/so_100_arm_5dof.csv
[0.969s] -- Up-to-date: /root/so100_ws/install/so_100_arm/share/so_100_arm/launch
[0.969s] -- Up-to-date: /root/so100_ws/install/so_100_arm/share/so_100_arm/launch/gz.launch.py
[0.969s] -- Up-to-date: /root/so100_ws/install/so_100_arm/share/so_100_arm/launch/moveit_rviz.launch.py
[0.969s] -- Up-to-date: /root/so100_ws/install/so_100_arm/share/so_100_arm/launch/setup_assistant.launch.py
[0.969s] -- Up-to-date: /root/so100_ws/install/so_100_arm/share/so_100_arm/launch/move_group.launch.py
[0.970s] -- Up-to-date: /root/so100_ws/install/so_100_arm/share/so_100_arm/launch/spawn_controllers.launch.py
[0.970s] -- Up-to-date: /root/so100_ws/install/so_100_arm/share/so_100_arm/launch/joint_state_pub_guilaunch.py
[0.970s] -- Up-to-date: /root/so100_ws/install/so_100_arm/share/so_100_arm/launch/rsp.launch.py
[0.970s] -- Up-to-date: /root/so100_ws/install/so_100_arm/share/so_100_arm/launch/hardware.launch.py
[0.970s] -- Up-to-date: /root/so100_ws/install/so_100_arm/share/so_100_arm/launch/rviz.launch.py
[0.970s] -- Up-to-date: /root/so100_ws/install/so_100_arm/share/so_100_arm/launch/moveit.launch.py
[0.970s] -- Up-to-date: /root/so100_ws/install/so_100_arm/share/so_100_arm/launch/static_virtual_joint_tfs.launch.py
[0.971s] -- Up-to-date: /root/so100_ws/install/so_100_arm/share/so_100_arm/config
[0.971s] -- Up-to-date: /root/so100_ws/install/so_100_arm/share/so_100_arm/config/pilz_cartesian_limits.yaml
[0.971s] -- Up-to-date: /root/so100_ws/install/so_100_arm/share/so_100_arm/config/controllers_5dof.yaml
[0.971s] -- Up-to-date: /root/so100_ws/install/so_100_arm/share/so_100_arm/config/initial_positions.yaml
[0.971s] -- Up-to-date: /root/so100_ws/install/so_100_arm/share/so_100_arm/config/so_100_arm.urdf.xacro
[0.971s] -- Up-to-date: /root/so100_ws/install/so_100_arm/share/so_100_arm/config/so_100_arm.ros2_control.xacro
[0.971s] -- Up-to-date: /root/so100_ws/install/so_100_arm/share/so_100_arm/config/controllers.yaml
[0.971s] -- Up-to-date: /root/so100_ws/install/so_100_arm/share/so_100_arm/config/joint_limits.yaml
[0.971s] -- Up-to-date: /root/so100_ws/install/so_100_arm/share/so_100_arm/config/so_100_arm.srdf
[0.971s] -- Up-to-date: /root/so100_ws/install/so_100_arm/share/so_100_arm/config/ros2_controllers.yaml
[0.971s] -- Up-to-date: /root/so100_ws/install/so_100_arm/share/so_100_arm/config/kinematics.yaml
[0.971s] -- Up-to-date: /root/so100_ws/install/so_100_arm/share/so_100_arm/config/moveit_controllers.yaml
[0.971s] -- Up-to-date: /root/so100_ws/install/so_100_arm/share/so_100_arm/config/controllers_7dof.yaml
[0.971s] -- Up-to-date: /root/so100_ws/install/so_100_arm/share/so_100_arm/config/moveit.rviz
[0.971s] -- Up-to-date: /root/so100_ws/install/so_100_arm/share/so_100_arm/config/sensors_3d.yaml
[0.971s] -- Up-to-date: /root/so100_ws/install/so_100_arm/share/so_100_arm/config/urdf.rviz
[0.971s] -- Up-to-date: /root/so100_ws/install/so_100_arm/share/so_100_arm/.setup_assistant
[0.972s] -- Up-to-date: /root/so100_ws/install/so_100_arm/share/ament_index/resource_index/package_run_dependencies/so_100_arm
[0.972s] -- Up-to-date: /root/so100_ws/install/so_100_arm/share/ament_index/resource_index/parent_prefix_path/so_100_arm
[0.972s] -- Up-to-date: /root/so100_ws/install/so_100_arm/share/so_100_arm/environment/ament_prefix_path.sh
[0.972s] -- Up-to-date: /root/so100_ws/install/so_100_arm/share/so_100_arm/environment/ament_prefix_path.dsv
[0.972s] -- Up-to-date: /root/so100_ws/install/so_100_arm/share/so_100_arm/environment/path.sh
[0.972s] -- Up-to-date: /root/so100_ws/install/so_100_arm/share/so_100_arm/environment/path.dsv
[0.972s] -- Up-to-date: /root/so100_ws/install/so_100_arm/share/so_100_arm/local_setup.bash
[0.972s] -- Up-to-date: /root/so100_ws/install/so_100_arm/share/so_100_arm/local_setup.sh
[0.972s] -- Up-to-date: /root/so100_ws/install/so_100_arm/share/so_100_arm/local_setup.zsh
[0.972s] -- Up-to-date: /root/so100_ws/install/so_100_arm/share/so_100_arm/local_setup.dsv
[0.972s] -- Installing: /root/so100_ws/install/so_100_arm/share/so_100_arm/package.dsv
[0.972s] -- Up-to-date: /root/so100_ws/install/so_100_arm/share/ament_index/resource_index/packages/so_100_arm
[0.972s] -- Up-to-date: /root/so100_ws/install/so_100_arm/share/so_100_arm/cmake/so_100_armConfig.cmake
[0.972s] -- Up-to-date: /root/so100_ws/install/so_100_arm/share/so_100_arm/cmake/so_100_armConfig-version.cmake
[0.972s] -- Up-to-date: /root/so100_ws/install/so_100_arm/share/so_100_arm/package.xml
[0.972s] Invoked command in '/root/so100_ws/build/so_100_arm' returned '0': CMAKE_PREFIX_PATH=${CMAKE_PREFIX_PATH}:/root/so100_ws/install/so101_ioc:/root/so100_ws/install/so101_2dof_bringup:/root/so100_ws/install/so100_lqr:/root/so100_ws/install/so100_ioc_pipeline:/root/so100_ws/install/so100_2dof_bringup:/opt/ros/jazzy /usr/bin/cmake --install /root/so100_ws/build/so_100_arm
