running develop
Removing /root/so100_ws/install/so101_ioc/lib/python3.12/site-packages/so101-ioc.egg-link (link to .)
running egg_info
writing ../../build/so101_ioc/so101_ioc.egg-info/PKG-INFO
writing dependency_links to ../../build/so101_ioc/so101_ioc.egg-info/dependency_links.txt
writing entry points to ../../build/so101_ioc/so101_ioc.egg-info/entry_points.txt
writing requirements to ../../build/so101_ioc/so101_ioc.egg-info/requires.txt
writing top-level names to ../../build/so101_ioc/so101_ioc.egg-info/top_level.txt
reading manifest file '../../build/so101_ioc/so101_ioc.egg-info/SOURCES.txt'
writing manifest file '../../build/so101_ioc/so101_ioc.egg-info/SOURCES.txt'
running build
running build_py
copying so101_ioc/ioc_exactgrad_node.py -> /root/so100_ws/build/so101_ioc/build/lib/so101_ioc
running install
running install_lib
creating /root/so100_ws/install/so101_ioc/lib/python3.12/site-packages/so101_ioc
copying /root/so100_ws/build/so101_ioc/build/lib/so101_ioc/robot_description_relay.py -> /root/so100_ws/install/so101_ioc/lib/python3.12/site-packages/so101_ioc
copying /root/so100_ws/build/so101_ioc/build/lib/so101_ioc/ioc_exactgrad_node.py -> /root/so100_ws/install/so101_ioc/lib/python3.12/site-packages/so101_ioc
copying /root/so100_ws/build/so101_ioc/build/lib/so101_ioc/__init__.py -> /root/so100_ws/install/so101_ioc/lib/python3.12/site-packages/so101_ioc
copying /root/so100_ws/build/so101_ioc/build/lib/so101_ioc/state_logger_csv.py -> /root/so100_ws/install/so101_ioc/lib/python3.12/site-packages/so101_ioc
byte-compiling /root/so100_ws/install/so101_ioc/lib/python3.12/site-packages/so101_ioc/robot_description_relay.py to robot_description_relay.cpython-312.pyc
byte-compiling /root/so100_ws/install/so101_ioc/lib/python3.12/site-packages/so101_ioc/ioc_exactgrad_node.py to ioc_exactgrad_node.cpython-312.pyc
byte-compiling /root/so100_ws/install/so101_ioc/lib/python3.12/site-packages/so101_ioc/__init__.py to __init__.cpython-312.pyc
byte-compiling /root/so100_ws/install/so101_ioc/lib/python3.12/site-packages/so101_ioc/state_logger_csv.py to state_logger_csv.cpython-312.pyc
running install_data
copying resource/so101_ioc -> /root/so100_ws/install/so101_ioc/share/ament_index/resource_index/packages
copying package.xml -> /root/so100_ws/install/so101_ioc/share/so101_ioc
running install_egg_info
Copying ../../build/so101_ioc/so101_ioc.egg-info to /root/so100_ws/install/so101_ioc/lib/python3.12/site-packages/so101_ioc-0.0.0-py3.12.egg-info
running install_scripts
Installing ioc_exactgrad script to /root/so100_ws/install/so101_ioc/lib/so101_ioc
Installing robot_description_relay script to /root/so100_ws/install/so101_ioc/lib/so101_ioc
Installing state_logger_csv script to /root/so100_ws/install/so101_ioc/lib/so101_ioc
writing list of installed files to '/root/so100_ws/build/so101_ioc/install.log'
