[0.089s] DEBUG:colcon:Command line arguments: ['/usr/bin/colcon', 'build']
[0.089s] DEBUG:colcon:Parsed command line arguments: Namespace(log_base=None, log_level=None, verb_name='build', build_base='build', install_base='install', merge_install=False, symlink_install=False, test_result_base=None, continue_on_error=False, executor='parallel', parallel_workers=22, event_handlers=None, ignore_user_meta=False, metas=['./colcon.meta'], base_paths=['.'], packages_ignore=None, packages_ignore_regex=None, paths=None, packages_up_to=None, packages_up_to_regex=None, packages_above=None, packages_above_and_dependencies=None, packages_above_depth=None, packages_select_by_dep=None, packages_skip_by_dep=None, packages_skip_up_to=None, packages_select_build_failed=False, packages_skip_build_finished=False, packages_select_test_failures=False, packages_skip_test_passed=False, packages_select=None, packages_skip=None, packages_select_regex=None, packages_skip_regex=None, packages_start=None, packages_end=None, cmake_args=None, cmake_target=None, cmake_target_skip_unavailable=False, cmake_clean_cache=False, cmake_clean_first=False, cmake_force_configure=False, ament_cmake_args=None, catkin_cmake_args=None, catkin_skip_building_tests=False, mixin_files=None, mixin=None, verb_parser=<colcon_mixin.mixin.mixin_argument.MixinArgumentDecorator object at 0x7f1b518e19a0>, verb_extension=<colcon_core.verb.build.BuildVerb object at 0x7f1b51897470>, main=<bound method BuildVerb.main of <colcon_core.verb.build.BuildVerb object at 0x7f1b51897470>>, mixin_verb=('build',))
[0.120s] Level 1:colcon.colcon_core.package_discovery:discover_packages(colcon_meta) check parameters
[0.121s] INFO:colcon.colcon_metadata.package_discovery.colcon_meta:Using configuration from '/root/.colcon/metadata/default/Gazebo.meta'
[0.121s] INFO:colcon.colcon_metadata.package_discovery.colcon_meta:Using configuration from '/root/.colcon/metadata/default/fastdds.meta'
[0.121s] INFO:colcon.colcon_metadata.package_discovery.colcon_meta:Using configuration from '/root/.colcon/metadata/default/fastrtps.meta'
[0.121s] Level 1:colcon.colcon_core.package_discovery:discover_packages(recursive) check parameters
[0.121s] Level 1:colcon.colcon_core.package_discovery:discover_packages(ignore) check parameters
[0.121s] Level 1:colcon.colcon_core.package_discovery:discover_packages(path) check parameters
[0.121s] Level 1:colcon.colcon_core.package_discovery:discover_packages(colcon_meta) discover
[0.121s] Level 1:colcon.colcon_core.package_discovery:discover_packages(recursive) discover
[0.121s] INFO:colcon.colcon_core.package_discovery:Crawling recursively for packages in '/root/so100_ws'
[0.121s] Level 1:colcon.colcon_core.package_identification:_identify(.) by extensions ['ignore', 'ignore_ament_install']
[0.121s] Level 1:colcon.colcon_core.package_identification:_identify(.) by extension 'ignore'
[0.121s] Level 1:colcon.colcon_core.package_identification:_identify(.) by extension 'ignore_ament_install'
[0.122s] Level 1:colcon.colcon_core.package_identification:_identify(.) by extensions ['colcon_pkg']
[0.122s] Level 1:colcon.colcon_core.package_identification:_identify(.) by extension 'colcon_pkg'
[0.122s] Level 1:colcon.colcon_core.package_identification:_identify(.) by extensions ['colcon_meta']
[0.122s] Level 1:colcon.colcon_core.package_identification:_identify(.) by extension 'colcon_meta'
[0.122s] Level 1:colcon.colcon_core.package_identification:_identify(.) by extensions ['ros']
[0.122s] Level 1:colcon.colcon_core.package_identification:_identify(.) by extension 'ros'
[0.143s] Level 1:colcon.colcon_core.package_identification:_identify(.) by extensions ['cmake', 'python']
[0.143s] Level 1:colcon.colcon_core.package_identification:_identify(.) by extension 'cmake'
[0.143s] Level 1:colcon.colcon_core.package_identification:_identify(.) by extension 'python'
[0.143s] Level 1:colcon.colcon_core.package_identification:_identify(.) by extensions ['python_setup_py']
[0.143s] Level 1:colcon.colcon_core.package_identification:_identify(.) by extension 'python_setup_py'
[0.143s] Level 1:colcon.colcon_core.package_identification:_identify(build) by extensions ['ignore', 'ignore_ament_install']
[0.143s] Level 1:colcon.colcon_core.package_identification:_identify(build) by extension 'ignore'
[0.143s] Level 1:colcon.colcon_core.package_identification:_identify(build) ignored
[0.143s] Level 1:colcon.colcon_core.package_identification:_identify(install) by extensions ['ignore', 'ignore_ament_install']
[0.144s] Level 1:colcon.colcon_core.package_identification:_identify(install) by extension 'ignore'
[0.144s] Level 1:colcon.colcon_core.package_identification:_identify(install) ignored
[0.144s] Level 1:colcon.colcon_core.package_identification:_identify(ioc_results) by extensions ['ignore', 'ignore_ament_install']
[0.144s] Level 1:colcon.colcon_core.package_identification:_identify(ioc_results) by extension 'ignore'
[0.144s] Level 1:colcon.colcon_core.package_identification:_identify(ioc_results) by extension 'ignore_ament_install'
[0.144s] Level 1:colcon.colcon_core.package_identification:_identify(ioc_results) by extensions ['colcon_pkg']
[0.144s] Level 1:colcon.colcon_core.package_identification:_identify(ioc_results) by extension 'colcon_pkg'
[0.144s] Level 1:colcon.colcon_core.package_identification:_identify(ioc_results) by extensions ['colcon_meta']
[0.144s] Level 1:colcon.colcon_core.package_identification:_identify(ioc_results) by extension 'colcon_meta'
[0.144s] Level 1:colcon.colcon_core.package_identification:_identify(ioc_results) by extensions ['ros']
[0.144s] Level 1:colcon.colcon_core.package_identification:_identify(ioc_results) by extension 'ros'
[0.144s] Level 1:colcon.colcon_core.package_identification:_identify(ioc_results) by extensions ['cmake', 'python']
[0.144s] Level 1:colcon.colcon_core.package_identification:_identify(ioc_results) by extension 'cmake'
[0.144s] Level 1:colcon.colcon_core.package_identification:_identify(ioc_results) by extension 'python'
[0.144s] Level 1:colcon.colcon_core.package_identification:_identify(ioc_results) by extensions ['python_setup_py']
[0.144s] Level 1:colcon.colcon_core.package_identification:_identify(ioc_results) by extension 'python_setup_py'
[0.144s] Level 1:colcon.colcon_core.package_identification:_identify(log) by extensions ['ignore', 'ignore_ament_install']
[0.144s] Level 1:colcon.colcon_core.package_identification:_identify(log) by extension 'ignore'
[0.144s] Level 1:colcon.colcon_core.package_identification:_identify(log) ignored
[0.144s] Level 1:colcon.colcon_core.package_identification:_identify(so100_ioc) by extensions ['ignore', 'ignore_ament_install']
[0.144s] Level 1:colcon.colcon_core.package_identification:_identify(so100_ioc) by extension 'ignore'
[0.144s] Level 1:colcon.colcon_core.package_identification:_identify(so100_ioc) by extension 'ignore_ament_install'
[0.144s] Level 1:colcon.colcon_core.package_identification:_identify(so100_ioc) by extensions ['colcon_pkg']
[0.144s] Level 1:colcon.colcon_core.package_identification:_identify(so100_ioc) by extension 'colcon_pkg'
[0.144s] Level 1:colcon.colcon_core.package_identification:_identify(so100_ioc) by extensions ['colcon_meta']
[0.144s] Level 1:colcon.colcon_core.package_identification:_identify(so100_ioc) by extension 'colcon_meta'
[0.144s] Level 1:colcon.colcon_core.package_identification:_identify(so100_ioc) by extensions ['ros']
[0.144s] Level 1:colcon.colcon_core.package_identification:_identify(so100_ioc) by extension 'ros'
[0.145s] Level 1:colcon.colcon_core.package_identification:_identify(so100_ioc) by extensions ['cmake', 'python']
[0.145s] Level 1:colcon.colcon_core.package_identification:_identify(so100_ioc) by extension 'cmake'
[0.145s] Level 1:colcon.colcon_core.package_identification:_identify(so100_ioc) by extension 'python'
[0.145s] Level 1:colcon.colcon_core.package_identification:_identify(so100_ioc) by extensions ['python_setup_py']
[0.145s] Level 1:colcon.colcon_core.package_identification:_identify(so100_ioc) by extension 'python_setup_py'
[0.145s] Level 1:colcon.colcon_core.package_identification:_identify(so101_ioc) by extensions ['ignore', 'ignore_ament_install']
[0.145s] Level 1:colcon.colcon_core.package_identification:_identify(so101_ioc) by extension 'ignore'
[0.145s] Level 1:colcon.colcon_core.package_identification:_identify(so101_ioc) by extension 'ignore_ament_install'
[0.145s] Level 1:colcon.colcon_core.package_identification:_identify(so101_ioc) by extensions ['colcon_pkg']
[0.145s] Level 1:colcon.colcon_core.package_identification:_identify(so101_ioc) by extension 'colcon_pkg'
[0.145s] Level 1:colcon.colcon_core.package_identification:_identify(so101_ioc) by extensions ['colcon_meta']
[0.145s] Level 1:colcon.colcon_core.package_identification:_identify(so101_ioc) by extension 'colcon_meta'
[0.145s] Level 1:colcon.colcon_core.package_identification:_identify(so101_ioc) by extensions ['ros']
[0.145s] Level 1:colcon.colcon_core.package_identification:_identify(so101_ioc) by extension 'ros'
[0.145s] Level 1:colcon.colcon_core.package_identification:_identify(so101_ioc) by extensions ['cmake', 'python']
[0.145s] Level 1:colcon.colcon_core.package_identification:_identify(so101_ioc) by extension 'cmake'
[0.145s] Level 1:colcon.colcon_core.package_identification:_identify(so101_ioc) by extension 'python'
[0.145s] Level 1:colcon.colcon_core.package_identification:_identify(so101_ioc) by extensions ['python_setup_py']
[0.145s] Level 1:colcon.colcon_core.package_identification:_identify(so101_ioc) by extension 'python_setup_py'
[0.145s] Level 1:colcon.colcon_core.package_identification:_identify(src) by extensions ['ignore', 'ignore_ament_install']
[0.145s] Level 1:colcon.colcon_core.package_identification:_identify(src) by extension 'ignore'
[0.145s] Level 1:colcon.colcon_core.package_identification:_identify(src) by extension 'ignore_ament_install'
[0.145s] Level 1:colcon.colcon_core.package_identification:_identify(src) by extensions ['colcon_pkg']
[0.145s] Level 1:colcon.colcon_core.package_identification:_identify(src) by extension 'colcon_pkg'
[0.145s] Level 1:colcon.colcon_core.package_identification:_identify(src) by extensions ['colcon_meta']
[0.145s] Level 1:colcon.colcon_core.package_identification:_identify(src) by extension 'colcon_meta'
[0.145s] Level 1:colcon.colcon_core.package_identification:_identify(src) by extensions ['ros']
[0.145s] Level 1:colcon.colcon_core.package_identification:_identify(src) by extension 'ros'
[0.145s] Level 1:colcon.colcon_core.package_identification:_identify(src) by extensions ['cmake', 'python']
[0.145s] Level 1:colcon.colcon_core.package_identification:_identify(src) by extension 'cmake'
[0.145s] Level 1:colcon.colcon_core.package_identification:_identify(src) by extension 'python'
[0.145s] Level 1:colcon.colcon_core.package_identification:_identify(src) by extensions ['python_setup_py']
[0.145s] Level 1:colcon.colcon_core.package_identification:_identify(src) by extension 'python_setup_py'
[0.146s] Level 1:colcon.colcon_core.package_identification:_identify(src/SO-100-arm) by extensions ['ignore', 'ignore_ament_install']
[0.146s] Level 1:colcon.colcon_core.package_identification:_identify(src/SO-100-arm) by extension 'ignore'
[0.146s] Level 1:colcon.colcon_core.package_identification:_identify(src/SO-100-arm) by extension 'ignore_ament_install'
[0.146s] Level 1:colcon.colcon_core.package_identification:_identify(src/SO-100-arm) by extensions ['colcon_pkg']
[0.146s] Level 1:colcon.colcon_core.package_identification:_identify(src/SO-100-arm) by extension 'colcon_pkg'
[0.146s] Level 1:colcon.colcon_core.package_identification:_identify(src/SO-100-arm) by extensions ['colcon_meta']
[0.146s] Level 1:colcon.colcon_core.package_identification:_identify(src/SO-100-arm) by extension 'colcon_meta'
[0.146s] Level 1:colcon.colcon_core.package_identification:_identify(src/SO-100-arm) by extensions ['ros']
[0.146s] Level 1:colcon.colcon_core.package_identification:_identify(src/SO-100-arm) by extension 'ros'
[0.148s] DEBUG:colcon.colcon_core.package_identification:Package 'src/SO-100-arm' with type 'ros.ament_cmake' and name 'so_100_arm'
[0.148s] Level 1:colcon.colcon_core.package_identification:_identify(src/so100_2dof_bringup) by extensions ['ignore', 'ignore_ament_install']
[0.148s] Level 1:colcon.colcon_core.package_identification:_identify(src/so100_2dof_bringup) by extension 'ignore'
[0.148s] Level 1:colcon.colcon_core.package_identification:_identify(src/so100_2dof_bringup) by extension 'ignore_ament_install'
[0.148s] Level 1:colcon.colcon_core.package_identification:_identify(src/so100_2dof_bringup) by extensions ['colcon_pkg']
[0.148s] Level 1:colcon.colcon_core.package_identification:_identify(src/so100_2dof_bringup) by extension 'colcon_pkg'
[0.148s] Level 1:colcon.colcon_core.package_identification:_identify(src/so100_2dof_bringup) by extensions ['colcon_meta']
[0.148s] Level 1:colcon.colcon_core.package_identification:_identify(src/so100_2dof_bringup) by extension 'colcon_meta'
[0.148s] Level 1:colcon.colcon_core.package_identification:_identify(src/so100_2dof_bringup) by extensions ['ros']
[0.148s] Level 1:colcon.colcon_core.package_identification:_identify(src/so100_2dof_bringup) by extension 'ros'
[0.149s] DEBUG:colcon.colcon_core.package_identification:Package 'src/so100_2dof_bringup' with type 'ros.ament_python' and name 'so100_2dof_bringup'
[0.149s] Level 1:colcon.colcon_core.package_identification:_identify(src/so100_ioc_pipeline) by extensions ['ignore', 'ignore_ament_install']
[0.149s] Level 1:colcon.colcon_core.package_identification:_identify(src/so100_ioc_pipeline) by extension 'ignore'
[0.149s] Level 1:colcon.colcon_core.package_identification:_identify(src/so100_ioc_pipeline) by extension 'ignore_ament_install'
[0.149s] Level 1:colcon.colcon_core.package_identification:_identify(src/so100_ioc_pipeline) by extensions ['colcon_pkg']
[0.149s] Level 1:colcon.colcon_core.package_identification:_identify(src/so100_ioc_pipeline) by extension 'colcon_pkg'
[0.149s] Level 1:colcon.colcon_core.package_identification:_identify(src/so100_ioc_pipeline) by extensions ['colcon_meta']
[0.149s] Level 1:colcon.colcon_core.package_identification:_identify(src/so100_ioc_pipeline) by extension 'colcon_meta'
[0.149s] Level 1:colcon.colcon_core.package_identification:_identify(src/so100_ioc_pipeline) by extensions ['ros']
[0.149s] Level 1:colcon.colcon_core.package_identification:_identify(src/so100_ioc_pipeline) by extension 'ros'
[0.149s] DEBUG:colcon.colcon_core.package_identification:Package 'src/so100_ioc_pipeline' with type 'ros.ament_python' and name 'so100_ioc_pipeline'
[0.149s] Level 1:colcon.colcon_core.package_identification:_identify(src/so100_lqr) by extensions ['ignore', 'ignore_ament_install']
[0.149s] Level 1:colcon.colcon_core.package_identification:_identify(src/so100_lqr) by extension 'ignore'
[0.149s] Level 1:colcon.colcon_core.package_identification:_identify(src/so100_lqr) by extension 'ignore_ament_install'
[0.149s] Level 1:colcon.colcon_core.package_identification:_identify(src/so100_lqr) by extensions ['colcon_pkg']
[0.150s] Level 1:colcon.colcon_core.package_identification:_identify(src/so100_lqr) by extension 'colcon_pkg'
[0.150s] Level 1:colcon.colcon_core.package_identification:_identify(src/so100_lqr) by extensions ['colcon_meta']
[0.150s] Level 1:colcon.colcon_core.package_identification:_identify(src/so100_lqr) by extension 'colcon_meta'
[0.150s] Level 1:colcon.colcon_core.package_identification:_identify(src/so100_lqr) by extensions ['ros']
[0.150s] Level 1:colcon.colcon_core.package_identification:_identify(src/so100_lqr) by extension 'ros'
[0.150s] DEBUG:colcon.colcon_core.package_identification:Package 'src/so100_lqr' with type 'ros.ament_python' and name 'so100_lqr'
[0.150s] Level 1:colcon.colcon_core.package_identification:_identify(src/so101_2dof_bringup) by extensions ['ignore', 'ignore_ament_install']
[0.150s] Level 1:colcon.colcon_core.package_identification:_identify(src/so101_2dof_bringup) by extension 'ignore'
[0.150s] Level 1:colcon.colcon_core.package_identification:_identify(src/so101_2dof_bringup) by extension 'ignore_ament_install'
[0.150s] Level 1:colcon.colcon_core.package_identification:_identify(src/so101_2dof_bringup) by extensions ['colcon_pkg']
[0.150s] Level 1:colcon.colcon_core.package_identification:_identify(src/so101_2dof_bringup) by extension 'colcon_pkg'
[0.150s] Level 1:colcon.colcon_core.package_identification:_identify(src/so101_2dof_bringup) by extensions ['colcon_meta']
[0.150s] Level 1:colcon.colcon_core.package_identification:_identify(src/so101_2dof_bringup) by extension 'colcon_meta'
[0.150s] Level 1:colcon.colcon_core.package_identification:_identify(src/so101_2dof_bringup) by extensions ['ros']
[0.150s] Level 1:colcon.colcon_core.package_identification:_identify(src/so101_2dof_bringup) by extension 'ros'
[0.151s] DEBUG:colcon.colcon_core.package_identification:Package 'src/so101_2dof_bringup' with type 'ros.ament_python' and name 'so101_2dof_bringup'
[0.151s] Level 1:colcon.colcon_core.package_identification:_identify(src/so101_ioc) by extensions ['ignore', 'ignore_ament_install']
[0.151s] Level 1:colcon.colcon_core.package_identification:_identify(src/so101_ioc) by extension 'ignore'
[0.151s] Level 1:colcon.colcon_core.package_identification:_identify(src/so101_ioc) by extension 'ignore_ament_install'
[0.151s] Level 1:colcon.colcon_core.package_identification:_identify(src/so101_ioc) by extensions ['colcon_pkg']
[0.151s] Level 1:colcon.colcon_core.package_identification:_identify(src/so101_ioc) by extension 'colcon_pkg'
[0.151s] Level 1:colcon.colcon_core.package_identification:_identify(src/so101_ioc) by extensions ['colcon_meta']
[0.151s] Level 1:colcon.colcon_core.package_identification:_identify(src/so101_ioc) by extension 'colcon_meta'
[0.151s] Level 1:colcon.colcon_core.package_identification:_identify(src/so101_ioc) by extensions ['ros']
[0.151s] Level 1:colcon.colcon_core.package_identification:_identify(src/so101_ioc) by extension 'ros'
[0.151s] DEBUG:colcon.colcon_core.package_identification:Package 'src/so101_ioc' with type 'ros.ament_python' and name 'so101_ioc'
[0.152s] Level 1:colcon.colcon_core.package_discovery:discover_packages(recursive) using defaults
[0.152s] Level 1:colcon.colcon_core.package_discovery:discover_packages(ignore) discover
[0.152s] Level 1:colcon.colcon_core.package_discovery:discover_packages(ignore) using defaults
[0.152s] Level 1:colcon.colcon_core.package_discovery:discover_packages(path) discover
[0.152s] Level 1:colcon.colcon_core.package_discovery:discover_packages(path) using defaults
[0.168s] Level 5:colcon.colcon_core.verb:set package 'so100_2dof_bringup' build argument 'cmake_args' from command line to 'None'
[0.168s] Level 5:colcon.colcon_core.verb:set package 'so100_2dof_bringup' build argument 'cmake_target' from command line to 'None'
[0.168s] Level 5:colcon.colcon_core.verb:set package 'so100_2dof_bringup' build argument 'cmake_target_skip_unavailable' from command line to 'False'
[0.168s] Level 5:colcon.colcon_core.verb:set package 'so100_2dof_bringup' build argument 'cmake_clean_cache' from command line to 'False'
[0.168s] Level 5:colcon.colcon_core.verb:set package 'so100_2dof_bringup' build argument 'cmake_clean_first' from command line to 'False'
[0.168s] Level 5:colcon.colcon_core.verb:set package 'so100_2dof_bringup' build argument 'cmake_force_configure' from command line to 'False'
[0.168s] Level 5:colcon.colcon_core.verb:set package 'so100_2dof_bringup' build argument 'ament_cmake_args' from command line to 'None'
[0.168s] Level 5:colcon.colcon_core.verb:set package 'so100_2dof_bringup' build argument 'catkin_cmake_args' from command line to 'None'
[0.168s] Level 5:colcon.colcon_core.verb:set package 'so100_2dof_bringup' build argument 'catkin_skip_building_tests' from command line to 'False'
[0.168s] DEBUG:colcon.colcon_core.verb:Building package 'so100_2dof_bringup' with the following arguments: {'ament_cmake_args': None, 'build_base': '/root/so100_ws/build/so100_2dof_bringup', 'catkin_cmake_args': None, 'catkin_skip_building_tests': False, 'cmake_args': None, 'cmake_clean_cache': False, 'cmake_clean_first': False, 'cmake_force_configure': False, 'cmake_target': None, 'cmake_target_skip_unavailable': False, 'install_base': '/root/so100_ws/install/so100_2dof_bringup', 'merge_install': False, 'path': '/root/so100_ws/src/so100_2dof_bringup', 'symlink_install': False, 'test_result_base': None}
[0.169s] Level 5:colcon.colcon_core.verb:set package 'so100_ioc_pipeline' build argument 'cmake_args' from command line to 'None'
[0.169s] Level 5:colcon.colcon_core.verb:set package 'so100_ioc_pipeline' build argument 'cmake_target' from command line to 'None'
[0.169s] Level 5:colcon.colcon_core.verb:set package 'so100_ioc_pipeline' build argument 'cmake_target_skip_unavailable' from command line to 'False'
[0.169s] Level 5:colcon.colcon_core.verb:set package 'so100_ioc_pipeline' build argument 'cmake_clean_cache' from command line to 'False'
[0.169s] Level 5:colcon.colcon_core.verb:set package 'so100_ioc_pipeline' build argument 'cmake_clean_first' from command line to 'False'
[0.169s] Level 5:colcon.colcon_core.verb:set package 'so100_ioc_pipeline' build argument 'cmake_force_configure' from command line to 'False'
[0.169s] Level 5:colcon.colcon_core.verb:set package 'so100_ioc_pipeline' build argument 'ament_cmake_args' from command line to 'None'
[0.169s] Level 5:colcon.colcon_core.verb:set package 'so100_ioc_pipeline' build argument 'catkin_cmake_args' from command line to 'None'
[0.169s] Level 5:colcon.colcon_core.verb:set package 'so100_ioc_pipeline' build argument 'catkin_skip_building_tests' from command line to 'False'
[0.169s] DEBUG:colcon.colcon_core.verb:Building package 'so100_ioc_pipeline' with the following arguments: {'ament_cmake_args': None, 'build_base': '/root/so100_ws/build/so100_ioc_pipeline', 'catkin_cmake_args': None, 'catkin_skip_building_tests': False, 'cmake_args': None, 'cmake_clean_cache': False, 'cmake_clean_first': False, 'cmake_force_configure': False, 'cmake_target': None, 'cmake_target_skip_unavailable': False, 'install_base': '/root/so100_ws/install/so100_ioc_pipeline', 'merge_install': False, 'path': '/root/so100_ws/src/so100_ioc_pipeline', 'symlink_install': False, 'test_result_base': None}
[0.169s] Level 5:colcon.colcon_core.verb:set package 'so100_lqr' build argument 'cmake_args' from command line to 'None'
[0.169s] Level 5:colcon.colcon_core.verb:set package 'so100_lqr' build argument 'cmake_target' from command line to 'None'
[0.169s] Level 5:colcon.colcon_core.verb:set package 'so100_lqr' build argument 'cmake_target_skip_unavailable' from command line to 'False'
[0.169s] Level 5:colcon.colcon_core.verb:set package 'so100_lqr' build argument 'cmake_clean_cache' from command line to 'False'
[0.169s] Level 5:colcon.colcon_core.verb:set package 'so100_lqr' build argument 'cmake_clean_first' from command line to 'False'
[0.169s] Level 5:colcon.colcon_core.verb:set package 'so100_lqr' build argument 'cmake_force_configure' from command line to 'False'
[0.169s] Level 5:colcon.colcon_core.verb:set package 'so100_lqr' build argument 'ament_cmake_args' from command line to 'None'
[0.169s] Level 5:colcon.colcon_core.verb:set package 'so100_lqr' build argument 'catkin_cmake_args' from command line to 'None'
[0.169s] Level 5:colcon.colcon_core.verb:set package 'so100_lqr' build argument 'catkin_skip_building_tests' from command line to 'False'
[0.169s] DEBUG:colcon.colcon_core.verb:Building package 'so100_lqr' with the following arguments: {'ament_cmake_args': None, 'build_base': '/root/so100_ws/build/so100_lqr', 'catkin_cmake_args': None, 'catkin_skip_building_tests': False, 'cmake_args': None, 'cmake_clean_cache': False, 'cmake_clean_first': False, 'cmake_force_configure': False, 'cmake_target': None, 'cmake_target_skip_unavailable': False, 'install_base': '/root/so100_ws/install/so100_lqr', 'merge_install': False, 'path': '/root/so100_ws/src/so100_lqr', 'symlink_install': False, 'test_result_base': None}
[0.169s] Level 5:colcon.colcon_core.verb:set package 'so101_2dof_bringup' build argument 'cmake_args' from command line to 'None'
[0.169s] Level 5:colcon.colcon_core.verb:set package 'so101_2dof_bringup' build argument 'cmake_target' from command line to 'None'
[0.169s] Level 5:colcon.colcon_core.verb:set package 'so101_2dof_bringup' build argument 'cmake_target_skip_unavailable' from command line to 'False'
[0.169s] Level 5:colcon.colcon_core.verb:set package 'so101_2dof_bringup' build argument 'cmake_clean_cache' from command line to 'False'
[0.169s] Level 5:colcon.colcon_core.verb:set package 'so101_2dof_bringup' build argument 'cmake_clean_first' from command line to 'False'
[0.169s] Level 5:colcon.colcon_core.verb:set package 'so101_2dof_bringup' build argument 'cmake_force_configure' from command line to 'False'
[0.169s] Level 5:colcon.colcon_core.verb:set package 'so101_2dof_bringup' build argument 'ament_cmake_args' from command line to 'None'
[0.169s] Level 5:colcon.colcon_core.verb:set package 'so101_2dof_bringup' build argument 'catkin_cmake_args' from command line to 'None'
[0.169s] Level 5:colcon.colcon_core.verb:set package 'so101_2dof_bringup' build argument 'catkin_skip_building_tests' from command line to 'False'
[0.169s] DEBUG:colcon.colcon_core.verb:Building package 'so101_2dof_bringup' with the following arguments: {'ament_cmake_args': None, 'build_base': '/root/so100_ws/build/so101_2dof_bringup', 'catkin_cmake_args': None, 'catkin_skip_building_tests': False, 'cmake_args': None, 'cmake_clean_cache': False, 'cmake_clean_first': False, 'cmake_force_configure': False, 'cmake_target': None, 'cmake_target_skip_unavailable': False, 'install_base': '/root/so100_ws/install/so101_2dof_bringup', 'merge_install': False, 'path': '/root/so100_ws/src/so101_2dof_bringup', 'symlink_install': False, 'test_result_base': None}
[0.169s] Level 5:colcon.colcon_core.verb:set package 'so101_ioc' build argument 'cmake_args' from command line to 'None'
[0.169s] Level 5:colcon.colcon_core.verb:set package 'so101_ioc' build argument 'cmake_target' from command line to 'None'
[0.169s] Level 5:colcon.colcon_core.verb:set package 'so101_ioc' build argument 'cmake_target_skip_unavailable' from command line to 'False'
[0.169s] Level 5:colcon.colcon_core.verb:set package 'so101_ioc' build argument 'cmake_clean_cache' from command line to 'False'
[0.169s] Level 5:colcon.colcon_core.verb:set package 'so101_ioc' build argument 'cmake_clean_first' from command line to 'False'
[0.169s] Level 5:colcon.colcon_core.verb:set package 'so101_ioc' build argument 'cmake_force_configure' from command line to 'False'
[0.169s] Level 5:colcon.colcon_core.verb:set package 'so101_ioc' build argument 'ament_cmake_args' from command line to 'None'
[0.170s] Level 5:colcon.colcon_core.verb:set package 'so101_ioc' build argument 'catkin_cmake_args' from command line to 'None'
[0.170s] Level 5:colcon.colcon_core.verb:set package 'so101_ioc' build argument 'catkin_skip_building_tests' from command line to 'False'
[0.170s] DEBUG:colcon.colcon_core.verb:Building package 'so101_ioc' with the following arguments: {'ament_cmake_args': None, 'build_base': '/root/so100_ws/build/so101_ioc', 'catkin_cmake_args': None, 'catkin_skip_building_tests': False, 'cmake_args': None, 'cmake_clean_cache': False, 'cmake_clean_first': False, 'cmake_force_configure': False, 'cmake_target': None, 'cmake_target_skip_unavailable': False, 'install_base': '/root/so100_ws/install/so101_ioc', 'merge_install': False, 'path': '/root/so100_ws/src/so101_ioc', 'symlink_install': False, 'test_result_base': None}
[0.170s] Level 5:colcon.colcon_core.verb:set package 'so_100_arm' build argument 'cmake_args' from command line to 'None'
[0.170s] Level 5:colcon.colcon_core.verb:set package 'so_100_arm' build argument 'cmake_target' from command line to 'None'
[0.170s] Level 5:colcon.colcon_core.verb:set package 'so_100_arm' build argument 'cmake_target_skip_unavailable' from command line to 'False'
[0.170s] Level 5:colcon.colcon_core.verb:set package 'so_100_arm' build argument 'cmake_clean_cache' from command line to 'False'
[0.170s] Level 5:colcon.colcon_core.verb:set package 'so_100_arm' build argument 'cmake_clean_first' from command line to 'False'
[0.170s] Level 5:colcon.colcon_core.verb:set package 'so_100_arm' build argument 'cmake_force_configure' from command line to 'False'
[0.170s] Level 5:colcon.colcon_core.verb:set package 'so_100_arm' build argument 'ament_cmake_args' from command line to 'None'
[0.170s] Level 5:colcon.colcon_core.verb:set package 'so_100_arm' build argument 'catkin_cmake_args' from command line to 'None'
[0.170s] Level 5:colcon.colcon_core.verb:set package 'so_100_arm' build argument 'catkin_skip_building_tests' from command line to 'False'
[0.170s] DEBUG:colcon.colcon_core.verb:Building package 'so_100_arm' with the following arguments: {'ament_cmake_args': None, 'build_base': '/root/so100_ws/build/so_100_arm', 'catkin_cmake_args': None, 'catkin_skip_building_tests': False, 'cmake_args': None, 'cmake_clean_cache': False, 'cmake_clean_first': False, 'cmake_force_configure': False, 'cmake_target': None, 'cmake_target_skip_unavailable': False, 'install_base': '/root/so100_ws/install/so_100_arm', 'merge_install': False, 'path': '/root/so100_ws/src/SO-100-arm', 'symlink_install': False, 'test_result_base': None}
[0.170s] INFO:colcon.colcon_core.executor:Executing jobs using 'parallel' executor
[0.171s] DEBUG:colcon.colcon_parallel_executor.executor.parallel:run_until_complete
[0.171s] INFO:colcon.colcon_ros.task.ament_python.build:Building ROS package in '/root/so100_ws/src/so100_2dof_bringup' with build type 'ament_python'
[0.171s] Level 1:colcon.colcon_core.shell:create_environment_hook('so100_2dof_bringup', 'ament_prefix_path')
[0.173s] INFO:colcon.colcon_core.plugin_system:Skipping extension 'colcon_core.shell.bat': Not used on non-Windows systems
[0.173s] INFO:colcon.colcon_core.shell:Creating environment hook '/root/so100_ws/install/so100_2dof_bringup/share/so100_2dof_bringup/hook/ament_prefix_path.ps1'
[0.173s] INFO:colcon.colcon_core.shell:Creating environment descriptor '/root/so100_ws/install/so100_2dof_bringup/share/so100_2dof_bringup/hook/ament_prefix_path.dsv'
[0.174s] INFO:colcon.colcon_core.shell:Creating environment hook '/root/so100_ws/install/so100_2dof_bringup/share/so100_2dof_bringup/hook/ament_prefix_path.sh'
[0.174s] INFO:colcon.colcon_core.shell:Skip shell extension 'powershell' for command environment: Not usable outside of PowerShell
[0.174s] DEBUG:colcon.colcon_core.shell:Skip shell extension 'dsv' for command environment
[0.178s] INFO:colcon.colcon_ros.task.ament_python.build:Building ROS package in '/root/so100_ws/src/so100_ioc_pipeline' with build type 'ament_python'
[0.178s] Level 1:colcon.colcon_core.shell:create_environment_hook('so100_ioc_pipeline', 'ament_prefix_path')
[0.179s] INFO:colcon.colcon_core.shell:Creating environment hook '/root/so100_ws/install/so100_ioc_pipeline/share/so100_ioc_pipeline/hook/ament_prefix_path.ps1'
[0.179s] INFO:colcon.colcon_core.shell:Creating environment descriptor '/root/so100_ws/install/so100_ioc_pipeline/share/so100_ioc_pipeline/hook/ament_prefix_path.dsv'
[0.179s] INFO:colcon.colcon_core.shell:Creating environment hook '/root/so100_ws/install/so100_ioc_pipeline/share/so100_ioc_pipeline/hook/ament_prefix_path.sh'
[0.180s] INFO:colcon.colcon_core.shell:Skip shell extension 'powershell' for command environment: Not usable outside of PowerShell
[0.180s] DEBUG:colcon.colcon_core.shell:Skip shell extension 'dsv' for command environment
[0.183s] INFO:colcon.colcon_ros.task.ament_python.build:Building ROS package in '/root/so100_ws/src/so100_lqr' with build type 'ament_python'
[0.183s] Level 1:colcon.colcon_core.shell:create_environment_hook('so100_lqr', 'ament_prefix_path')
[0.183s] INFO:colcon.colcon_core.shell:Creating environment hook '/root/so100_ws/install/so100_lqr/share/so100_lqr/hook/ament_prefix_path.ps1'
[0.184s] INFO:colcon.colcon_core.shell:Creating environment descriptor '/root/so100_ws/install/so100_lqr/share/so100_lqr/hook/ament_prefix_path.dsv'
[0.184s] INFO:colcon.colcon_core.shell:Creating environment hook '/root/so100_ws/install/so100_lqr/share/so100_lqr/hook/ament_prefix_path.sh'
[0.184s] INFO:colcon.colcon_core.shell:Skip shell extension 'powershell' for command environment: Not usable outside of PowerShell
[0.185s] DEBUG:colcon.colcon_core.shell:Skip shell extension 'dsv' for command environment
[0.188s] INFO:colcon.colcon_ros.task.ament_python.build:Building ROS package in '/root/so100_ws/src/so101_2dof_bringup' with build type 'ament_python'
[0.188s] Level 1:colcon.colcon_core.shell:create_environment_hook('so101_2dof_bringup', 'ament_prefix_path')
[0.188s] INFO:colcon.colcon_core.shell:Creating environment hook '/root/so100_ws/install/so101_2dof_bringup/share/so101_2dof_bringup/hook/ament_prefix_path.ps1'
[0.189s] INFO:colcon.colcon_core.shell:Creating environment descriptor '/root/so100_ws/install/so101_2dof_bringup/share/so101_2dof_bringup/hook/ament_prefix_path.dsv'
[0.189s] INFO:colcon.colcon_core.shell:Creating environment hook '/root/so100_ws/install/so101_2dof_bringup/share/so101_2dof_bringup/hook/ament_prefix_path.sh'
[0.189s] INFO:colcon.colcon_core.shell:Skip shell extension 'powershell' for command environment: Not usable outside of PowerShell
[0.189s] DEBUG:colcon.colcon_core.shell:Skip shell extension 'dsv' for command environment
[0.192s] INFO:colcon.colcon_ros.task.ament_python.build:Building ROS package in '/root/so100_ws/src/so101_ioc' with build type 'ament_python'
[0.192s] Level 1:colcon.colcon_core.shell:create_environment_hook('so101_ioc', 'ament_prefix_path')
[0.193s] INFO:colcon.colcon_core.shell:Creating environment hook '/root/so100_ws/install/so101_ioc/share/so101_ioc/hook/ament_prefix_path.ps1'
[0.193s] INFO:colcon.colcon_core.shell:Creating environment descriptor '/root/so100_ws/install/so101_ioc/share/so101_ioc/hook/ament_prefix_path.dsv'
[0.193s] INFO:colcon.colcon_core.shell:Creating environment hook '/root/so100_ws/install/so101_ioc/share/so101_ioc/hook/ament_prefix_path.sh'
[0.194s] INFO:colcon.colcon_core.shell:Skip shell extension 'powershell' for command environment: Not usable outside of PowerShell
[0.194s] DEBUG:colcon.colcon_core.shell:Skip shell extension 'dsv' for command environment
[0.197s] INFO:colcon.colcon_ros.task.ament_cmake.build:Building ROS package in '/root/so100_ws/src/SO-100-arm' with build type 'ament_cmake'
[0.197s] INFO:colcon.colcon_cmake.task.cmake.build:Building CMake package in '/root/so100_ws/src/SO-100-arm'
[0.197s] INFO:colcon.colcon_core.shell:Skip shell extension 'powershell' for command environment: Not usable outside of PowerShell
[0.197s] DEBUG:colcon.colcon_core.shell:Skip shell extension 'dsv' for command environment
[0.372s] INFO:colcon.colcon_core.task.python.build:Building Python package in '/root/so100_ws/src/so100_2dof_bringup'
[0.372s] INFO:colcon.colcon_core.shell:Skip shell extension 'powershell' for command environment: Not usable outside of PowerShell
[0.372s] DEBUG:colcon.colcon_core.shell:Skip shell extension 'dsv' for command environment
[0.547s] INFO:colcon.colcon_core.task.python.build:Building Python package in '/root/so100_ws/src/so100_ioc_pipeline'
[0.548s] INFO:colcon.colcon_core.shell:Skip shell extension 'powershell' for command environment: Not usable outside of PowerShell
[0.548s] DEBUG:colcon.colcon_core.shell:Skip shell extension 'dsv' for command environment
[0.723s] INFO:colcon.colcon_core.task.python.build:Building Python package in '/root/so100_ws/src/so100_lqr'
[0.724s] INFO:colcon.colcon_core.shell:Skip shell extension 'powershell' for command environment: Not usable outside of PowerShell
[0.724s] DEBUG:colcon.colcon_core.shell:Skip shell extension 'dsv' for command environment
[0.894s] INFO:colcon.colcon_core.task.python.build:Building Python package in '/root/so100_ws/src/so101_2dof_bringup'
[0.894s] INFO:colcon.colcon_core.shell:Skip shell extension 'powershell' for command environment: Not usable outside of PowerShell
[0.894s] DEBUG:colcon.colcon_core.shell:Skip shell extension 'dsv' for command environment
[1.071s] INFO:colcon.colcon_core.task.python.build:Building Python package in '/root/so100_ws/src/so101_ioc'
[1.071s] INFO:colcon.colcon_core.shell:Skip shell extension 'powershell' for command environment: Not usable outside of PowerShell
[1.071s] DEBUG:colcon.colcon_core.shell:Skip shell extension 'dsv' for command environment
[1.087s] DEBUG:colcon.colcon_core.event_handler.log_command:Invoking command in '/root/so100_ws/build/so_100_arm': CMAKE_PREFIX_PATH=${CMAKE_PREFIX_PATH}:/root/so100_ws/install/so101_ioc:/root/so100_ws/install/so101_2dof_bringup:/root/so100_ws/install/so100_lqr:/root/so100_ws/install/so100_ioc_pipeline:/root/so100_ws/install/so100_2dof_bringup:/opt/ros/jazzy /usr/bin/cmake --build /root/so100_ws/build/so_100_arm -- -j22 -l22
[1.139s] DEBUG:colcon.colcon_core.event_handler.log_command:Invoked command in '/root/so100_ws/build/so_100_arm' returned '0': CMAKE_PREFIX_PATH=${CMAKE_PREFIX_PATH}:/root/so100_ws/install/so101_ioc:/root/so100_ws/install/so101_2dof_bringup:/root/so100_ws/install/so100_lqr:/root/so100_ws/install/so100_ioc_pipeline:/root/so100_ws/install/so100_2dof_bringup:/opt/ros/jazzy /usr/bin/cmake --build /root/so100_ws/build/so_100_arm -- -j22 -l22
[1.151s] DEBUG:colcon.colcon_core.event_handler.log_command:Invoking command in '/root/so100_ws/build/so_100_arm': CMAKE_PREFIX_PATH=${CMAKE_PREFIX_PATH}:/root/so100_ws/install/so101_ioc:/root/so100_ws/install/so101_2dof_bringup:/root/so100_ws/install/so100_lqr:/root/so100_ws/install/so100_ioc_pipeline:/root/so100_ws/install/so100_2dof_bringup:/opt/ros/jazzy /usr/bin/cmake --install /root/so100_ws/build/so_100_arm
[1.167s] Level 1:colcon.colcon_core.environment:create_environment_scripts_only(so_100_arm)
[1.169s] DEBUG:colcon.colcon_core.event_handler.log_command:Invoked command in '/root/so100_ws/build/so_100_arm' returned '0': CMAKE_PREFIX_PATH=${CMAKE_PREFIX_PATH}:/root/so100_ws/install/so101_ioc:/root/so100_ws/install/so101_2dof_bringup:/root/so100_ws/install/so100_lqr:/root/so100_ws/install/so100_ioc_pipeline:/root/so100_ws/install/so100_2dof_bringup:/opt/ros/jazzy /usr/bin/cmake --install /root/so100_ws/build/so_100_arm
[1.172s] Level 1:colcon.colcon_core.environment:checking '/root/so100_ws/install/so_100_arm' for CMake module files
[1.172s] Level 1:colcon.colcon_core.environment:checking '/root/so100_ws/install/so_100_arm' for CMake config files
[1.173s] Level 1:colcon.colcon_core.shell:create_environment_hook('so_100_arm', 'cmake_prefix_path')
[1.173s] INFO:colcon.colcon_core.shell:Creating environment hook '/root/so100_ws/install/so_100_arm/share/so_100_arm/hook/cmake_prefix_path.ps1'
[1.174s] INFO:colcon.colcon_core.shell:Creating environment descriptor '/root/so100_ws/install/so_100_arm/share/so_100_arm/hook/cmake_prefix_path.dsv'
[1.174s] INFO:colcon.colcon_core.shell:Creating environment hook '/root/so100_ws/install/so_100_arm/share/so_100_arm/hook/cmake_prefix_path.sh'
[1.175s] Level 1:colcon.colcon_core.environment:checking '/root/so100_ws/install/so_100_arm/bin'
[1.175s] Level 1:colcon.colcon_core.environment:checking '/root/so100_ws/install/so_100_arm/lib/pkgconfig/so_100_arm.pc'
[1.175s] Level 1:colcon.colcon_core.environment:checking '/root/so100_ws/install/so_100_arm/lib/python3.12/site-packages'
[1.175s] Level 1:colcon.colcon_core.environment:checking '/root/so100_ws/install/so_100_arm/bin'
[1.176s] INFO:colcon.colcon_core.shell:Creating package script '/root/so100_ws/install/so_100_arm/share/so_100_arm/package.ps1'
[1.176s] INFO:colcon.colcon_core.shell:Creating package descriptor '/root/so100_ws/install/so_100_arm/share/so_100_arm/package.dsv'
[1.177s] INFO:colcon.colcon_core.shell:Creating package script '/root/so100_ws/install/so_100_arm/share/so_100_arm/package.sh'
[1.177s] INFO:colcon.colcon_core.shell:Creating package script '/root/so100_ws/install/so_100_arm/share/so_100_arm/package.bash'
[1.178s] INFO:colcon.colcon_core.shell:Creating package script '/root/so100_ws/install/so_100_arm/share/so_100_arm/package.zsh'
[1.178s] Level 1:colcon.colcon_core.environment:create_file_with_runtime_dependencies(/root/so100_ws/install/so_100_arm/share/colcon-core/packages/so_100_arm)
[1.179s] Level 1:colcon.colcon_core.environment:create_environment_scripts_only(so_100_arm)
[1.179s] Level 1:colcon.colcon_core.environment:checking '/root/so100_ws/install/so_100_arm' for CMake module files
[1.180s] Level 1:colcon.colcon_core.environment:checking '/root/so100_ws/install/so_100_arm' for CMake config files
[1.181s] Level 1:colcon.colcon_core.shell:create_environment_hook('so_100_arm', 'cmake_prefix_path')
[1.181s] INFO:colcon.colcon_core.shell:Creating environment hook '/root/so100_ws/install/so_100_arm/share/so_100_arm/hook/cmake_prefix_path.ps1'
[1.181s] INFO:colcon.colcon_core.shell:Creating environment descriptor '/root/so100_ws/install/so_100_arm/share/so_100_arm/hook/cmake_prefix_path.dsv'
[1.181s] INFO:colcon.colcon_core.shell:Creating environment hook '/root/so100_ws/install/so_100_arm/share/so_100_arm/hook/cmake_prefix_path.sh'
[1.182s] Level 1:colcon.colcon_core.environment:checking '/root/so100_ws/install/so_100_arm/bin'
[1.182s] Level 1:colcon.colcon_core.environment:checking '/root/so100_ws/install/so_100_arm/lib/pkgconfig/so_100_arm.pc'
[1.182s] Level 1:colcon.colcon_core.environment:checking '/root/so100_ws/install/so_100_arm/lib/python3.12/site-packages'
[1.183s] Level 1:colcon.colcon_core.environment:checking '/root/so100_ws/install/so_100_arm/bin'
[1.183s] INFO:colcon.colcon_core.shell:Creating package script '/root/so100_ws/install/so_100_arm/share/so_100_arm/package.ps1'
[1.183s] INFO:colcon.colcon_core.shell:Creating package descriptor '/root/so100_ws/install/so_100_arm/share/so_100_arm/package.dsv'
[1.184s] INFO:colcon.colcon_core.shell:Creating package script '/root/so100_ws/install/so_100_arm/share/so_100_arm/package.sh'
[1.184s] INFO:colcon.colcon_core.shell:Creating package script '/root/so100_ws/install/so_100_arm/share/so_100_arm/package.bash'
[1.184s] INFO:colcon.colcon_core.shell:Creating package script '/root/so100_ws/install/so_100_arm/share/so_100_arm/package.zsh'
[1.185s] Level 1:colcon.colcon_core.environment:create_file_with_runtime_dependencies(/root/so100_ws/install/so_100_arm/share/colcon-core/packages/so_100_arm)
[1.594s] DEBUG:colcon.colcon_core.event_handler.log_command:Invoking command in '/root/so100_ws/src/so100_lqr': PYTHONPATH=/root/so100_ws/build/so100_lqr/prefix_override:/usr/lib/python3/dist-packages/colcon_core/task/python/colcon_distutils_commands:/root/so100_ws/install/so100_lqr/lib/python3.12/site-packages:${PYTHONPATH} /usr/bin/python3 -W ignore:setup.py install is deprecated -W ignore:easy_install command is deprecated setup.py egg_info --egg-base ../../build/so100_lqr build --build-base /root/so100_ws/build/so100_lqr/build install --record /root/so100_ws/build/so100_lqr/install.log --single-version-externally-managed install_data
[1.597s] DEBUG:colcon.colcon_core.event_handler.log_command:Invoking command in '/root/so100_ws/src/so101_ioc': PYTHONPATH=/root/so100_ws/build/so101_ioc/prefix_override:/usr/lib/python3/dist-packages/colcon_core/task/python/colcon_distutils_commands:/root/so100_ws/install/so101_ioc/lib/python3.12/site-packages:${PYTHONPATH} /usr/bin/python3 -W ignore:setup.py install is deprecated -W ignore:easy_install command is deprecated setup.py egg_info --egg-base ../../build/so101_ioc build --build-base /root/so100_ws/build/so101_ioc/build install --record /root/so100_ws/build/so101_ioc/install.log --single-version-externally-managed install_data
[1.600s] DEBUG:colcon.colcon_core.event_handler.log_command:Invoking command in '/root/so100_ws/src/so100_ioc_pipeline': PYTHONPATH=/root/so100_ws/build/so100_ioc_pipeline/prefix_override:/usr/lib/python3/dist-packages/colcon_core/task/python/colcon_distutils_commands:/root/so100_ws/install/so100_ioc_pipeline/lib/python3.12/site-packages:${PYTHONPATH} /usr/bin/python3 -W ignore:setup.py install is deprecated -W ignore:easy_install command is deprecated setup.py egg_info --egg-base ../../build/so100_ioc_pipeline build --build-base /root/so100_ws/build/so100_ioc_pipeline/build install --record /root/so100_ws/build/so100_ioc_pipeline/install.log --single-version-externally-managed install_data
[1.604s] DEBUG:colcon.colcon_core.event_handler.log_command:Invoking command in '/root/so100_ws/src/so101_2dof_bringup': PYTHONPATH=/root/so100_ws/build/so101_2dof_bringup/prefix_override:/usr/lib/python3/dist-packages/colcon_core/task/python/colcon_distutils_commands:/root/so100_ws/install/so101_2dof_bringup/lib/python3.12/site-packages:${PYTHONPATH} /usr/bin/python3 -W ignore:setup.py install is deprecated -W ignore:easy_install command is deprecated setup.py egg_info --egg-base ../../build/so101_2dof_bringup build --build-base /root/so100_ws/build/so101_2dof_bringup/build install --record /root/so100_ws/build/so101_2dof_bringup/install.log --single-version-externally-managed install_data
[1.727s] DEBUG:colcon.colcon_core.event_handler.log_command:Invoking command in '/root/so100_ws/src/so100_2dof_bringup': PYTHONPATH=/root/so100_ws/build/so100_2dof_bringup/prefix_override:/usr/lib/python3/dist-packages/colcon_core/task/python/colcon_distutils_commands:/root/so100_ws/install/so100_2dof_bringup/lib/python3.12/site-packages:${PYTHONPATH} /usr/bin/python3 -W ignore:setup.py install is deprecated -W ignore:easy_install command is deprecated setup.py egg_info --egg-base ../../build/so100_2dof_bringup build --build-base /root/so100_ws/build/so100_2dof_bringup/build install --record /root/so100_ws/build/so100_2dof_bringup/install.log --single-version-externally-managed install_data
[2.113s] Level 1:colcon.colcon_core.environment:checking '/root/so100_ws/install/so101_ioc' for CMake module files
[2.113s] DEBUG:colcon.colcon_core.event_handler.log_command:Invoked command in '/root/so100_ws/src/so101_ioc' returned '0': PYTHONPATH=/root/so100_ws/build/so101_ioc/prefix_override:/usr/lib/python3/dist-packages/colcon_core/task/python/colcon_distutils_commands:/root/so100_ws/install/so101_ioc/lib/python3.12/site-packages:${PYTHONPATH} /usr/bin/python3 -W ignore:setup.py install is deprecated -W ignore:easy_install command is deprecated setup.py egg_info --egg-base ../../build/so101_ioc build --build-base /root/so100_ws/build/so101_ioc/build install --record /root/so100_ws/build/so101_ioc/install.log --single-version-externally-managed install_data
[2.114s] Level 1:colcon.colcon_core.environment:checking '/root/so100_ws/install/so101_ioc' for CMake config files
[2.115s] Level 1:colcon.colcon_core.environment:checking '/root/so100_ws/install/so101_ioc/lib'
[2.116s] Level 1:colcon.colcon_core.environment:checking '/root/so100_ws/install/so101_ioc/bin'
[2.116s] Level 1:colcon.colcon_core.environment:checking '/root/so100_ws/install/so101_ioc/lib/pkgconfig/so101_ioc.pc'
[2.116s] Level 1:colcon.colcon_core.environment:checking '/root/so100_ws/install/so101_ioc/lib/python3.12/site-packages'
[2.116s] Level 1:colcon.colcon_core.shell:create_environment_hook('so101_ioc', 'pythonpath')
[2.116s] INFO:colcon.colcon_core.shell:Creating environment hook '/root/so100_ws/install/so101_ioc/share/so101_ioc/hook/pythonpath.ps1'
[2.117s] INFO:colcon.colcon_core.shell:Creating environment descriptor '/root/so100_ws/install/so101_ioc/share/so101_ioc/hook/pythonpath.dsv'
[2.118s] INFO:colcon.colcon_core.shell:Creating environment hook '/root/so100_ws/install/so101_ioc/share/so101_ioc/hook/pythonpath.sh'
[2.119s] Level 1:colcon.colcon_core.environment:checking '/root/so100_ws/install/so101_ioc/bin'
[2.119s] Level 1:colcon.colcon_core.environment:create_environment_scripts_only(so101_ioc)
[2.119s] INFO:colcon.colcon_core.shell:Creating package script '/root/so100_ws/install/so101_ioc/share/so101_ioc/package.ps1'
[2.120s] INFO:colcon.colcon_core.shell:Creating package descriptor '/root/so100_ws/install/so101_ioc/share/so101_ioc/package.dsv'
[2.121s] INFO:colcon.colcon_core.shell:Creating package script '/root/so100_ws/install/so101_ioc/share/so101_ioc/package.sh'
[2.122s] INFO:colcon.colcon_core.shell:Creating package script '/root/so100_ws/install/so101_ioc/share/so101_ioc/package.bash'
[2.122s] INFO:colcon.colcon_core.shell:Creating package script '/root/so100_ws/install/so101_ioc/share/so101_ioc/package.zsh'
[2.123s] Level 1:colcon.colcon_core.environment:create_file_with_runtime_dependencies(/root/so100_ws/install/so101_ioc/share/colcon-core/packages/so101_ioc)
[2.142s] Level 1:colcon.colcon_core.environment:checking '/root/so100_ws/install/so100_lqr' for CMake module files
[2.143s] DEBUG:colcon.colcon_core.event_handler.log_command:Invoked command in '/root/so100_ws/src/so100_lqr' returned '0': PYTHONPATH=/root/so100_ws/build/so100_lqr/prefix_override:/usr/lib/python3/dist-packages/colcon_core/task/python/colcon_distutils_commands:/root/so100_ws/install/so100_lqr/lib/python3.12/site-packages:${PYTHONPATH} /usr/bin/python3 -W ignore:setup.py install is deprecated -W ignore:easy_install command is deprecated setup.py egg_info --egg-base ../../build/so100_lqr build --build-base /root/so100_ws/build/so100_lqr/build install --record /root/so100_ws/build/so100_lqr/install.log --single-version-externally-managed install_data
[2.143s] Level 1:colcon.colcon_core.environment:checking '/root/so100_ws/install/so100_lqr' for CMake config files
[2.144s] Level 1:colcon.colcon_core.environment:checking '/root/so100_ws/install/so100_lqr/lib'
[2.144s] Level 1:colcon.colcon_core.environment:checking '/root/so100_ws/install/so100_lqr/bin'
[2.144s] Level 1:colcon.colcon_core.environment:checking '/root/so100_ws/install/so100_lqr/lib/pkgconfig/so100_lqr.pc'
[2.144s] Level 1:colcon.colcon_core.environment:checking '/root/so100_ws/install/so100_lqr/lib/python3.12/site-packages'
[2.144s] Level 1:colcon.colcon_core.shell:create_environment_hook('so100_lqr', 'pythonpath')
[2.145s] INFO:colcon.colcon_core.shell:Creating environment hook '/root/so100_ws/install/so100_lqr/share/so100_lqr/hook/pythonpath.ps1'
[2.145s] INFO:colcon.colcon_core.shell:Creating environment descriptor '/root/so100_ws/install/so100_lqr/share/so100_lqr/hook/pythonpath.dsv'
[2.145s] INFO:colcon.colcon_core.shell:Creating environment hook '/root/so100_ws/install/so100_lqr/share/so100_lqr/hook/pythonpath.sh'
[2.146s] Level 1:colcon.colcon_core.environment:checking '/root/so100_ws/install/so100_lqr/bin'
[2.146s] Level 1:colcon.colcon_core.environment:create_environment_scripts_only(so100_lqr)
[2.146s] INFO:colcon.colcon_core.shell:Creating package script '/root/so100_ws/install/so100_lqr/share/so100_lqr/package.ps1'
[2.147s] INFO:colcon.colcon_core.shell:Creating package descriptor '/root/so100_ws/install/so100_lqr/share/so100_lqr/package.dsv'
[2.147s] INFO:colcon.colcon_core.shell:Creating package script '/root/so100_ws/install/so100_lqr/share/so100_lqr/package.sh'
[2.147s] INFO:colcon.colcon_core.shell:Creating package script '/root/so100_ws/install/so100_lqr/share/so100_lqr/package.bash'
[2.147s] INFO:colcon.colcon_core.shell:Creating package script '/root/so100_ws/install/so100_lqr/share/so100_lqr/package.zsh'
[2.148s] Level 1:colcon.colcon_core.environment:create_file_with_runtime_dependencies(/root/so100_ws/install/so100_lqr/share/colcon-core/packages/so100_lqr)
[2.148s] Level 1:colcon.colcon_core.environment:checking '/root/so100_ws/install/so101_2dof_bringup' for CMake module files
[2.149s] Level 1:colcon.colcon_core.environment:checking '/root/so100_ws/install/so101_2dof_bringup' for CMake config files
[2.149s] DEBUG:colcon.colcon_core.event_handler.log_command:Invoked command in '/root/so100_ws/src/so101_2dof_bringup' returned '0': PYTHONPATH=/root/so100_ws/build/so101_2dof_bringup/prefix_override:/usr/lib/python3/dist-packages/colcon_core/task/python/colcon_distutils_commands:/root/so100_ws/install/so101_2dof_bringup/lib/python3.12/site-packages:${PYTHONPATH} /usr/bin/python3 -W ignore:setup.py install is deprecated -W ignore:easy_install command is deprecated setup.py egg_info --egg-base ../../build/so101_2dof_bringup build --build-base /root/so100_ws/build/so101_2dof_bringup/build install --record /root/so100_ws/build/so101_2dof_bringup/install.log --single-version-externally-managed install_data
[2.151s] Level 1:colcon.colcon_core.environment:checking '/root/so100_ws/install/so101_2dof_bringup/lib'
[2.151s] Level 1:colcon.colcon_core.environment:checking '/root/so100_ws/install/so101_2dof_bringup/bin'
[2.151s] Level 1:colcon.colcon_core.environment:checking '/root/so100_ws/install/so101_2dof_bringup/lib/pkgconfig/so101_2dof_bringup.pc'
[2.151s] Level 1:colcon.colcon_core.environment:checking '/root/so100_ws/install/so101_2dof_bringup/lib/python3.12/site-packages'
[2.151s] Level 1:colcon.colcon_core.shell:create_environment_hook('so101_2dof_bringup', 'pythonpath')
[2.152s] INFO:colcon.colcon_core.shell:Creating environment hook '/root/so100_ws/install/so101_2dof_bringup/share/so101_2dof_bringup/hook/pythonpath.ps1'
[2.152s] INFO:colcon.colcon_core.shell:Creating environment descriptor '/root/so100_ws/install/so101_2dof_bringup/share/so101_2dof_bringup/hook/pythonpath.dsv'
[2.153s] INFO:colcon.colcon_core.shell:Creating environment hook '/root/so100_ws/install/so101_2dof_bringup/share/so101_2dof_bringup/hook/pythonpath.sh'
[2.154s] Level 1:colcon.colcon_core.environment:checking '/root/so100_ws/install/so101_2dof_bringup/bin'
[2.154s] Level 1:colcon.colcon_core.environment:create_environment_scripts_only(so101_2dof_bringup)
[2.154s] INFO:colcon.colcon_core.shell:Creating package script '/root/so100_ws/install/so101_2dof_bringup/share/so101_2dof_bringup/package.ps1'
[2.155s] INFO:colcon.colcon_core.shell:Creating package descriptor '/root/so100_ws/install/so101_2dof_bringup/share/so101_2dof_bringup/package.dsv'
[2.155s] INFO:colcon.colcon_core.shell:Creating package script '/root/so100_ws/install/so101_2dof_bringup/share/so101_2dof_bringup/package.sh'
[2.156s] INFO:colcon.colcon_core.shell:Creating package script '/root/so100_ws/install/so101_2dof_bringup/share/so101_2dof_bringup/package.bash'
[2.156s] INFO:colcon.colcon_core.shell:Creating package script '/root/so100_ws/install/so101_2dof_bringup/share/so101_2dof_bringup/package.zsh'
[2.157s] Level 1:colcon.colcon_core.environment:create_file_with_runtime_dependencies(/root/so100_ws/install/so101_2dof_bringup/share/colcon-core/packages/so101_2dof_bringup)
[2.179s] Level 1:colcon.colcon_core.environment:checking '/root/so100_ws/install/so100_ioc_pipeline' for CMake module files
[2.180s] DEBUG:colcon.colcon_core.event_handler.log_command:Invoked command in '/root/so100_ws/src/so100_ioc_pipeline' returned '0': PYTHONPATH=/root/so100_ws/build/so100_ioc_pipeline/prefix_override:/usr/lib/python3/dist-packages/colcon_core/task/python/colcon_distutils_commands:/root/so100_ws/install/so100_ioc_pipeline/lib/python3.12/site-packages:${PYTHONPATH} /usr/bin/python3 -W ignore:setup.py install is deprecated -W ignore:easy_install command is deprecated setup.py egg_info --egg-base ../../build/so100_ioc_pipeline build --build-base /root/so100_ws/build/so100_ioc_pipeline/build install --record /root/so100_ws/build/so100_ioc_pipeline/install.log --single-version-externally-managed install_data
[2.180s] Level 1:colcon.colcon_core.environment:checking '/root/so100_ws/install/so100_ioc_pipeline' for CMake config files
[2.181s] Level 1:colcon.colcon_core.environment:checking '/root/so100_ws/install/so100_ioc_pipeline/lib'
[2.181s] Level 1:colcon.colcon_core.environment:checking '/root/so100_ws/install/so100_ioc_pipeline/bin'
[2.181s] Level 1:colcon.colcon_core.environment:checking '/root/so100_ws/install/so100_ioc_pipeline/lib/pkgconfig/so100_ioc_pipeline.pc'
[2.182s] Level 1:colcon.colcon_core.environment:checking '/root/so100_ws/install/so100_ioc_pipeline/lib/python3.12/site-packages'
[2.182s] Level 1:colcon.colcon_core.shell:create_environment_hook('so100_ioc_pipeline', 'pythonpath')
[2.182s] INFO:colcon.colcon_core.shell:Creating environment hook '/root/so100_ws/install/so100_ioc_pipeline/share/so100_ioc_pipeline/hook/pythonpath.ps1'
[2.183s] INFO:colcon.colcon_core.shell:Creating environment descriptor '/root/so100_ws/install/so100_ioc_pipeline/share/so100_ioc_pipeline/hook/pythonpath.dsv'
[2.183s] INFO:colcon.colcon_core.shell:Creating environment hook '/root/so100_ws/install/so100_ioc_pipeline/share/so100_ioc_pipeline/hook/pythonpath.sh'
[2.184s] Level 1:colcon.colcon_core.environment:checking '/root/so100_ws/install/so100_ioc_pipeline/bin'
[2.184s] Level 1:colcon.colcon_core.environment:create_environment_scripts_only(so100_ioc_pipeline)
[2.184s] INFO:colcon.colcon_core.shell:Creating package script '/root/so100_ws/install/so100_ioc_pipeline/share/so100_ioc_pipeline/package.ps1'
[2.185s] INFO:colcon.colcon_core.shell:Creating package descriptor '/root/so100_ws/install/so100_ioc_pipeline/share/so100_ioc_pipeline/package.dsv'
[2.185s] INFO:colcon.colcon_core.shell:Creating package script '/root/so100_ws/install/so100_ioc_pipeline/share/so100_ioc_pipeline/package.sh'
[2.186s] INFO:colcon.colcon_core.shell:Creating package script '/root/so100_ws/install/so100_ioc_pipeline/share/so100_ioc_pipeline/package.bash'
[2.186s] INFO:colcon.colcon_core.shell:Creating package script '/root/so100_ws/install/so100_ioc_pipeline/share/so100_ioc_pipeline/package.zsh'
[2.187s] Level 1:colcon.colcon_core.environment:create_file_with_runtime_dependencies(/root/so100_ws/install/so100_ioc_pipeline/share/colcon-core/packages/so100_ioc_pipeline)
[2.300s] Level 1:colcon.colcon_core.environment:checking '/root/so100_ws/install/so100_2dof_bringup' for CMake module files
[2.301s] DEBUG:colcon.colcon_core.event_handler.log_command:Invoked command in '/root/so100_ws/src/so100_2dof_bringup' returned '0': PYTHONPATH=/root/so100_ws/build/so100_2dof_bringup/prefix_override:/usr/lib/python3/dist-packages/colcon_core/task/python/colcon_distutils_commands:/root/so100_ws/install/so100_2dof_bringup/lib/python3.12/site-packages:${PYTHONPATH} /usr/bin/python3 -W ignore:setup.py install is deprecated -W ignore:easy_install command is deprecated setup.py egg_info --egg-base ../../build/so100_2dof_bringup build --build-base /root/so100_ws/build/so100_2dof_bringup/build install --record /root/so100_ws/build/so100_2dof_bringup/install.log --single-version-externally-managed install_data
[2.301s] Level 1:colcon.colcon_core.environment:checking '/root/so100_ws/install/so100_2dof_bringup' for CMake config files
[2.302s] Level 1:colcon.colcon_core.environment:checking '/root/so100_ws/install/so100_2dof_bringup/lib'
[2.302s] Level 1:colcon.colcon_core.environment:checking '/root/so100_ws/install/so100_2dof_bringup/bin'
[2.302s] Level 1:colcon.colcon_core.environment:checking '/root/so100_ws/install/so100_2dof_bringup/lib/pkgconfig/so100_2dof_bringup.pc'
[2.302s] Level 1:colcon.colcon_core.environment:checking '/root/so100_ws/install/so100_2dof_bringup/lib/python3.12/site-packages'
[2.302s] Level 1:colcon.colcon_core.shell:create_environment_hook('so100_2dof_bringup', 'pythonpath')
[2.303s] INFO:colcon.colcon_core.shell:Creating environment hook '/root/so100_ws/install/so100_2dof_bringup/share/so100_2dof_bringup/hook/pythonpath.ps1'
[2.303s] INFO:colcon.colcon_core.shell:Creating environment descriptor '/root/so100_ws/install/so100_2dof_bringup/share/so100_2dof_bringup/hook/pythonpath.dsv'
[2.303s] INFO:colcon.colcon_core.shell:Creating environment hook '/root/so100_ws/install/so100_2dof_bringup/share/so100_2dof_bringup/hook/pythonpath.sh'
[2.304s] Level 1:colcon.colcon_core.environment:checking '/root/so100_ws/install/so100_2dof_bringup/bin'
[2.304s] Level 1:colcon.colcon_core.environment:create_environment_scripts_only(so100_2dof_bringup)
[2.304s] INFO:colcon.colcon_core.shell:Creating package script '/root/so100_ws/install/so100_2dof_bringup/share/so100_2dof_bringup/package.ps1'
[2.304s] INFO:colcon.colcon_core.shell:Creating package descriptor '/root/so100_ws/install/so100_2dof_bringup/share/so100_2dof_bringup/package.dsv'
[2.305s] INFO:colcon.colcon_core.shell:Creating package script '/root/so100_ws/install/so100_2dof_bringup/share/so100_2dof_bringup/package.sh'
[2.305s] INFO:colcon.colcon_core.shell:Creating package script '/root/so100_ws/install/so100_2dof_bringup/share/so100_2dof_bringup/package.bash'
[2.305s] INFO:colcon.colcon_core.shell:Creating package script '/root/so100_ws/install/so100_2dof_bringup/share/so100_2dof_bringup/package.zsh'
[2.306s] Level 1:colcon.colcon_core.environment:create_file_with_runtime_dependencies(/root/so100_ws/install/so100_2dof_bringup/share/colcon-core/packages/so100_2dof_bringup)
[2.306s] DEBUG:colcon.colcon_parallel_executor.executor.parallel:closing loop
[2.307s] DEBUG:colcon.colcon_parallel_executor.executor.parallel:loop closed
[2.307s] DEBUG:colcon.colcon_parallel_executor.executor.parallel:run_until_complete finished with '0'
[2.307s] DEBUG:colcon.colcon_core.event_reactor:joining thread
[2.312s] INFO:colcon.colcon_core.plugin_system:Skipping extension 'colcon_notification.desktop_notification.notify_send': Could not find 'notify-send'
[2.312s] INFO:colcon.colcon_core.plugin_system:Skipping extension 'colcon_notification.desktop_notification.terminal_notifier': Not used on non-Darwin systems
[2.312s] INFO:colcon.colcon_core.plugin_system:Skipping extension 'colcon_notification.desktop_notification.win32': Not used on non-Windows systems
[2.312s] INFO:colcon.colcon_notification.desktop_notification:Sending desktop notification using 'notify2'
[2.314s] DEBUG:colcon.colcon_notification.desktop_notification.notify2:Failed to initialize notify2: org.freedesktop.DBus.Error.Spawn.ExecFailed: /usr/bin/dbus-launch terminated abnormally without any error message
[2.314s] DEBUG:colcon.colcon_core.event_reactor:joined thread
[2.315s] INFO:colcon.colcon_core.shell:Creating prefix script '/root/so100_ws/install/local_setup.ps1'
[2.316s] INFO:colcon.colcon_core.shell:Creating prefix util module '/root/so100_ws/install/_local_setup_util_ps1.py'
[2.317s] INFO:colcon.colcon_core.shell:Creating prefix chain script '/root/so100_ws/install/setup.ps1'
[2.318s] INFO:colcon.colcon_core.shell:Creating prefix script '/root/so100_ws/install/local_setup.sh'
[2.319s] INFO:colcon.colcon_core.shell:Creating prefix util module '/root/so100_ws/install/_local_setup_util_sh.py'
[2.319s] INFO:colcon.colcon_core.shell:Creating prefix chain script '/root/so100_ws/install/setup.sh'
[2.320s] INFO:colcon.colcon_core.shell:Creating prefix script '/root/so100_ws/install/local_setup.bash'
[2.320s] INFO:colcon.colcon_core.shell:Creating prefix chain script '/root/so100_ws/install/setup.bash'
[2.321s] INFO:colcon.colcon_core.shell:Creating prefix script '/root/so100_ws/install/local_setup.zsh'
[2.321s] INFO:colcon.colcon_core.shell:Creating prefix chain script '/root/so100_ws/install/setup.zsh'
