/root/so100_ws/install/so101_ioc/lib/python3.12/site-packages/so101_ioc/robot_description_relay.py
/root/so100_ws/install/so101_ioc/lib/python3.12/site-packages/so101_ioc/ioc_exactgrad_node.py
/root/so100_ws/install/so101_ioc/lib/python3.12/site-packages/so101_ioc/__init__.py
/root/so100_ws/install/so101_ioc/lib/python3.12/site-packages/so101_ioc/state_logger_csv.py
/root/so100_ws/install/so101_ioc/lib/python3.12/site-packages/so101_ioc/__pycache__/robot_description_relay.cpython-312.pyc
/root/so100_ws/install/so101_ioc/lib/python3.12/site-packages/so101_ioc/__pycache__/ioc_exactgrad_node.cpython-312.pyc
/root/so100_ws/install/so101_ioc/lib/python3.12/site-packages/so101_ioc/__pycache__/__init__.cpython-312.pyc
/root/so100_ws/install/so101_ioc/lib/python3.12/site-packages/so101_ioc/__pycache__/state_logger_csv.cpython-312.pyc
/root/so100_ws/install/so101_ioc/share/ament_index/resource_index/packages/so101_ioc
/root/so100_ws/install/so101_ioc/share/so101_ioc/package.xml
/root/so100_ws/install/so101_ioc/lib/python3.12/site-packages/so101_ioc-0.0.0-py3.12.egg-info/entry_points.txt
/root/so100_ws/install/so101_ioc/lib/python3.12/site-packages/so101_ioc-0.0.0-py3.12.egg-info/top_level.txt
/root/so100_ws/install/so101_ioc/lib/python3.12/site-packages/so101_ioc-0.0.0-py3.12.egg-info/zip-safe
/root/so100_ws/install/so101_ioc/lib/python3.12/site-packages/so101_ioc-0.0.0-py3.12.egg-info/PKG-INFO
/root/so100_ws/install/so101_ioc/lib/python3.12/site-packages/so101_ioc-0.0.0-py3.12.egg-info/dependency_links.txt
/root/so100_ws/install/so101_ioc/lib/python3.12/site-packages/so101_ioc-0.0.0-py3.12.egg-info/SOURCES.txt
/root/so100_ws/install/so101_ioc/lib/python3.12/site-packages/so101_ioc-0.0.0-py3.12.egg-info/requires.txt
/root/so100_ws/install/so101_ioc/lib/so101_ioc/ioc_exactgrad
/root/so100_ws/install/so101_ioc/lib/so101_ioc/robot_description_relay
/root/so100_ws/install/so101_ioc/lib/so101_ioc/state_logger_csv
