[0.686s] Invoking command in '/root/so100_ws/build/so101_ioc': PYTHONPATH=/root/so100_ws/build/so101_ioc/prefix_override:/usr/lib/python3/dist-packages/colcon_core/task/python/colcon_distutils_commands:/root/so100_ws/install/so101_ioc/lib/python3.12/site-packages:${PYTHONPATH} /usr/bin/python3 -W ignore:setup.py install is deprecated -W ignore:easy_install command is deprecated setup.py develop --editable --build-directory /root/so100_ws/build/so101_ioc/build --no-deps symlink_data --force
[0.977s] running develop
[1.158s] running egg_info
[1.174s] writing so101_ioc.egg-info/PKG-INFO
[1.175s] writing dependency_links to so101_ioc.egg-info/dependency_links.txt
[1.176s] writing entry points to so101_ioc.egg-info/entry_points.txt
[1.177s] writing requirements to so101_ioc.egg-info/requires.txt
[1.177s] writing top-level names to so101_ioc.egg-info/top_level.txt
[1.211s] reading manifest file 'so101_ioc.egg-info/SOURCES.txt'
[1.212s] writing manifest file 'so101_ioc.egg-info/SOURCES.txt'
[1.231s] running build_ext
[1.232s] Creating /root/so100_ws/install/so101_ioc/lib/python3.12/site-packages/so101-ioc.egg-link (link to .)
[1.233s] Installing ioc_exactgrad script to /root/so100_ws/install/so101_ioc/lib/so101_ioc
[1.234s] Installing robot_description_relay script to /root/so100_ws/install/so101_ioc/lib/so101_ioc
[1.234s] Installing state_logger_csv script to /root/so100_ws/install/so101_ioc/lib/so101_ioc
[1.235s] 
[1.235s] Installed /root/so100_ws/build/so101_ioc
[1.235s] running symlink_data
[1.237s] symbolically linking /root/so100_ws/build/so101_ioc/resource/so101_ioc -> /root/so100_ws/install/so101_ioc/share/ament_index/resource_index/packages
[1.237s] symbolically linking /root/so100_ws/build/so101_ioc/package.xml -> /root/so100_ws/install/so101_ioc/share/so101_ioc
[1.278s] Invoked command in '/root/so100_ws/build/so101_ioc' returned '0': PYTHONPATH=/root/so100_ws/build/so101_ioc/prefix_override:/usr/lib/python3/dist-packages/colcon_core/task/python/colcon_distutils_commands:/root/so100_ws/install/so101_ioc/lib/python3.12/site-packages:${PYTHONPATH} /usr/bin/python3 -W ignore:setup.py install is deprecated -W ignore:easy_install command is deprecated setup.py develop --editable --build-directory /root/so100_ws/build/so101_ioc/build --no-deps symlink_data --force
