[0.963s] Invoking command in '/root/so100_ws/build/so_100_arm': CMAKE_PREFIX_PATH=${CMAKE_PREFIX_PATH}:/root/so100_ws/install/so101_ioc:/root/so100_ws/install/so101_2dof_bringup:/root/so100_ws/install/so100_lqr:/root/so100_ws/install/so100_ioc_pipeline:/root/so100_ws/install/so100_2dof_bringup:/opt/ros/jazzy /usr/bin/cmake --build /root/so100_ws/build/so_100_arm -- -j22 -l22
[1.087s] Invoked command in '/root/so100_ws/build/so_100_arm' returned '0': CMAKE_PREFIX_PATH=${CMAKE_PREFIX_PATH}:/root/so100_ws/install/so101_ioc:/root/so100_ws/install/so101_2dof_bringup:/root/so100_ws/install/so100_lqr:/root/so100_ws/install/so100_ioc_pipeline:/root/so100_ws/install/so100_2dof_bringup:/opt/ros/jazzy /usr/bin/cmake --build /root/so100_ws/build/so_100_arm -- -j22 -l22
[1.099s] Invoking command in '/root/so100_ws/build/so_100_arm': CMAKE_PREFIX_PATH=${CMAKE_PREFIX_PATH}:/root/so100_ws/install/so101_ioc:/root/so100_ws/install/so101_2dof_bringup:/root/so100_ws/install/so100_lqr:/root/so100_ws/install/so100_ioc_pipeline:/root/so100_ws/install/so100_2dof_bringup:/opt/ros/jazzy /usr/bin/cmake --install /root/so100_ws/build/so_100_arm
[1.107s] -- Install configuration: ""
[1.108s] -- Up-to-date: /root/so100_ws/install/so_100_arm/share/so_100_arm/models
[1.112s] -- Up-to-date: /root/so100_ws/install/so_100_arm/share/so_100_arm/models/so_100_arm_5dof
[1.113s] -- Up-to-date: /root/so100_ws/install/so_100_arm/share/so_100_arm/models/so_100_arm_5dof/meshes
[1.115s] -- Up-to-date: /root/so100_ws/install/so_100_arm/share/so_100_arm/models/so_100_arm_5dof/meshes/Upper_Arm.STL
[1.117s] -- Up-to-date: /root/so100_ws/install/so_100_arm/share/so_100_arm/models/so_100_arm_5dof/meshes/Fixed_Gripper.STL
[1.118s] -- Up-to-date: /root/so100_ws/install/so_100_arm/share/so_100_arm/models/so_100_arm_5dof/meshes/Wrist_Pitch_Roll.STL
[1.120s] -- Up-to-date: /root/so100_ws/install/so_100_arm/share/so_100_arm/models/so_100_arm_5dof/meshes/Moving_Jaw.STL
[1.121s] -- Up-to-date: /root/so100_ws/install/so_100_arm/share/so_100_arm/models/so_100_arm_5dof/meshes/Base.STL
[1.123s] -- Up-to-date: /root/so100_ws/install/so_100_arm/share/so_100_arm/models/so_100_arm_5dof/meshes/Lower_Arm.STL
[1.126s] -- Up-to-date: /root/so100_ws/install/so_100_arm/share/so_100_arm/models/so_100_arm_5dof/meshes/Shoulder_Rotation_Pitch.STL
[1.129s] -- Up-to-date: /root/so100_ws/install/so_100_arm/share/so_100_arm/models/so_100_arm_5dof/model.config
[1.130s] -- Up-to-date: /root/so100_ws/install/so_100_arm/share/so_100_arm/urdf
[1.131s] -- Up-to-date: /root/so100_ws/install/so_100_arm/share/so_100_arm/urdf/so_100_arm_5dof.urdf
[1.132s] -- Up-to-date: /root/so100_ws/install/so_100_arm/share/so_100_arm/urdf/so_100_arm.urdf
[1.133s] -- Up-to-date: /root/so100_ws/install/so_100_arm/share/so_100_arm/urdf/so_100_arm_5dof_hardware.urdf
[1.134s] -- Up-to-date: /root/so100_ws/install/so_100_arm/share/so_100_arm/urdf/so_100_arm_5dof.csv
[1.135s] -- Up-to-date: /root/so100_ws/install/so_100_arm/share/so_100_arm/launch
[1.137s] -- Up-to-date: /root/so100_ws/install/so_100_arm/share/so_100_arm/launch/gz.launch.py
[1.138s] -- Up-to-date: /root/so100_ws/install/so_100_arm/share/so_100_arm/launch/moveit_rviz.launch.py
[1.139s] -- Up-to-date: /root/so100_ws/install/so_100_arm/share/so_100_arm/launch/setup_assistant.launch.py
[1.140s] -- Up-to-date: /root/so100_ws/install/so_100_arm/share/so_100_arm/launch/move_group.launch.py
[1.141s] -- Up-to-date: /root/so100_ws/install/so_100_arm/share/so_100_arm/launch/spawn_controllers.launch.py
[1.142s] -- Up-to-date: /root/so100_ws/install/so_100_arm/share/so_100_arm/launch/joint_state_pub_guilaunch.py
[1.143s] -- Up-to-date: /root/so100_ws/install/so_100_arm/share/so_100_arm/launch/rsp.launch.py
[1.144s] -- Up-to-date: /root/so100_ws/install/so_100_arm/share/so_100_arm/launch/hardware.launch.py
[1.145s] -- Up-to-date: /root/so100_ws/install/so_100_arm/share/so_100_arm/launch/rviz.launch.py
[1.146s] -- Up-to-date: /root/so100_ws/install/so_100_arm/share/so_100_arm/launch/moveit.launch.py
[1.147s] -- Up-to-date: /root/so100_ws/install/so_100_arm/share/so_100_arm/launch/static_virtual_joint_tfs.launch.py
[1.149s] -- Up-to-date: /root/so100_ws/install/so_100_arm/share/so_100_arm/config
[1.151s] -- Up-to-date: /root/so100_ws/install/so_100_arm/share/so_100_arm/config/pilz_cartesian_limits.yaml
[1.152s] -- Up-to-date: /root/so100_ws/install/so_100_arm/share/so_100_arm/config/controllers_5dof.yaml
[1.153s] -- Up-to-date: /root/so100_ws/install/so_100_arm/share/so_100_arm/config/initial_positions.yaml
[1.154s] -- Up-to-date: /root/so100_ws/install/so_100_arm/share/so_100_arm/config/so_100_arm.urdf.xacro
[1.155s] -- Up-to-date: /root/so100_ws/install/so_100_arm/share/so_100_arm/config/so_100_arm.ros2_control.xacro
[1.156s] -- Up-to-date: /root/so100_ws/install/so_100_arm/share/so_100_arm/config/controllers.yaml
[1.157s] -- Up-to-date: /root/so100_ws/install/so_100_arm/share/so_100_arm/config/joint_limits.yaml
[1.158s] -- Up-to-date: /root/so100_ws/install/so_100_arm/share/so_100_arm/config/so_100_arm.srdf
[1.159s] -- Up-to-date: /root/so100_ws/install/so_100_arm/share/so_100_arm/config/ros2_controllers.yaml
[1.160s] -- Up-to-date: /root/so100_ws/install/so_100_arm/share/so_100_arm/config/kinematics.yaml
[1.161s] -- Up-to-date: /root/so100_ws/install/so_100_arm/share/so_100_arm/config/moveit_controllers.yaml
[1.162s] -- Up-to-date: /root/so100_ws/install/so_100_arm/share/so_100_arm/config/controllers_7dof.yaml
[1.163s] -- Up-to-date: /root/so100_ws/install/so_100_arm/share/so_100_arm/config/moveit.rviz
[1.164s] -- Up-to-date: /root/so100_ws/install/so_100_arm/share/so_100_arm/config/sensors_3d.yaml
[1.166s] -- Up-to-date: /root/so100_ws/install/so_100_arm/share/so_100_arm/config/urdf.rviz
[1.168s] -- Up-to-date: /root/so100_ws/install/so_100_arm/share/so_100_arm/.setup_assistant
[1.169s] -- Up-to-date: /root/so100_ws/install/so_100_arm/share/ament_index/resource_index/package_run_dependencies/so_100_arm
[1.173s] -- Up-to-date: /root/so100_ws/install/so_100_arm/share/ament_index/resource_index/parent_prefix_path/so_100_arm
[1.175s] -- Up-to-date: /root/so100_ws/install/so_100_arm/share/so_100_arm/environment/ament_prefix_path.sh
[1.176s] -- Up-to-date: /root/so100_ws/install/so_100_arm/share/so_100_arm/environment/ament_prefix_path.dsv
[1.177s] -- Up-to-date: /root/so100_ws/install/so_100_arm/share/so_100_arm/environment/path.sh
[1.178s] -- Up-to-date: /root/so100_ws/install/so_100_arm/share/so_100_arm/environment/path.dsv
[1.179s] -- Up-to-date: /root/so100_ws/install/so_100_arm/share/so_100_arm/local_setup.bash
[1.181s] -- Up-to-date: /root/so100_ws/install/so_100_arm/share/so_100_arm/local_setup.sh
[1.182s] -- Up-to-date: /root/so100_ws/install/so_100_arm/share/so_100_arm/local_setup.zsh
[1.183s] -- Up-to-date: /root/so100_ws/install/so_100_arm/share/so_100_arm/local_setup.dsv
[1.184s] -- Up-to-date: /root/so100_ws/install/so_100_arm/share/so_100_arm/package.dsv
[1.184s] -- Up-to-date: /root/so100_ws/install/so_100_arm/share/ament_index/resource_index/packages/so_100_arm
[1.186s] -- Up-to-date: /root/so100_ws/install/so_100_arm/share/so_100_arm/cmake/so_100_armConfig.cmake
[1.187s] -- Up-to-date: /root/so100_ws/install/so_100_arm/share/so_100_arm/cmake/so_100_armConfig-version.cmake
[1.188s] -- Up-to-date: /root/so100_ws/install/so_100_arm/share/so_100_arm/package.xml
[1.192s] Invoked command in '/root/so100_ws/build/so_100_arm' returned '0': CMAKE_PREFIX_PATH=${CMAKE_PREFIX_PATH}:/root/so100_ws/install/so101_ioc:/root/so100_ws/install/so101_2dof_bringup:/root/so100_ws/install/so100_lqr:/root/so100_ws/install/so100_ioc_pipeline:/root/so100_ws/install/so100_2dof_bringup:/opt/ros/jazzy /usr/bin/cmake --install /root/so100_ws/build/so_100_arm
